This is pdfTeX, Version 3.1415926-2.5-1.40.14 (MiKTeX 2.9) (preloaded format=latex 2014.7.7)  9 JUL 2014 10:20
entering extended mode
**wankel-motor.tex
("C:\Users\woxtrr0\Desktop\LaTeX Project\Wankelmotor Animation\wankel-motor.tex
"
LaTeX2e <2011/06/27>
Babel <v3.8m> and hyphenation patterns for english, afrikaans, ancientgreek, ar
abic, armenian, assamese, basque, bengali, bokmal, bulgarian, catalan, coptic, 
croatian, czech, danish, dutch, esperanto, estonian, farsi, finnish, french, ga
lician, german, german-x-2013-05-26, greek, gujarati, hindi, hungarian, iceland
ic, indonesian, interlingua, irish, italian, kannada, kurmanji, latin, latvian,
 lithuanian, malayalam, marathi, mongolian, mongolianlmc, monogreek, ngerman, n
german-x-2013-05-26, nynorsk, oriya, panjabi, pinyin, polish, portuguese, roman
ian, russian, sanskrit, serbian, slovak, slovenian, spanish, swedish, swissgerm
an, tamil, telugu, turkish, turkmen, ukenglish, ukrainian, uppersorbian, usengl
ishmax, welsh, loaded.
(C:\Users\woxtrr0\Desktop\LaTeX\MikTexPortable\tex\latex\base\article.cls
Document Class: article 2007/10/19 v1.4h Standard LaTeX document class
(C:\Users\woxtrr0\Desktop\LaTeX\MikTexPortable\tex\latex\base\size10.clo
File: size10.clo 2007/10/19 v1.4h Standard LaTeX file (size option)
)
\c@part=\count79
\c@section=\count80
\c@subsection=\count81
\c@subsubsection=\count82
\c@paragraph=\count83
\c@subparagraph=\count84
\c@figure=\count85
\c@table=\count86
\abovecaptionskip=\skip41
\belowcaptionskip=\skip42
\bibindent=\dimen102
)
(C:\Users\woxtrr0\Desktop\LaTeX\MikTexPortable\tex\latex\pgf\frontendlayer\tikz
.sty
(C:\Users\woxtrr0\Desktop\LaTeX\MikTexPortable\tex\latex\pgf\basiclayer\pgf.sty

(C:\Users\woxtrr0\Desktop\LaTeX\MikTexPortable\tex\latex\pgf\utilities\pgfrcs.s
ty
(C:\Users\woxtrr0\Desktop\LaTeX\MikTexPortable\tex\generic\pgf\utilities\pgfuti
l-common.tex
\pgfutil@everybye=\toks14
\pgfutil@tempdima=\dimen103
\pgfutil@tempdimb=\dimen104

(C:\Users\woxtrr0\Desktop\LaTeX\MikTexPortable\tex\generic\pgf\utilities\pgfuti
l-common-lists.tex))
(C:\Users\woxtrr0\Desktop\LaTeX\MikTexPortable\tex\generic\pgf\utilities\pgfuti
l-latex.def
\pgfutil@abb=\box26

(C:\Users\woxtrr0\Desktop\LaTeX\MikTexPortable\tex\latex\ms\everyshi.sty
Package: everyshi 2001/05/15 v3.00 EveryShipout Package (MS)
))
(C:\Users\woxtrr0\Desktop\LaTeX\MikTexPortable\tex\generic\pgf\utilities\pgfrcs
.code.tex
Package: pgfrcs 2013/12/20 v3.0.0 (rcs-revision 1.28)
))
Package: pgf 2013/12/18 v3.0.0 (rcs-revision 1.14)

(C:\Users\woxtrr0\Desktop\LaTeX\MikTexPortable\tex\latex\pgf\basiclayer\pgfcore
.sty
(C:\Users\woxtrr0\Desktop\LaTeX\MikTexPortable\tex\latex\graphics\graphicx.sty
Package: graphicx 1999/02/16 v1.0f Enhanced LaTeX Graphics (DPC,SPQR)

(C:\Users\woxtrr0\Desktop\LaTeX\MikTexPortable\tex\latex\graphics\keyval.sty
Package: keyval 1999/03/16 v1.13 key=value parser (DPC)
\KV@toks@=\toks15
)
(C:\Users\woxtrr0\Desktop\LaTeX\MikTexPortable\tex\latex\graphics\graphics.sty
Package: graphics 2009/02/05 v1.0o Standard LaTeX Graphics (DPC,SPQR)

(C:\Users\woxtrr0\Desktop\LaTeX\MikTexPortable\tex\latex\graphics\trig.sty
Package: trig 1999/03/16 v1.09 sin cos tan (DPC)
)
(C:\Users\woxtrr0\Desktop\LaTeX\MikTexPortable\tex\latex\00miktex\graphics.cfg
File: graphics.cfg 2007/01/18 v1.5 graphics configuration of teTeX/TeXLive
)
Package graphics Info: Driver file: dvips.def on input line 91.
(C:\Users\woxtrr0\Desktop\LaTeX\MikTexPortable\tex\latex\graphics\dvips.def
File: dvips.def 1999/02/16 v3.0i Driver-dependant file (DPC,SPQR)
))
\Gin@req@height=\dimen105
\Gin@req@width=\dimen106
)
(C:\Users\woxtrr0\Desktop\LaTeX\MikTexPortable\tex\latex\pgf\systemlayer\pgfsys
.sty
(C:\Users\woxtrr0\Desktop\LaTeX\MikTexPortable\tex\generic\pgf\systemlayer\pgfs
ys.code.tex
Package: pgfsys 2013/11/30 v3.0.0 (rcs-revision 1.47)

(C:\Users\woxtrr0\Desktop\LaTeX\MikTexPortable\tex\generic\pgf\utilities\pgfkey
s.code.tex
\pgfkeys@pathtoks=\toks16
\pgfkeys@temptoks=\toks17

(C:\Users\woxtrr0\Desktop\LaTeX\MikTexPortable\tex\generic\pgf\utilities\pgfkey
sfiltered.code.tex
\pgfkeys@tmptoks=\toks18
))
\pgf@x=\dimen107
\pgf@y=\dimen108
\pgf@xa=\dimen109
\pgf@ya=\dimen110
\pgf@xb=\dimen111
\pgf@yb=\dimen112
\pgf@xc=\dimen113
\pgf@yc=\dimen114
\w@pgf@writea=\write3
\r@pgf@reada=\read1
\c@pgf@counta=\count87
\c@pgf@countb=\count88
\c@pgf@countc=\count89
\c@pgf@countd=\count90
\t@pgf@toka=\toks19
\t@pgf@tokb=\toks20
\t@pgf@tokc=\toks21

(C:\Users\woxtrr0\Desktop\LaTeX\MikTexPortable\tex\generic\pgf\systemlayer\pgf.
cfg
File: pgf.cfg 2008/05/14  (rcs-revision 1.7)
)
Driver file for pgf: pgfsys-dvips.def

(C:\Users\woxtrr0\Desktop\LaTeX\MikTexPortable\tex\generic\pgf\systemlayer\pgfs
ys-dvips.def
File: pgfsys-dvips.def 2013/07/16  (rcs-revision 1.23)

(C:\Users\woxtrr0\Desktop\LaTeX\MikTexPortable\tex\generic\pgf\systemlayer\pgfs
ys-common-postscript.def
File: pgfsys-common-postscript.def 2008/10/01  (rcs-revision 1.22)
\pgf@objectcount=\count91
)))
(C:\Users\woxtrr0\Desktop\LaTeX\MikTexPortable\tex\generic\pgf\systemlayer\pgfs
yssoftpath.code.tex
File: pgfsyssoftpath.code.tex 2013/09/09  (rcs-revision 1.9)
\pgfsyssoftpath@smallbuffer@items=\count92
\pgfsyssoftpath@bigbuffer@items=\count93
)
(C:\Users\woxtrr0\Desktop\LaTeX\MikTexPortable\tex\generic\pgf\systemlayer\pgfs
ysprotocol.code.tex
File: pgfsysprotocol.code.tex 2006/10/16  (rcs-revision 1.4)
))
(C:\Users\woxtrr0\Desktop\LaTeX\MikTexPortable\tex\latex\xcolor\xcolor.sty
Package: xcolor 2007/01/21 v2.11 LaTeX color extensions (UK)

(C:\Users\woxtrr0\Desktop\LaTeX\MikTexPortable\tex\latex\00miktex\color.cfg
File: color.cfg 2007/01/18 v1.5 color configuration of teTeX/TeXLive
)
Package xcolor Info: Driver file: dvips.def on input line 225.
Package xcolor Info: Model `cmy' substituted by `cmy0' on input line 1337.
Package xcolor Info: Model `RGB' extended on input line 1353.
Package xcolor Info: Model `HTML' substituted by `rgb' on input line 1355.
Package xcolor Info: Model `Hsb' substituted by `hsb' on input line 1356.
Package xcolor Info: Model `tHsb' substituted by `hsb' on input line 1357.
Package xcolor Info: Model `HSB' substituted by `hsb' on input line 1358.
Package xcolor Info: Model `Gray' substituted by `gray' on input line 1359.
Package xcolor Info: Model `wave' substituted by `hsb' on input line 1360.
)
(C:\Users\woxtrr0\Desktop\LaTeX\MikTexPortable\tex\generic\pgf\basiclayer\pgfco
re.code.tex
Package: pgfcore 2010/04/11 v3.0.0 (rcs-revision 1.7)

(C:\Users\woxtrr0\Desktop\LaTeX\MikTexPortable\tex\generic\pgf\math\pgfmath.cod
e.tex
(C:\Users\woxtrr0\Desktop\LaTeX\MikTexPortable\tex\generic\pgf\math\pgfmathcalc
.code.tex
(C:\Users\woxtrr0\Desktop\LaTeX\MikTexPortable\tex\generic\pgf\math\pgfmathutil
.code.tex)
(C:\Users\woxtrr0\Desktop\LaTeX\MikTexPortable\tex\generic\pgf\math\pgfmathpars
er.code.tex
\pgfmath@dimen=\dimen115
\pgfmath@count=\count94
\pgfmath@box=\box27
\pgfmath@toks=\toks22
\pgfmath@stack@operand=\toks23
\pgfmath@stack@operation=\toks24
)
(C:\Users\woxtrr0\Desktop\LaTeX\MikTexPortable\tex\generic\pgf\math\pgfmathfunc
tions.code.tex
(C:\Users\woxtrr0\Desktop\LaTeX\MikTexPortable\tex\generic\pgf\math\pgfmathfunc
tions.basic.code.tex)
(C:\Users\woxtrr0\Desktop\LaTeX\MikTexPortable\tex\generic\pgf\math\pgfmathfunc
tions.trigonometric.code.tex)
(C:\Users\woxtrr0\Desktop\LaTeX\MikTexPortable\tex\generic\pgf\math\pgfmathfunc
tions.random.code.tex)
(C:\Users\woxtrr0\Desktop\LaTeX\MikTexPortable\tex\generic\pgf\math\pgfmathfunc
tions.comparison.code.tex)
(C:\Users\woxtrr0\Desktop\LaTeX\MikTexPortable\tex\generic\pgf\math\pgfmathfunc
tions.base.code.tex)
(C:\Users\woxtrr0\Desktop\LaTeX\MikTexPortable\tex\generic\pgf\math\pgfmathfunc
tions.round.code.tex)
(C:\Users\woxtrr0\Desktop\LaTeX\MikTexPortable\tex\generic\pgf\math\pgfmathfunc
tions.misc.code.tex)
(C:\Users\woxtrr0\Desktop\LaTeX\MikTexPortable\tex\generic\pgf\math\pgfmathfunc
tions.integerarithmetics.code.tex)))
(C:\Users\woxtrr0\Desktop\LaTeX\MikTexPortable\tex\generic\pgf\math\pgfmathfloa
t.code.tex
\c@pgfmathroundto@lastzeros=\count95
))
(C:\Users\woxtrr0\Desktop\LaTeX\MikTexPortable\tex\generic\pgf\basiclayer\pgfco
repoints.code.tex
File: pgfcorepoints.code.tex 2013/10/07  (rcs-revision 1.27)
\pgf@picminx=\dimen116
\pgf@picmaxx=\dimen117
\pgf@picminy=\dimen118
\pgf@picmaxy=\dimen119
\pgf@pathminx=\dimen120
\pgf@pathmaxx=\dimen121
\pgf@pathminy=\dimen122
\pgf@pathmaxy=\dimen123
\pgf@xx=\dimen124
\pgf@xy=\dimen125
\pgf@yx=\dimen126
\pgf@yy=\dimen127
\pgf@zx=\dimen128
\pgf@zy=\dimen129
)
(C:\Users\woxtrr0\Desktop\LaTeX\MikTexPortable\tex\generic\pgf\basiclayer\pgfco
repathconstruct.code.tex
File: pgfcorepathconstruct.code.tex 2013/10/07  (rcs-revision 1.29)
\pgf@path@lastx=\dimen130
\pgf@path@lasty=\dimen131
)
(C:\Users\woxtrr0\Desktop\LaTeX\MikTexPortable\tex\generic\pgf\basiclayer\pgfco
repathusage.code.tex
File: pgfcorepathusage.code.tex 2013/12/13  (rcs-revision 1.23)
\pgf@shorten@end@additional=\dimen132
\pgf@shorten@start@additional=\dimen133
)
(C:\Users\woxtrr0\Desktop\LaTeX\MikTexPortable\tex\generic\pgf\basiclayer\pgfco
rescopes.code.tex
File: pgfcorescopes.code.tex 2013/10/09  (rcs-revision 1.44)
\pgfpic=\box28
\pgf@hbox=\box29
\pgf@layerbox@main=\box30
\pgf@picture@serial@count=\count96
)
(C:\Users\woxtrr0\Desktop\LaTeX\MikTexPortable\tex\generic\pgf\basiclayer\pgfco
regraphicstate.code.tex
File: pgfcoregraphicstate.code.tex 2013/09/19  (rcs-revision 1.11)
\pgflinewidth=\dimen134
)
(C:\Users\woxtrr0\Desktop\LaTeX\MikTexPortable\tex\generic\pgf\basiclayer\pgfco
retransformations.code.tex
File: pgfcoretransformations.code.tex 2013/10/10  (rcs-revision 1.17)
\pgf@pt@x=\dimen135
\pgf@pt@y=\dimen136
\pgf@pt@temp=\dimen137
)
(C:\Users\woxtrr0\Desktop\LaTeX\MikTexPortable\tex\generic\pgf\basiclayer\pgfco
requick.code.tex
File: pgfcorequick.code.tex 2008/10/09  (rcs-revision 1.3)
)
(C:\Users\woxtrr0\Desktop\LaTeX\MikTexPortable\tex\generic\pgf\basiclayer\pgfco
reobjects.code.tex
File: pgfcoreobjects.code.tex 2006/10/11  (rcs-revision 1.2)
)
(C:\Users\woxtrr0\Desktop\LaTeX\MikTexPortable\tex\generic\pgf\basiclayer\pgfco
repathprocessing.code.tex
File: pgfcorepathprocessing.code.tex 2013/09/09  (rcs-revision 1.9)
)
(C:\Users\woxtrr0\Desktop\LaTeX\MikTexPortable\tex\generic\pgf\basiclayer\pgfco
rearrows.code.tex
File: pgfcorearrows.code.tex 2013/11/07  (rcs-revision 1.40)
\pgfarrowsep=\dimen138
)
(C:\Users\woxtrr0\Desktop\LaTeX\MikTexPortable\tex\generic\pgf\basiclayer\pgfco
reshade.code.tex
File: pgfcoreshade.code.tex 2013/07/15  (rcs-revision 1.15)
\pgf@max=\dimen139
\pgf@sys@shading@range@num=\count97
)
(C:\Users\woxtrr0\Desktop\LaTeX\MikTexPortable\tex\generic\pgf\basiclayer\pgfco
reimage.code.tex
File: pgfcoreimage.code.tex 2013/07/15  (rcs-revision 1.18)

(C:\Users\woxtrr0\Desktop\LaTeX\MikTexPortable\tex\generic\pgf\basiclayer\pgfco
reexternal.code.tex
File: pgfcoreexternal.code.tex 2013/07/15  (rcs-revision 1.20)
\pgfexternal@startupbox=\box31
))
(C:\Users\woxtrr0\Desktop\LaTeX\MikTexPortable\tex\generic\pgf\basiclayer\pgfco
relayers.code.tex
File: pgfcorelayers.code.tex 2013/07/18  (rcs-revision 1.7)
)
(C:\Users\woxtrr0\Desktop\LaTeX\MikTexPortable\tex\generic\pgf\basiclayer\pgfco
retransparency.code.tex
File: pgfcoretransparency.code.tex 2013/09/30  (rcs-revision 1.5)
)
(C:\Users\woxtrr0\Desktop\LaTeX\MikTexPortable\tex\generic\pgf\basiclayer\pgfco
repatterns.code.tex
File: pgfcorepatterns.code.tex 2013/11/07  (rcs-revision 1.5)
)))
(C:\Users\woxtrr0\Desktop\LaTeX\MikTexPortable\tex\generic\pgf\modules\pgfmodul
eshapes.code.tex
File: pgfmoduleshapes.code.tex 2013/10/31  (rcs-revision 1.34)
\pgfnodeparttextbox=\box32
)
(C:\Users\woxtrr0\Desktop\LaTeX\MikTexPortable\tex\generic\pgf\modules\pgfmodul
eplot.code.tex
File: pgfmoduleplot.code.tex 2013/07/31  (rcs-revision 1.12)
)
(C:\Users\woxtrr0\Desktop\LaTeX\MikTexPortable\tex\latex\pgf\compatibility\pgfc
omp-version-0-65.sty
Package: pgfcomp-version-0-65 2007/07/03 v3.0.0 (rcs-revision 1.7)
\pgf@nodesepstart=\dimen140
\pgf@nodesepend=\dimen141
)
(C:\Users\woxtrr0\Desktop\LaTeX\MikTexPortable\tex\latex\pgf\compatibility\pgfc
omp-version-1-18.sty
Package: pgfcomp-version-1-18 2007/07/23 v3.0.0 (rcs-revision 1.1)
))
(C:\Users\woxtrr0\Desktop\LaTeX\MikTexPortable\tex\latex\pgf\utilities\pgffor.s
ty
(C:\Users\woxtrr0\Desktop\LaTeX\MikTexPortable\tex\latex\pgf\utilities\pgfkeys.
sty
(C:\Users\woxtrr0\Desktop\LaTeX\MikTexPortable\tex\generic\pgf\utilities\pgfkey
s.code.tex))
(C:\Users\woxtrr0\Desktop\LaTeX\MikTexPortable\tex\latex\pgf\math\pgfmath.sty
(C:\Users\woxtrr0\Desktop\LaTeX\MikTexPortable\tex\generic\pgf\math\pgfmath.cod
e.tex))
(C:\Users\woxtrr0\Desktop\LaTeX\MikTexPortable\tex\generic\pgf\utilities\pgffor
.code.tex
Package: pgffor 2013/12/13 v3.0.0 (rcs-revision 1.25)

(C:\Users\woxtrr0\Desktop\LaTeX\MikTexPortable\tex\generic\pgf\math\pgfmath.cod
e.tex)
\pgffor@iter=\dimen142
\pgffor@skip=\dimen143
\pgffor@stack=\toks25
\pgffor@toks=\toks26
))
(C:\Users\woxtrr0\Desktop\LaTeX\MikTexPortable\tex\generic\pgf\frontendlayer\ti
kz\tikz.code.tex
Package: tikz 2013/12/13 v3.0.0 (rcs-revision 1.142)

(C:\Users\woxtrr0\Desktop\LaTeX\MikTexPortable\tex\generic\pgf\libraries\pgflib
raryplothandlers.code.tex
File: pgflibraryplothandlers.code.tex 2013/08/31 v3.0.0 (rcs-revision 1.20)
\pgf@plot@mark@count=\count98
\pgfplotmarksize=\dimen144
)
\tikz@lastx=\dimen145
\tikz@lasty=\dimen146
\tikz@lastxsaved=\dimen147
\tikz@lastysaved=\dimen148
\tikzleveldistance=\dimen149
\tikzsiblingdistance=\dimen150
\tikz@figbox=\box33
\tikz@figbox@bg=\box34
\tikz@tempbox=\box35
\tikz@tempbox@bg=\box36
\tikztreelevel=\count99
\tikznumberofchildren=\count100
\tikznumberofcurrentchild=\count101
\tikz@fig@count=\count102

(C:\Users\woxtrr0\Desktop\LaTeX\MikTexPortable\tex\generic\pgf\modules\pgfmodul
ematrix.code.tex
File: pgfmodulematrix.code.tex 2013/09/17  (rcs-revision 1.8)
\pgfmatrixcurrentrow=\count103
\pgfmatrixcurrentcolumn=\count104
\pgf@matrix@numberofcolumns=\count105
)
\tikz@expandcount=\count106

(C:\Users\woxtrr0\Desktop\LaTeX\MikTexPortable\tex\generic\pgf\frontendlayer\ti
kz\libraries\tikzlibrarytopaths.code.tex
File: tikzlibrarytopaths.code.tex 2008/06/17 v3.0.0 (rcs-revision 1.2)
)))
(C:\Users\woxtrr0\Desktop\LaTeX\MikTexPortable\tex\latex\tools\verbatim.sty
Package: verbatim 2003/08/22 v1.5q LaTeX2e package for verbatim enhancements
\every@verbatim=\toks27
\verbatim@line=\toks28
\verbatim@in@stream=\read2
)
(C:\Users\woxtrr0\Desktop\LaTeX\MikTexPortable\tex\latex\preview\preview.sty
Package: preview 2010/02/14 11.86 (AUCTeX/preview-latex)

(C:\Users\woxtrr0\Desktop\LaTeX\MikTexPortable\tex\latex\preview\prtightpage.de
f
\PreviewBorder=\dimen151
)
\pr@snippet=\count107
\pr@box=\box37
\pr@output=\toks29
)

LaTeX Warning: Characters dropped after `\end{comment}' on input line 25.


(C:\Users\woxtrr0\Desktop\LaTeX\MikTexPortable\tex\generic\pgf\frontendlayer\ti
kz\libraries\tikzlibrarycalc.code.tex
File: tikzlibrarycalc.code.tex 2013/07/15 v3.0.0 (rcs-revision 1.9)
)
(C:\Users\woxtrr0\Desktop\LaTeX\MikTexPortable\tex\latex\animate\animate.sty
Package: animate 2014/06/20 PDF animations from files and inline graphics

(C:\Users\woxtrr0\Desktop\LaTeX\MikTexPortable\tex\latex\base\ifthen.sty
Package: ifthen 2001/05/26 v1.1c Standard LaTeX ifthen package (DPC)
)
(C:\Users\woxtrr0\Desktop\LaTeX\MikTexPortable\tex\generic\oberdiek\ifpdf.sty
Package: ifpdf 2011/01/30 v2.3 Provides the ifpdf switch (HO)
Package ifpdf Info: pdfTeX in PDF mode is not detected.
)
(C:\Users\woxtrr0\Desktop\LaTeX\MikTexPortable\tex\generic\oberdiek\ifluatex.st
y
Package: ifluatex 2010/03/01 v1.3 Provides the ifluatex switch (HO)
Package ifluatex Info: LuaTeX not detected.
)
(C:\Users\woxtrr0\Desktop\LaTeX\MikTexPortable\tex\latex\oberdiek\ifdraft.sty
Package: ifdraft 2008/08/11 v1.3 Detect class options draft and final (HO)
)
(C:\Users\woxtrr0\Desktop\LaTeX\MikTexPortable\tex\latex\tools\calc.sty
Package: calc 2007/08/22 v4.3 Infix arithmetic (KKT,FJ)
\calc@Acount=\count108
\calc@Bcount=\count109
\calc@Adimen=\dimen152
\calc@Bdimen=\dimen153
\calc@Askip=\skip43
\calc@Bskip=\skip44
LaTeX Info: Redefining \setlength on input line 76.
LaTeX Info: Redefining \addtolength on input line 77.
\calc@Ccount=\count110
\calc@Cskip=\skip45
)
(C:\Users\woxtrr0\Desktop\LaTeX\MikTexPortable\tex\latex\oberdiek\atenddvi.sty
Package: atenddvi 2007/04/17 v1.1 At end DVI hook (HO)

(C:\Users\woxtrr0\Desktop\LaTeX\MikTexPortable\tex\latex\oberdiek\zref-abspage.
sty
Package: zref-abspage 2012/04/04 v2.24 Module abspage for zref (HO)

(C:\Users\woxtrr0\Desktop\LaTeX\MikTexPortable\tex\latex\oberdiek\zref-base.sty
Package: zref-base 2012/04/04 v2.24 Module base for zref (HO)

(C:\Users\woxtrr0\Desktop\LaTeX\MikTexPortable\tex\generic\oberdiek\ltxcmds.sty
Package: ltxcmds 2011/11/09 v1.22 LaTeX kernel commands for general use (HO)
)
(C:\Users\woxtrr0\Desktop\LaTeX\MikTexPortable\tex\generic\oberdiek\infwarerr.s
ty
Package: infwarerr 2010/04/08 v1.3 Providing info/warning/error messages (HO)
)
(C:\Users\woxtrr0\Desktop\LaTeX\MikTexPortable\tex\generic\oberdiek\kvsetkeys.s
ty
Package: kvsetkeys 2012/04/25 v1.16 Key value parser (HO)

(C:\Users\woxtrr0\Desktop\LaTeX\MikTexPortable\tex\generic\oberdiek\etexcmds.st
y
Package: etexcmds 2011/02/16 v1.5 Avoid name clashes with e-TeX commands (HO)
Package etexcmds Info: Could not find \expanded.
(etexcmds)             That can mean that you are not using pdfTeX 1.50 or
(etexcmds)             that some package has redefined \expanded.
(etexcmds)             In the latter case, load this package earlier.
))
(C:\Users\woxtrr0\Desktop\LaTeX\MikTexPortable\tex\generic\oberdiek\kvdefinekey
s.sty
Package: kvdefinekeys 2011/04/07 v1.3 Define keys (HO)
)
(C:\Users\woxtrr0\Desktop\LaTeX\MikTexPortable\tex\generic\oberdiek\pdftexcmds.
sty
Package: pdftexcmds 2011/11/29 v0.20 Utility functions of pdfTeX for LuaTeX (HO
)
Package pdftexcmds Info: LuaTeX not detected.
Package pdftexcmds Info: \pdf@primitive is available.
Package pdftexcmds Info: \pdf@ifprimitive is available.
Package pdftexcmds Info: \pdfdraftmode is ignored in DVI mode.
)
(C:\Users\woxtrr0\Desktop\LaTeX\MikTexPortable\tex\latex\oberdiek\auxhook.sty
Package: auxhook 2011/03/04 v1.3 Hooks for auxiliary files (HO)
)
Package zref Info: New property list: main on input line 759.
Package zref Info: New property: default on input line 760.
Package zref Info: New property: page on input line 761.
)
(C:\Users\woxtrr0\Desktop\LaTeX\MikTexPortable\tex\generic\oberdiek\atbegshi.st
y
Package: atbegshi 2011/10/05 v1.16 At begin shipout hook (HO)
)
\c@abspage=\count111
Package zref Info: New property: abspage on input line 62.
)
(C:\Users\woxtrr0\Desktop\LaTeX\MikTexPortable\tex\latex\oberdiek\zref-lastpage
.sty
Package: zref-lastpage 2012/04/04 v2.24 Module lastpage for zref (HO)

(C:\Users\woxtrr0\Desktop\LaTeX\MikTexPortable\tex\latex\oberdiek\atveryend.sty
Package: atveryend 2011/06/30 v1.8 Hooks at the very end of document (HO)
Package atveryend Info: \enddocument detected (standard20110627).
)
Package zref Info: New property list: LastPage on input line 55.
)) (C:\Users\woxtrr0\Desktop\LaTeX\MikTexPortable\tex\latex\animate\animfp.sty
Package: animfp 2009/07/23 fixed point addition for animate.sty
\afp@xs=\count112
\afp@xia=\count113
\afp@xib=\count114
\afp@xfa=\count115
\afp@xfb=\count116
\afp@rega=\count117
\afp@regb=\count118
\afp@regs=\count119
)
\@anim@fieldnum=\count120
\@anim@box=\box38
\@anim@tmpdima=\dimen154
\@anim@tmpdimb=\dimen155
\@anim@num=\count121
\@anim@curframe=\count122
\@anim@curframe@zb=\count123
\@anim@resize=\count124
\@anim@skipfram=\count125
\@anim@mulframecnt=\count126
\@anim@@tmlnfile=\read3
\@anim@tmpcnt=\count127
\c@@anim@ltxcnt=\count128
\@anim@curlayer=\count129
\@anim@lineno=\count130
\@anim@curfield=\count131
\@anim@begin=\toks30
\@anim@end=\toks31
) (C:\Users\woxtrr0\Desktop\LaTeX\MikTexPortable\tex\latex\fp\fp.sty
Package: fp 1995/04/02

`Fixed Point Package', Version 0.8, April 2, 1995 (C) Michael Mehlich
(C:\Users\woxtrr0\Desktop\LaTeX\MikTexPortable\tex\latex\fp\defpattern.sty
Package: defpattern 1994/10/12
\actioncount=\count132
)
(C:\Users\woxtrr0\Desktop\LaTeX\MikTexPortable\tex\latex\fp\fp-basic.sty
Package: fp-basic 1996/05/13
\FP@xs=\count133
\FP@xia=\count134
\FP@xib=\count135
\FP@xfa=\count136
\FP@xfb=\count137
\FP@rega=\count138
\FP@regb=\count139
\FP@regs=\count140
\FP@times=\count141
)
(C:\Users\woxtrr0\Desktop\LaTeX\MikTexPortable\tex\latex\fp\fp-addons.sty
Package: fp-addons 1995/03/15
)
(C:\Users\woxtrr0\Desktop\LaTeX\MikTexPortable\tex\latex\fp\fp-snap.sty
Package: fp-snap 1995/04/05
)
(C:\Users\woxtrr0\Desktop\LaTeX\MikTexPortable\tex\latex\fp\fp-exp.sty
Package: fp-exp 1995/04/03
)
(C:\Users\woxtrr0\Desktop\LaTeX\MikTexPortable\tex\latex\fp\fp-trigo.sty
Package: fp-trigo 1995/04/14
)
(C:\Users\woxtrr0\Desktop\LaTeX\MikTexPortable\tex\latex\fp\fp-pas.sty
Package: fp-pas 1994/08/29
)
(C:\Users\woxtrr0\Desktop\LaTeX\MikTexPortable\tex\latex\fp\fp-random.sty
Package: fp-random 1995/02/23
\FPseed=\count142
)
(C:\Users\woxtrr0\Desktop\LaTeX\MikTexPortable\tex\latex\fp\fp-eqn.sty
Package: fp-eqn 1995/04/03
)
(C:\Users\woxtrr0\Desktop\LaTeX\MikTexPortable\tex\latex\fp\fp-upn.sty
Package: fp-upn 1996/10/21
)
(C:\Users\woxtrr0\Desktop\LaTeX\MikTexPortable\tex\latex\fp\fp-eval.sty
Package: fp-eval 1995/04/03
))
("C:\Users\woxtrr0\Desktop\LaTeX Project\Wankelmotor Animation\wankel-motor.aux
")
LaTeX Font Info:    Checking defaults for OML/cmm/m/it on input line 174.
LaTeX Font Info:    ... okay on input line 174.
LaTeX Font Info:    Checking defaults for T1/cmr/m/n on input line 174.
LaTeX Font Info:    ... okay on input line 174.
LaTeX Font Info:    Checking defaults for OT1/cmr/m/n on input line 174.
LaTeX Font Info:    ... okay on input line 174.
LaTeX Font Info:    Checking defaults for OMS/cmsy/m/n on input line 174.
LaTeX Font Info:    ... okay on input line 174.
LaTeX Font Info:    Checking defaults for OMX/cmex/m/n on input line 174.
LaTeX Font Info:    ... okay on input line 174.
LaTeX Font Info:    Checking defaults for U/cmr/m/n on input line 174.
LaTeX Font Info:    ... okay on input line 174.
 ABD: EveryShipout initializing macros
Preview: Fontsize 10pt
\AtBeginShipoutBox=\box39
( FP-ABS ) ( FP-ABS ) ( FP-LT? ) ( FP-EVAL ( FP-UPN ( FP-SUB ) ( FP-SUB )
( FP-DIV ) ( FP-MUL ) ) ) ( FP-LT? ) ( FP-EVAL ( FP-UPN ( FP-SUB ) ( FP-SUB )
( FP-DIV ) ( FP-MUL ) ) ) ( FP-LT? ) ( FP-EVAL ( FP-UPN ( FP-SUB ) ( FP-SUB )
( FP-DIV ) ( FP-MUL ) ) ) ( FP-LT? ) ( FP-EVAL ( FP-UPN ( FP-SUB ) ( FP-SUB )
( FP-DIV ) ( FP-MUL ) ) ) ( FP-LT? ) ( FP-EVAL ( FP-UPN ( FP-SUB ) ( FP-SUB )
( FP-DIV ) ( FP-MUL ) ) ) ( FP-TRUNC ) ( FP-EVAL ( FP-UPN ( FP-ADD ) ( FP-SUB
) ) )
Missing character: There is no . in font nullfont!
Missing character: There is no 5 in font nullfont!
 <a0,fr0> ( FP-ABS ) ( FP-ABS ) ( FP-LT? ) ( FP-EVAL ( FP-UPN ( FP-SUB )
( FP-SUB ) ( FP-DIV ) ( FP-MUL ) ) ) ( FP-LT? ) ( FP-EVAL ( FP-UPN ( FP-SUB )
( FP-SUB ) ( FP-DIV ) ( FP-MUL ) ) ) ( FP-LT? ) ( FP-EVAL ( FP-UPN ( FP-SUB )
( FP-SUB ) ( FP-DIV ) ( FP-MUL ) ) ) ( FP-LT? ) ( FP-EVAL ( FP-UPN ( FP-SUB )
( FP-SUB ) ( FP-DIV ) ( FP-MUL ) ) ) ( FP-LT? ) ( FP-EVAL ( FP-UPN ( FP-SUB )
( FP-SUB ) ( FP-DIV ) ( FP-MUL ) ) ) ( FP-TRUNC ) ( FP-EVAL ( FP-UPN ( FP-ADD
) ( FP-SUB ) ) )
Missing character: There is no . in font nullfont!
Missing character: There is no 5 in font nullfont!
 <a0,fr1> ( FP-ABS ) ( FP-ABS ) ( FP-LT? ) ( FP-EVAL ( FP-UPN
( FP-SUB ) ( FP-SUB ) ( FP-DIV ) ( FP-MUL ) ) ) ( FP-LT? ) ( FP-EVAL ( FP-UPN
( FP-SUB ) ( FP-SUB ) ( FP-DIV ) ( FP-MUL ) ) ) ( FP-LT? ) ( FP-EVAL ( FP-UPN
( FP-SUB ) ( FP-SUB ) ( FP-DIV ) ( FP-MUL ) ) ) ( FP-LT? ) ( FP-EVAL ( FP-UPN
( FP-SUB ) ( FP-SUB ) ( FP-DIV ) ( FP-MUL ) ) ) ( FP-LT? ) ( FP-EVAL ( FP-UPN
( FP-SUB ) ( FP-SUB ) ( FP-DIV ) ( FP-MUL ) ) ) ( FP-TRUNC ) ( FP-EVAL
( FP-UPN ( FP-ADD ) ( FP-SUB ) ) )
Missing character: There is no . in font nullfont!
Missing character: There is no 5 in font nullfont!
 <a0,fr2> ( FP-ABS ) ( FP-ABS ) ( FP-LT? )
( FP-EVAL ( FP-UPN ( FP-SUB ) ( FP-SUB ) ( FP-DIV ) ( FP-MUL ) ) ) ( FP-LT? )
( FP-EVAL ( FP-UPN ( FP-SUB ) ( FP-SUB ) ( FP-DIV ) ( FP-MUL ) ) ) ( FP-LT? )
( FP-EVAL ( FP-UPN ( FP-SUB ) ( FP-SUB ) ( FP-DIV ) ( FP-MUL ) ) ) ( FP-LT? )
( FP-EVAL ( FP-UPN ( FP-SUB ) ( FP-SUB ) ( FP-DIV ) ( FP-MUL ) ) ) ( FP-LT? )
( FP-EVAL ( FP-UPN ( FP-SUB ) ( FP-SUB ) ( FP-DIV ) ( FP-MUL ) ) ) ( FP-TRUNC
) ( FP-EVAL ( FP-UPN ( FP-ADD ) ( FP-SUB ) ) )
Missing character: There is no . in font nullfont!
Missing character: There is no 5 in font nullfont!
 <a0,fr3> ( FP-ABS ) ( FP-ABS )
( FP-LT? ) ( FP-EVAL ( FP-UPN ( FP-SUB ) ( FP-SUB ) ( FP-DIV ) ( FP-MUL ) ) )
( FP-LT? ) ( FP-EVAL ( FP-UPN ( FP-SUB ) ( FP-SUB ) ( FP-DIV ) ( FP-MUL ) ) )
( FP-LT? ) ( FP-EVAL ( FP-UPN ( FP-SUB ) ( FP-SUB ) ( FP-DIV ) ( FP-MUL ) ) )
( FP-LT? ) ( FP-EVAL ( FP-UPN ( FP-SUB ) ( FP-SUB ) ( FP-DIV ) ( FP-MUL ) ) )
( FP-LT? ) ( FP-EVAL ( FP-UPN ( FP-SUB ) ( FP-SUB ) ( FP-DIV ) ( FP-MUL ) ) )
( FP-TRUNC ) ( FP-EVAL ( FP-UPN ( FP-ADD ) ( FP-SUB ) ) )
Missing character: There is no . in font nullfont!
Missing character: There is no 5 in font nullfont!
 <a0,fr4> ( FP-ABS )
( FP-ABS ) ( FP-LT? ) ( FP-EVAL ( FP-UPN ( FP-SUB ) ( FP-SUB ) ( FP-DIV )
( FP-MUL ) ) ) ( FP-LT? ) ( FP-EVAL ( FP-UPN ( FP-SUB ) ( FP-SUB ) ( FP-DIV )
( FP-MUL ) ) ) ( FP-LT? ) ( FP-EVAL ( FP-UPN ( FP-SUB ) ( FP-SUB ) ( FP-DIV )
( FP-MUL ) ) ) ( FP-LT? ) ( FP-EVAL ( FP-UPN ( FP-SUB ) ( FP-SUB ) ( FP-DIV )
( FP-MUL ) ) ) ( FP-LT? ) ( FP-EVAL ( FP-UPN ( FP-SUB ) ( FP-SUB ) ( FP-DIV )
( FP-MUL ) ) ) ( FP-TRUNC ) ( FP-EVAL ( FP-UPN ( FP-ADD ) ( FP-SUB ) ) )
Missing character: There is no . in font nullfont!
Missing character: There is no 5 in font nullfont!

<a0,fr5> ( FP-ABS ) ( FP-ABS ) ( FP-LT? ) ( FP-EVAL ( FP-UPN ( FP-SUB )
( FP-SUB ) ( FP-DIV ) ( FP-MUL ) ) ) ( FP-LT? ) ( FP-EVAL ( FP-UPN ( FP-SUB )
( FP-SUB ) ( FP-DIV ) ( FP-MUL ) ) ) ( FP-LT? ) ( FP-EVAL ( FP-UPN ( FP-SUB )
( FP-SUB ) ( FP-DIV ) ( FP-MUL ) ) ) ( FP-LT? ) ( FP-EVAL ( FP-UPN ( FP-SUB )
( FP-SUB ) ( FP-DIV ) ( FP-MUL ) ) ) ( FP-LT? ) ( FP-EVAL ( FP-UPN ( FP-SUB )
( FP-SUB ) ( FP-DIV ) ( FP-MUL ) ) ) ( FP-TRUNC ) ( FP-EVAL ( FP-UPN ( FP-ADD
) ( FP-SUB ) ) )
Missing character: There is no . in font nullfont!
Missing character: There is no 5 in font nullfont!
 <a0,fr6> ( FP-ABS ) ( FP-ABS ) ( FP-LT? ) ( FP-EVAL ( FP-UPN
( FP-SUB ) ( FP-SUB ) ( FP-DIV ) ( FP-MUL ) ) ) ( FP-LT? ) ( FP-EVAL ( FP-UPN
( FP-SUB ) ( FP-SUB ) ( FP-DIV ) ( FP-MUL ) ) ) ( FP-LT? ) ( FP-EVAL ( FP-UPN
( FP-SUB ) ( FP-SUB ) ( FP-DIV ) ( FP-MUL ) ) ) ( FP-LT? ) ( FP-EVAL ( FP-UPN
( FP-SUB ) ( FP-SUB ) ( FP-DIV ) ( FP-MUL ) ) ) ( FP-LT? ) ( FP-EVAL ( FP-UPN
( FP-SUB ) ( FP-SUB ) ( FP-DIV ) ( FP-MUL ) ) ) ( FP-TRUNC ) ( FP-EVAL
( FP-UPN ( FP-ADD ) ( FP-SUB ) ) )
Missing character: There is no . in font nullfont!
Missing character: There is no 5 in font nullfont!
 <a0,fr7> ( FP-ABS ) ( FP-ABS ) ( FP-LT? )
( FP-EVAL ( FP-UPN ( FP-SUB ) ( FP-SUB ) ( FP-DIV ) ( FP-MUL ) ) ) ( FP-LT? )
( FP-EVAL ( FP-UPN ( FP-SUB ) ( FP-SUB ) ( FP-DIV ) ( FP-MUL ) ) ) ( FP-LT? )
( FP-EVAL ( FP-UPN ( FP-SUB ) ( FP-SUB ) ( FP-DIV ) ( FP-MUL ) ) ) ( FP-LT? )
( FP-EVAL ( FP-UPN ( FP-SUB ) ( FP-SUB ) ( FP-DIV ) ( FP-MUL ) ) ) ( FP-LT? )
( FP-EVAL ( FP-UPN ( FP-SUB ) ( FP-SUB ) ( FP-DIV ) ( FP-MUL ) ) ) ( FP-TRUNC
) ( FP-EVAL ( FP-UPN ( FP-ADD ) ( FP-SUB ) ) )
Missing character: There is no . in font nullfont!
Missing character: There is no 5 in font nullfont!
 <a0,fr8> ( FP-ABS ) ( FP-ABS )
( FP-LT? ) ( FP-EVAL ( FP-UPN ( FP-SUB ) ( FP-SUB ) ( FP-DIV ) ( FP-MUL ) ) )
( FP-LT? ) ( FP-EVAL ( FP-UPN ( FP-SUB ) ( FP-SUB ) ( FP-DIV ) ( FP-MUL ) ) )
( FP-LT? ) ( FP-EVAL ( FP-UPN ( FP-SUB ) ( FP-SUB ) ( FP-DIV ) ( FP-MUL ) ) )
( FP-LT? ) ( FP-EVAL ( FP-UPN ( FP-SUB ) ( FP-SUB ) ( FP-DIV ) ( FP-MUL ) ) )
( FP-LT? ) ( FP-EVAL ( FP-UPN ( FP-SUB ) ( FP-SUB ) ( FP-DIV ) ( FP-MUL ) ) )
( FP-TRUNC ) ( FP-EVAL ( FP-UPN ( FP-ADD ) ( FP-SUB ) ) )
Missing character: There is no . in font nullfont!
Missing character: There is no 5 in font nullfont!
 <a0,fr9> ( FP-ABS )
( FP-ABS ) ( FP-LT? ) ( FP-EVAL ( FP-UPN ( FP-SUB ) ( FP-SUB ) ( FP-DIV )
( FP-MUL ) ) ) ( FP-LT? ) ( FP-EVAL ( FP-UPN ( FP-SUB ) ( FP-SUB ) ( FP-DIV )
( FP-MUL ) ) ) ( FP-LT? ) ( FP-EVAL ( FP-UPN ( FP-SUB ) ( FP-SUB ) ( FP-DIV )
( FP-MUL ) ) ) ( FP-LT? ) ( FP-EVAL ( FP-UPN ( FP-SUB ) ( FP-SUB ) ( FP-DIV )
( FP-MUL ) ) ) ( FP-LT? ) ( FP-EVAL ( FP-UPN ( FP-SUB ) ( FP-SUB ) ( FP-DIV )
( FP-MUL ) ) ) ( FP-TRUNC ) ( FP-EVAL ( FP-UPN ( FP-ADD ) ( FP-SUB ) ) )
Missing character: There is no . in font nullfont!
Missing character: There is no 5 in font nullfont!

<a0,fr10> ( FP-ABS ) ( FP-ABS ) ( FP-LT? ) ( FP-EVAL ( FP-UPN ( FP-SUB )
( FP-SUB ) ( FP-DIV ) ( FP-MUL ) ) ) ( FP-LT? ) ( FP-EVAL ( FP-UPN ( FP-SUB )
( FP-SUB ) ( FP-DIV ) ( FP-MUL ) ) ) ( FP-LT? ) ( FP-EVAL ( FP-UPN ( FP-SUB )
( FP-SUB ) ( FP-DIV ) ( FP-MUL ) ) ) ( FP-LT? ) ( FP-EVAL ( FP-UPN ( FP-SUB )
( FP-SUB ) ( FP-DIV ) ( FP-MUL ) ) ) ( FP-LT? ) ( FP-EVAL ( FP-UPN ( FP-SUB )
( FP-SUB ) ( FP-DIV ) ( FP-MUL ) ) ) ( FP-TRUNC ) ( FP-EVAL ( FP-UPN ( FP-ADD
) ( FP-SUB ) ) )
Missing character: There is no . in font nullfont!
Missing character: There is no 5 in font nullfont!
 <a0,fr11> ( FP-ABS ) ( FP-ABS ) ( FP-LT? ) ( FP-EVAL ( FP-UPN
( FP-SUB ) ( FP-SUB ) ( FP-DIV ) ( FP-MUL ) ) ) ( FP-LT? ) ( FP-EVAL ( FP-UPN
( FP-SUB ) ( FP-SUB ) ( FP-DIV ) ( FP-MUL ) ) ) ( FP-LT? ) ( FP-EVAL ( FP-UPN
( FP-SUB ) ( FP-SUB ) ( FP-DIV ) ( FP-MUL ) ) ) ( FP-LT? ) ( FP-EVAL ( FP-UPN
( FP-SUB ) ( FP-SUB ) ( FP-DIV ) ( FP-MUL ) ) ) ( FP-LT? ) ( FP-EVAL ( FP-UPN
( FP-SUB ) ( FP-SUB ) ( FP-DIV ) ( FP-MUL ) ) ) ( FP-TRUNC ) ( FP-EVAL
( FP-UPN ( FP-ADD ) ( FP-SUB ) ) )
Missing character: There is no . in font nullfont!
Missing character: There is no 5 in font nullfont!
 <a0,fr12> ( FP-ABS ) ( FP-ABS ) ( FP-LT? )
( FP-EVAL ( FP-UPN ( FP-SUB ) ( FP-SUB ) ( FP-DIV ) ( FP-MUL ) ) ) ( FP-LT? )
( FP-EVAL ( FP-UPN ( FP-SUB ) ( FP-SUB ) ( FP-DIV ) ( FP-MUL ) ) ) ( FP-LT? )
( FP-EVAL ( FP-UPN ( FP-SUB ) ( FP-SUB ) ( FP-DIV ) ( FP-MUL ) ) ) ( FP-LT? )
( FP-EVAL ( FP-UPN ( FP-SUB ) ( FP-SUB ) ( FP-DIV ) ( FP-MUL ) ) ) ( FP-LT? )
( FP-EVAL ( FP-UPN ( FP-SUB ) ( FP-SUB ) ( FP-DIV ) ( FP-MUL ) ) ) ( FP-TRUNC
) ( FP-EVAL ( FP-UPN ( FP-ADD ) ( FP-SUB ) ) )
Missing character: There is no . in font nullfont!
Missing character: There is no 5 in font nullfont!
 <a0,fr13> ( FP-ABS ) ( FP-ABS )
( FP-LT? ) ( FP-EVAL ( FP-UPN ( FP-SUB ) ( FP-SUB ) ( FP-DIV ) ( FP-MUL ) ) )
( FP-LT? ) ( FP-EVAL ( FP-UPN ( FP-SUB ) ( FP-SUB ) ( FP-DIV ) ( FP-MUL ) ) )
( FP-LT? ) ( FP-EVAL ( FP-UPN ( FP-SUB ) ( FP-SUB ) ( FP-DIV ) ( FP-MUL ) ) )
( FP-LT? ) ( FP-EVAL ( FP-UPN ( FP-SUB ) ( FP-SUB ) ( FP-DIV ) ( FP-MUL ) ) )
( FP-LT? ) ( FP-EVAL ( FP-UPN ( FP-SUB ) ( FP-SUB ) ( FP-DIV ) ( FP-MUL ) ) )
( FP-TRUNC ) ( FP-EVAL ( FP-UPN ( FP-ADD ) ( FP-SUB ) ) )
Missing character: There is no . in font nullfont!
Missing character: There is no 5 in font nullfont!
 <a0,fr14> ( FP-ABS )
( FP-ABS ) ( FP-LT? ) ( FP-EVAL ( FP-UPN ( FP-SUB ) ( FP-SUB ) ( FP-DIV )
( FP-MUL ) ) ) ( FP-LT? ) ( FP-EVAL ( FP-UPN ( FP-SUB ) ( FP-SUB ) ( FP-DIV )
( FP-MUL ) ) ) ( FP-LT? ) ( FP-EVAL ( FP-UPN ( FP-SUB ) ( FP-SUB ) ( FP-DIV )
( FP-MUL ) ) ) ( FP-LT? ) ( FP-EVAL ( FP-UPN ( FP-SUB ) ( FP-SUB ) ( FP-DIV )
( FP-MUL ) ) ) ( FP-LT? ) ( FP-EVAL ( FP-UPN ( FP-SUB ) ( FP-SUB ) ( FP-DIV )
( FP-MUL ) ) ) ( FP-TRUNC ) ( FP-EVAL ( FP-UPN ( FP-ADD ) ( FP-SUB ) ) )
Missing character: There is no . in font nullfont!
Missing character: There is no 5 in font nullfont!

<a0,fr15> ( FP-ABS ) ( FP-ABS ) ( FP-LT? ) ( FP-EVAL ( FP-UPN ( FP-SUB )
( FP-SUB ) ( FP-DIV ) ( FP-MUL ) ) ) ( FP-LT? ) ( FP-EVAL ( FP-UPN ( FP-SUB )
( FP-SUB ) ( FP-DIV ) ( FP-MUL ) ) ) ( FP-LT? ) ( FP-EVAL ( FP-UPN ( FP-SUB )
( FP-SUB ) ( FP-DIV ) ( FP-MUL ) ) ) ( FP-LT? ) ( FP-EVAL ( FP-UPN ( FP-SUB )
( FP-SUB ) ( FP-DIV ) ( FP-MUL ) ) ) ( FP-LT? ) ( FP-EVAL ( FP-UPN ( FP-SUB )
( FP-SUB ) ( FP-DIV ) ( FP-MUL ) ) ) ( FP-TRUNC ) ( FP-EVAL ( FP-UPN ( FP-ADD
) ( FP-SUB ) ) )
Missing character: There is no . in font nullfont!
Missing character: There is no 5 in font nullfont!
 <a0,fr16> ( FP-ABS ) ( FP-ABS ) ( FP-LT? ) ( FP-EVAL ( FP-UPN
( FP-SUB ) ( FP-SUB ) ( FP-DIV ) ( FP-MUL ) ) ) ( FP-LT? ) ( FP-EVAL ( FP-UPN
( FP-SUB ) ( FP-SUB ) ( FP-DIV ) ( FP-MUL ) ) ) ( FP-LT? ) ( FP-EVAL ( FP-UPN
( FP-SUB ) ( FP-SUB ) ( FP-DIV ) ( FP-MUL ) ) ) ( FP-LT? ) ( FP-EVAL ( FP-UPN
( FP-SUB ) ( FP-SUB ) ( FP-DIV ) ( FP-MUL ) ) ) ( FP-LT? ) ( FP-EVAL ( FP-UPN
( FP-SUB ) ( FP-SUB ) ( FP-DIV ) ( FP-MUL ) ) ) ( FP-TRUNC ) ( FP-EVAL
( FP-UPN ( FP-ADD ) ( FP-SUB ) ) )
Missing character: There is no . in font nullfont!
Missing character: There is no 5 in font nullfont!
 <a0,fr17> ( FP-ABS ) ( FP-ABS ) ( FP-LT? )
( FP-EVAL ( FP-UPN ( FP-SUB ) ( FP-SUB ) ( FP-DIV ) ( FP-MUL ) ) ) ( FP-LT? )
( FP-EVAL ( FP-UPN ( FP-SUB ) ( FP-SUB ) ( FP-DIV ) ( FP-MUL ) ) ) ( FP-LT? )
( FP-EVAL ( FP-UPN ( FP-SUB ) ( FP-SUB ) ( FP-DIV ) ( FP-MUL ) ) ) ( FP-LT? )
( FP-EVAL ( FP-UPN ( FP-SUB ) ( FP-SUB ) ( FP-DIV ) ( FP-MUL ) ) ) ( FP-LT? )
( FP-EVAL ( FP-UPN ( FP-SUB ) ( FP-SUB ) ( FP-DIV ) ( FP-MUL ) ) ) ( FP-TRUNC
) ( FP-EVAL ( FP-UPN ( FP-ADD ) ( FP-SUB ) ) )
Missing character: There is no . in font nullfont!
Missing character: There is no 5 in font nullfont!
 <a0,fr18> ( FP-ABS ) ( FP-ABS )
( FP-LT? ) ( FP-EVAL ( FP-UPN ( FP-SUB ) ( FP-SUB ) ( FP-DIV ) ( FP-MUL ) ) )
( FP-LT? ) ( FP-EVAL ( FP-UPN ( FP-SUB ) ( FP-SUB ) ( FP-DIV ) ( FP-MUL ) ) )
( FP-LT? ) ( FP-EVAL ( FP-UPN ( FP-SUB ) ( FP-SUB ) ( FP-DIV ) ( FP-MUL ) ) )
( FP-LT? ) ( FP-EVAL ( FP-UPN ( FP-SUB ) ( FP-SUB ) ( FP-DIV ) ( FP-MUL ) ) )
( FP-LT? ) ( FP-EVAL ( FP-UPN ( FP-SUB ) ( FP-SUB ) ( FP-DIV ) ( FP-MUL ) ) )
( FP-TRUNC ) ( FP-EVAL ( FP-UPN ( FP-ADD ) ( FP-SUB ) ) )
Missing character: There is no . in font nullfont!
Missing character: There is no 5 in font nullfont!
 <a0,fr19> ( FP-ABS )
( FP-ABS ) ( FP-LT? ) ( FP-EVAL ( FP-UPN ( FP-SUB ) ( FP-SUB ) ( FP-DIV )
( FP-MUL ) ) ) ( FP-LT? ) ( FP-EVAL ( FP-UPN ( FP-SUB ) ( FP-SUB ) ( FP-DIV )
( FP-MUL ) ) ) ( FP-LT? ) ( FP-EVAL ( FP-UPN ( FP-SUB ) ( FP-SUB ) ( FP-DIV )
( FP-MUL ) ) ) ( FP-LT? ) ( FP-EVAL ( FP-UPN ( FP-SUB ) ( FP-SUB ) ( FP-DIV )
( FP-MUL ) ) ) ( FP-LT? ) ( FP-EVAL ( FP-UPN ( FP-SUB ) ( FP-SUB ) ( FP-DIV )
( FP-MUL ) ) ) ( FP-TRUNC ) ( FP-EVAL ( FP-UPN ( FP-ADD ) ( FP-SUB ) ) )
Missing character: There is no . in font nullfont!
Missing character: There is no 5 in font nullfont!

<a0,fr20> ( FP-ABS ) ( FP-ABS ) ( FP-LT? ) ( FP-EVAL ( FP-UPN ( FP-SUB )
( FP-SUB ) ( FP-DIV ) ( FP-MUL ) ) ) ( FP-LT? ) ( FP-EVAL ( FP-UPN ( FP-SUB )
( FP-SUB ) ( FP-DIV ) ( FP-MUL ) ) ) ( FP-LT? ) ( FP-EVAL ( FP-UPN ( FP-SUB )
( FP-SUB ) ( FP-DIV ) ( FP-MUL ) ) ) ( FP-LT? ) ( FP-EVAL ( FP-UPN ( FP-SUB )
( FP-SUB ) ( FP-DIV ) ( FP-MUL ) ) ) ( FP-LT? ) ( FP-EVAL ( FP-UPN ( FP-SUB )
( FP-SUB ) ( FP-DIV ) ( FP-MUL ) ) ) ( FP-TRUNC ) ( FP-EVAL ( FP-UPN ( FP-ADD
) ( FP-SUB ) ) )
Missing character: There is no . in font nullfont!
Missing character: There is no 5 in font nullfont!
 <a0,fr21> ( FP-ABS ) ( FP-ABS ) ( FP-LT? ) ( FP-EVAL ( FP-UPN
( FP-SUB ) ( FP-SUB ) ( FP-DIV ) ( FP-MUL ) ) ) ( FP-LT? ) ( FP-EVAL ( FP-UPN
( FP-SUB ) ( FP-SUB ) ( FP-DIV ) ( FP-MUL ) ) ) ( FP-LT? ) ( FP-EVAL ( FP-UPN
( FP-SUB ) ( FP-SUB ) ( FP-DIV ) ( FP-MUL ) ) ) ( FP-LT? ) ( FP-EVAL ( FP-UPN
( FP-SUB ) ( FP-SUB ) ( FP-DIV ) ( FP-MUL ) ) ) ( FP-LT? ) ( FP-EVAL ( FP-UPN
( FP-SUB ) ( FP-SUB ) ( FP-DIV ) ( FP-MUL ) ) ) ( FP-TRUNC ) ( FP-EVAL
( FP-UPN ( FP-ADD ) ( FP-SUB ) ) )
Missing character: There is no . in font nullfont!
Missing character: There is no 5 in font nullfont!
 <a0,fr22> ( FP-ABS ) ( FP-ABS ) ( FP-LT? )
( FP-EVAL ( FP-UPN ( FP-SUB ) ( FP-SUB ) ( FP-DIV ) ( FP-MUL ) ) ) ( FP-LT? )
( FP-EVAL ( FP-UPN ( FP-SUB ) ( FP-SUB ) ( FP-DIV ) ( FP-MUL ) ) ) ( FP-LT? )
( FP-EVAL ( FP-UPN ( FP-SUB ) ( FP-SUB ) ( FP-DIV ) ( FP-MUL ) ) ) ( FP-LT? )
( FP-EVAL ( FP-UPN ( FP-SUB ) ( FP-SUB ) ( FP-DIV ) ( FP-MUL ) ) ) ( FP-LT? )
( FP-EVAL ( FP-UPN ( FP-SUB ) ( FP-SUB ) ( FP-DIV ) ( FP-MUL ) ) ) ( FP-TRUNC
) ( FP-EVAL ( FP-UPN ( FP-ADD ) ( FP-SUB ) ) )
Missing character: There is no . in font nullfont!
Missing character: There is no 5 in font nullfont!
 <a0,fr23> ( FP-ABS ) ( FP-ABS )
( FP-LT? ) ( FP-EVAL ( FP-UPN ( FP-SUB ) ( FP-SUB ) ( FP-DIV ) ( FP-MUL ) ) )
( FP-LT? ) ( FP-EVAL ( FP-UPN ( FP-SUB ) ( FP-SUB ) ( FP-DIV ) ( FP-MUL ) ) )
( FP-LT? ) ( FP-EVAL ( FP-UPN ( FP-SUB ) ( FP-SUB ) ( FP-DIV ) ( FP-MUL ) ) )
( FP-LT? ) ( FP-EVAL ( FP-UPN ( FP-SUB ) ( FP-SUB ) ( FP-DIV ) ( FP-MUL ) ) )
( FP-LT? ) ( FP-TRUNC ) ( FP-EVAL ( FP-UPN ( FP-ADD ) ( FP-SUB ) ) )
Missing character: There is no . in font nullfont!
Missing character: There is no 5 in font nullfont!
 <a0,fr24>
( FP-ABS ) ( FP-ABS ) ( FP-LT? ) ( FP-EVAL ( FP-UPN ( FP-SUB ) ( FP-SUB )
( FP-DIV ) ( FP-MUL ) ) ) ( FP-LT? ) ( FP-EVAL ( FP-UPN ( FP-SUB ) ( FP-SUB )
( FP-DIV ) ( FP-MUL ) ) ) ( FP-LT? ) ( FP-EVAL ( FP-UPN ( FP-SUB ) ( FP-SUB )
( FP-DIV ) ( FP-MUL ) ) ) ( FP-LT? ) ( FP-LT? ) ( FP-TRUNC ) ( FP-EVAL
( FP-UPN ( FP-ADD ) ( FP-SUB ) ) )
Missing character: There is no . in font nullfont!
Missing character: There is no 5 in font nullfont!
 <a0,fr25> ( FP-ABS ) ( FP-ABS ) ( FP-LT? )
( FP-EVAL ( FP-UPN ( FP-SUB ) ( FP-SUB ) ( FP-DIV ) ( FP-MUL ) ) ) ( FP-LT? )
( FP-EVAL ( FP-UPN ( FP-SUB ) ( FP-SUB ) ( FP-DIV ) ( FP-MUL ) ) ) ( FP-LT? )
( FP-EVAL ( FP-UPN ( FP-SUB ) ( FP-SUB ) ( FP-DIV ) ( FP-MUL ) ) ) ( FP-LT? )
( FP-LT? ) ( FP-TRUNC ) ( FP-EVAL ( FP-UPN ( FP-ADD ) ( FP-SUB ) ) )
Missing character: There is no . in font nullfont!
Missing character: There is no 5 in font nullfont!
 <a0,fr26>
( FP-ABS ) ( FP-ABS ) ( FP-LT? ) ( FP-EVAL ( FP-UPN ( FP-SUB ) ( FP-SUB )
( FP-DIV ) ( FP-MUL ) ) ) ( FP-LT? ) ( FP-EVAL ( FP-UPN ( FP-SUB ) ( FP-SUB )
( FP-DIV ) ( FP-MUL ) ) ) ( FP-LT? ) ( FP-EVAL ( FP-UPN ( FP-SUB ) ( FP-SUB )
( FP-DIV ) ( FP-MUL ) ) ) ( FP-LT? ) ( FP-LT? ) ( FP-TRUNC ) ( FP-EVAL
( FP-UPN ( FP-ADD ) ( FP-SUB ) ) )
Missing character: There is no . in font nullfont!
Missing character: There is no 5 in font nullfont!
 <a0,fr27> ( FP-ABS ) ( FP-ABS ) ( FP-LT? )
( FP-EVAL ( FP-UPN ( FP-SUB ) ( FP-SUB ) ( FP-DIV ) ( FP-MUL ) ) ) ( FP-LT? )
( FP-EVAL ( FP-UPN ( FP-SUB ) ( FP-SUB ) ( FP-DIV ) ( FP-MUL ) ) ) ( FP-LT? )
( FP-EVAL ( FP-UPN ( FP-SUB ) ( FP-SUB ) ( FP-DIV ) ( FP-MUL ) ) ) ( FP-LT? )
( FP-LT? ) ( FP-TRUNC ) ( FP-EVAL ( FP-UPN ( FP-ADD ) ( FP-SUB ) ) )
Missing character: There is no . in font nullfont!
Missing character: There is no 5 in font nullfont!
 <a0,fr28>
( FP-ABS ) ( FP-ABS ) ( FP-LT? ) ( FP-EVAL ( FP-UPN ( FP-SUB ) ( FP-SUB )
( FP-DIV ) ( FP-MUL ) ) ) ( FP-LT? ) ( FP-EVAL ( FP-UPN ( FP-SUB ) ( FP-SUB )
( FP-DIV ) ( FP-MUL ) ) ) ( FP-LT? ) ( FP-EVAL ( FP-UPN ( FP-SUB ) ( FP-SUB )
( FP-DIV ) ( FP-MUL ) ) ) ( FP-LT? ) ( FP-LT? ) ( FP-TRUNC ) ( FP-EVAL
( FP-UPN ( FP-ADD ) ( FP-SUB ) ) )
Missing character: There is no . in font nullfont!
Missing character: There is no 5 in font nullfont!
 <a0,fr29> ( FP-ABS ) ( FP-ABS ) ( FP-LT? )
( FP-EVAL ( FP-UPN ( FP-SUB ) ( FP-SUB ) ( FP-DIV ) ( FP-MUL ) ) ) ( FP-LT? )
( FP-EVAL ( FP-UPN ( FP-SUB ) ( FP-SUB ) ( FP-DIV ) ( FP-MUL ) ) ) ( FP-LT? )
( FP-EVAL ( FP-UPN ( FP-SUB ) ( FP-SUB ) ( FP-DIV ) ( FP-MUL ) ) ) ( FP-LT? )
( FP-LT? ) ( FP-TRUNC ) ( FP-EVAL ( FP-UPN ( FP-ADD ) ( FP-SUB ) ) )
Missing character: There is no . in font nullfont!
Missing character: There is no 5 in font nullfont!
 <a0,fr30>
( FP-ABS ) ( FP-ABS ) ( FP-LT? ) ( FP-EVAL ( FP-UPN ( FP-SUB ) ( FP-SUB )
( FP-DIV ) ( FP-MUL ) ) ) ( FP-LT? ) ( FP-EVAL ( FP-UPN ( FP-SUB ) ( FP-SUB )
( FP-DIV ) ( FP-MUL ) ) ) ( FP-LT? ) ( FP-EVAL ( FP-UPN ( FP-SUB ) ( FP-SUB )
( FP-DIV ) ( FP-MUL ) ) ) ( FP-LT? ) ( FP-LT? ) ( FP-TRUNC ) ( FP-EVAL
( FP-UPN ( FP-ADD ) ( FP-SUB ) ) )
Missing character: There is no . in font nullfont!
Missing character: There is no 5 in font nullfont!
 <a0,fr31> ( FP-ABS ) ( FP-ABS ) ( FP-LT? )
( FP-EVAL ( FP-UPN ( FP-SUB ) ( FP-SUB ) ( FP-DIV ) ( FP-MUL ) ) ) ( FP-LT? )
( FP-EVAL ( FP-UPN ( FP-SUB ) ( FP-SUB ) ( FP-DIV ) ( FP-MUL ) ) ) ( FP-LT? )
( FP-EVAL ( FP-UPN ( FP-SUB ) ( FP-SUB ) ( FP-DIV ) ( FP-MUL ) ) ) ( FP-LT? )
( FP-LT? ) ( FP-TRUNC ) ( FP-EVAL ( FP-UPN ( FP-ADD ) ( FP-SUB ) ) )
Missing character: There is no . in font nullfont!
Missing character: There is no 5 in font nullfont!
 <a0,fr32>
( FP-ABS ) ( FP-ABS ) ( FP-LT? ) ( FP-EVAL ( FP-UPN ( FP-SUB ) ( FP-SUB )
( FP-DIV ) ( FP-MUL ) ) ) ( FP-LT? ) ( FP-EVAL ( FP-UPN ( FP-SUB ) ( FP-SUB )
( FP-DIV ) ( FP-MUL ) ) ) ( FP-LT? ) ( FP-EVAL ( FP-UPN ( FP-SUB ) ( FP-SUB )
( FP-DIV ) ( FP-MUL ) ) ) ( FP-LT? ) ( FP-LT? ) ( FP-TRUNC ) ( FP-EVAL
( FP-UPN ( FP-ADD ) ( FP-SUB ) ) )
Missing character: There is no . in font nullfont!
Missing character: There is no 5 in font nullfont!
 <a0,fr33> ( FP-ABS ) ( FP-ABS ) ( FP-LT? )
( FP-EVAL ( FP-UPN ( FP-SUB ) ( FP-SUB ) ( FP-DIV ) ( FP-MUL ) ) ) ( FP-LT? )
( FP-EVAL ( FP-UPN ( FP-SUB ) ( FP-SUB ) ( FP-DIV ) ( FP-MUL ) ) ) ( FP-LT? )
( FP-EVAL ( FP-UPN ( FP-SUB ) ( FP-SUB ) ( FP-DIV ) ( FP-MUL ) ) ) ( FP-LT? )
( FP-LT? ) ( FP-TRUNC ) ( FP-EVAL ( FP-UPN ( FP-ADD ) ( FP-SUB ) ) )
Missing character: There is no . in font nullfont!
Missing character: There is no 5 in font nullfont!
 <a0,fr34>
( FP-ABS ) ( FP-ABS ) ( FP-LT? ) ( FP-EVAL ( FP-UPN ( FP-SUB ) ( FP-SUB )
( FP-DIV ) ( FP-MUL ) ) ) ( FP-LT? ) ( FP-EVAL ( FP-UPN ( FP-SUB ) ( FP-SUB )
( FP-DIV ) ( FP-MUL ) ) ) ( FP-LT? ) ( FP-EVAL ( FP-UPN ( FP-SUB ) ( FP-SUB )
( FP-DIV ) ( FP-MUL ) ) ) ( FP-LT? ) ( FP-LT? ) ( FP-TRUNC ) ( FP-EVAL
( FP-UPN ( FP-ADD ) ( FP-SUB ) ) )
Missing character: There is no . in font nullfont!
Missing character: There is no 5 in font nullfont!
 <a0,fr35> ( FP-ABS ) ( FP-ABS ) ( FP-LT? )
( FP-EVAL ( FP-UPN ( FP-SUB ) ( FP-SUB ) ( FP-DIV ) ( FP-MUL ) ) ) ( FP-LT? )
( FP-EVAL ( FP-UPN ( FP-SUB ) ( FP-SUB ) ( FP-DIV ) ( FP-MUL ) ) ) ( FP-LT? )
( FP-EVAL ( FP-UPN ( FP-SUB ) ( FP-SUB ) ( FP-DIV ) ( FP-MUL ) ) ) ( FP-LT? )
( FP-LT? ) ( FP-TRUNC ) ( FP-EVAL ( FP-UPN ( FP-ADD ) ( FP-SUB ) ) )
Missing character: There is no . in font nullfont!
Missing character: There is no 5 in font nullfont!
 <a0,fr36>
( FP-ABS ) ( FP-ABS ) ( FP-LT? ) ( FP-EVAL ( FP-UPN ( FP-SUB ) ( FP-SUB )
( FP-DIV ) ( FP-MUL ) ) ) ( FP-LT? ) ( FP-EVAL ( FP-UPN ( FP-SUB ) ( FP-SUB )
( FP-DIV ) ( FP-MUL ) ) ) ( FP-LT? ) ( FP-EVAL ( FP-UPN ( FP-SUB ) ( FP-SUB )
( FP-DIV ) ( FP-MUL ) ) ) ( FP-LT? ) ( FP-LT? ) ( FP-TRUNC ) ( FP-EVAL
( FP-UPN ( FP-ADD ) ( FP-SUB ) ) )
Missing character: There is no . in font nullfont!
Missing character: There is no 5 in font nullfont!
 <a0,fr37> ( FP-ABS ) ( FP-ABS ) ( FP-LT? )
( FP-EVAL ( FP-UPN ( FP-SUB ) ( FP-SUB ) ( FP-DIV ) ( FP-MUL ) ) ) ( FP-LT? )
( FP-EVAL ( FP-UPN ( FP-SUB ) ( FP-SUB ) ( FP-DIV ) ( FP-MUL ) ) ) ( FP-LT? )
( FP-EVAL ( FP-UPN ( FP-SUB ) ( FP-SUB ) ( FP-DIV ) ( FP-MUL ) ) ) ( FP-LT? )
( FP-LT? ) ( FP-TRUNC ) ( FP-EVAL ( FP-UPN ( FP-ADD ) ( FP-SUB ) ) )
Missing character: There is no . in font nullfont!
Missing character: There is no 5 in font nullfont!
 <a0,fr38>
( FP-ABS ) ( FP-ABS ) ( FP-LT? ) ( FP-EVAL ( FP-UPN ( FP-SUB ) ( FP-SUB )
( FP-DIV ) ( FP-MUL ) ) ) ( FP-LT? ) ( FP-EVAL ( FP-UPN ( FP-SUB ) ( FP-SUB )
( FP-DIV ) ( FP-MUL ) ) ) ( FP-LT? ) ( FP-EVAL ( FP-UPN ( FP-SUB ) ( FP-SUB )
( FP-DIV ) ( FP-MUL ) ) ) ( FP-LT? ) ( FP-LT? ) ( FP-TRUNC ) ( FP-EVAL
( FP-UPN ( FP-ADD ) ( FP-SUB ) ) )
Missing character: There is no . in font nullfont!
Missing character: There is no 5 in font nullfont!
 <a0,fr39> ( FP-ABS ) ( FP-ABS ) ( FP-LT? )
( FP-EVAL ( FP-UPN ( FP-SUB ) ( FP-SUB ) ( FP-DIV ) ( FP-MUL ) ) ) ( FP-LT? )
( FP-EVAL ( FP-UPN ( FP-SUB ) ( FP-SUB ) ( FP-DIV ) ( FP-MUL ) ) ) ( FP-LT? )
( FP-EVAL ( FP-UPN ( FP-SUB ) ( FP-SUB ) ( FP-DIV ) ( FP-MUL ) ) ) ( FP-LT? )
( FP-LT? ) ( FP-TRUNC ) ( FP-EVAL ( FP-UPN ( FP-ADD ) ( FP-SUB ) ) )
Missing character: There is no . in font nullfont!
Missing character: There is no 5 in font nullfont!
 <a0,fr40>
( FP-ABS ) ( FP-ABS ) ( FP-LT? ) ( FP-EVAL ( FP-UPN ( FP-SUB ) ( FP-SUB )
( FP-DIV ) ( FP-MUL ) ) ) ( FP-LT? ) ( FP-EVAL ( FP-UPN ( FP-SUB ) ( FP-SUB )
( FP-DIV ) ( FP-MUL ) ) ) ( FP-LT? ) ( FP-EVAL ( FP-UPN ( FP-SUB ) ( FP-SUB )
( FP-DIV ) ( FP-MUL ) ) ) ( FP-LT? ) ( FP-LT? ) ( FP-TRUNC ) ( FP-EVAL
( FP-UPN ( FP-ADD ) ( FP-SUB ) ) )
Missing character: There is no . in font nullfont!
Missing character: There is no 5 in font nullfont!
 <a0,fr41> ( FP-ABS ) ( FP-ABS ) ( FP-LT? )
( FP-EVAL ( FP-UPN ( FP-SUB ) ( FP-SUB ) ( FP-DIV ) ( FP-MUL ) ) ) ( FP-LT? )
( FP-EVAL ( FP-UPN ( FP-SUB ) ( FP-SUB ) ( FP-DIV ) ( FP-MUL ) ) ) ( FP-LT? )
( FP-EVAL ( FP-UPN ( FP-SUB ) ( FP-SUB ) ( FP-DIV ) ( FP-MUL ) ) ) ( FP-LT? )
( FP-LT? ) ( FP-TRUNC ) ( FP-EVAL ( FP-UPN ( FP-ADD ) ( FP-SUB ) ) )
Missing character: There is no . in font nullfont!
Missing character: There is no 5 in font nullfont!
 <a0,fr42>
( FP-ABS ) ( FP-ABS ) ( FP-LT? ) ( FP-EVAL ( FP-UPN ( FP-SUB ) ( FP-SUB )
( FP-DIV ) ( FP-MUL ) ) ) ( FP-LT? ) ( FP-EVAL ( FP-UPN ( FP-SUB ) ( FP-SUB )
( FP-DIV ) ( FP-MUL ) ) ) ( FP-LT? ) ( FP-EVAL ( FP-UPN ( FP-SUB ) ( FP-SUB )
( FP-DIV ) ( FP-MUL ) ) ) ( FP-LT? ) ( FP-LT? ) ( FP-TRUNC ) ( FP-EVAL
( FP-UPN ( FP-ADD ) ( FP-SUB ) ) )
Missing character: There is no . in font nullfont!
Missing character: There is no 5 in font nullfont!
 <a0,fr43> ( FP-ABS ) ( FP-ABS ) ( FP-LT? )
( FP-EVAL ( FP-UPN ( FP-SUB ) ( FP-SUB ) ( FP-DIV ) ( FP-MUL ) ) ) ( FP-LT? )
( FP-EVAL ( FP-UPN ( FP-SUB ) ( FP-SUB ) ( FP-DIV ) ( FP-MUL ) ) ) ( FP-LT? )
( FP-LT? ) ( FP-LT? ) ( FP-TRUNC ) ( FP-EVAL ( FP-UPN ( FP-ADD ) ( FP-SUB ) )
)
Missing character: There is no . in font nullfont!
Missing character: There is no 5 in font nullfont!
 <a0,fr44> ( FP-ABS ) ( FP-ABS ) ( FP-LT? ) ( FP-EVAL ( FP-UPN ( FP-SUB )
( FP-SUB ) ( FP-DIV ) ( FP-MUL ) ) ) ( FP-LT? ) ( FP-EVAL ( FP-UPN ( FP-SUB )
( FP-SUB ) ( FP-DIV ) ( FP-MUL ) ) ) ( FP-LT? ) ( FP-LT? ) ( FP-LT? )
( FP-TRUNC ) ( FP-EVAL ( FP-UPN ( FP-ADD ) ( FP-SUB ) ) )
Missing character: There is no . in font nullfont!
Missing character: There is no 5 in font nullfont!
 <a0,fr45> ( FP-ABS )
( FP-ABS ) ( FP-LT? ) ( FP-EVAL ( FP-UPN ( FP-SUB ) ( FP-SUB ) ( FP-DIV )
( FP-MUL ) ) ) ( FP-LT? ) ( FP-EVAL ( FP-UPN ( FP-SUB ) ( FP-SUB ) ( FP-DIV )
( FP-MUL ) ) ) ( FP-LT? ) ( FP-LT? ) ( FP-LT? ) ( FP-TRUNC ) ( FP-EVAL
( FP-UPN ( FP-ADD ) ( FP-SUB ) ) )
Missing character: There is no . in font nullfont!
Missing character: There is no 5 in font nullfont!
 <a0,fr46> ( FP-ABS ) ( FP-ABS ) ( FP-LT? )
( FP-EVAL ( FP-UPN ( FP-SUB ) ( FP-SUB ) ( FP-DIV ) ( FP-MUL ) ) ) ( FP-LT? )
( FP-EVAL ( FP-UPN ( FP-SUB ) ( FP-SUB ) ( FP-DIV ) ( FP-MUL ) ) ) ( FP-LT? )
( FP-LT? ) ( FP-LT? ) ( FP-TRUNC ) ( FP-EVAL ( FP-UPN ( FP-ADD ) ( FP-SUB ) )
)
Missing character: There is no . in font nullfont!
Missing character: There is no 5 in font nullfont!
 <a0,fr47> ( FP-ABS ) ( FP-ABS ) ( FP-LT? ) ( FP-EVAL ( FP-UPN ( FP-SUB )
( FP-SUB ) ( FP-DIV ) ( FP-MUL ) ) ) ( FP-LT? ) ( FP-EVAL ( FP-UPN ( FP-SUB )
( FP-SUB ) ( FP-DIV ) ( FP-MUL ) ) ) ( FP-LT? ) ( FP-LT? ) ( FP-LT? )
( FP-TRUNC ) ( FP-EVAL ( FP-UPN ( FP-ADD ) ( FP-SUB ) ) )
Missing character: There is no . in font nullfont!
Missing character: There is no 5 in font nullfont!
 <a0,fr48> ( FP-ABS )
( FP-ABS ) ( FP-LT? ) ( FP-EVAL ( FP-UPN ( FP-SUB ) ( FP-SUB ) ( FP-DIV )
( FP-MUL ) ) ) ( FP-LT? ) ( FP-EVAL ( FP-UPN ( FP-SUB ) ( FP-SUB ) ( FP-DIV )
( FP-MUL ) ) ) ( FP-LT? ) ( FP-LT? ) ( FP-LT? ) ( FP-TRUNC ) ( FP-EVAL
( FP-UPN ( FP-ADD ) ( FP-SUB ) ) )
Missing character: There is no . in font nullfont!
Missing character: There is no 5 in font nullfont!
 <a0,fr49> ( FP-ABS ) ( FP-ABS ) ( FP-LT? )
( FP-EVAL ( FP-UPN ( FP-SUB ) ( FP-SUB ) ( FP-DIV ) ( FP-MUL ) ) ) ( FP-LT? )
( FP-EVAL ( FP-UPN ( FP-SUB ) ( FP-SUB ) ( FP-DIV ) ( FP-MUL ) ) ) ( FP-LT? )
( FP-LT? ) ( FP-LT? ) ( FP-TRUNC ) ( FP-EVAL ( FP-UPN ( FP-ADD ) ( FP-SUB ) )
)
Missing character: There is no . in font nullfont!
Missing character: There is no 5 in font nullfont!
 <a0,fr50> ( FP-ABS ) ( FP-ABS ) ( FP-LT? ) ( FP-EVAL ( FP-UPN ( FP-SUB )
( FP-SUB ) ( FP-DIV ) ( FP-MUL ) ) ) ( FP-LT? ) ( FP-EVAL ( FP-UPN ( FP-SUB )
( FP-SUB ) ( FP-DIV ) ( FP-MUL ) ) ) ( FP-LT? ) ( FP-LT? ) ( FP-LT? )
( FP-TRUNC ) ( FP-EVAL ( FP-UPN ( FP-ADD ) ( FP-SUB ) ) )
Missing character: There is no . in font nullfont!
Missing character: There is no 5 in font nullfont!
 <a0,fr51> ( FP-ABS )
( FP-ABS ) ( FP-LT? ) ( FP-EVAL ( FP-UPN ( FP-SUB ) ( FP-SUB ) ( FP-DIV )
( FP-MUL ) ) ) ( FP-LT? ) ( FP-EVAL ( FP-UPN ( FP-SUB ) ( FP-SUB ) ( FP-DIV )
( FP-MUL ) ) ) ( FP-LT? ) ( FP-LT? ) ( FP-LT? ) ( FP-TRUNC ) ( FP-EVAL
( FP-UPN ( FP-ADD ) ( FP-SUB ) ) )
Missing character: There is no . in font nullfont!
Missing character: There is no 5 in font nullfont!
 <a0,fr52> ( FP-ABS ) ( FP-ABS ) ( FP-LT? )
( FP-EVAL ( FP-UPN ( FP-SUB ) ( FP-SUB ) ( FP-DIV ) ( FP-MUL ) ) ) ( FP-LT? )
( FP-EVAL ( FP-UPN ( FP-SUB ) ( FP-SUB ) ( FP-DIV ) ( FP-MUL ) ) ) ( FP-LT? )
( FP-LT? ) ( FP-LT? ) ( FP-TRUNC ) ( FP-EVAL ( FP-UPN ( FP-ADD ) ( FP-SUB ) )
)
Missing character: There is no . in font nullfont!
Missing character: There is no 5 in font nullfont!
 <a0,fr53> ( FP-ABS ) ( FP-ABS ) ( FP-LT? ) ( FP-EVAL ( FP-UPN ( FP-SUB )
( FP-SUB ) ( FP-DIV ) ( FP-MUL ) ) ) ( FP-LT? ) ( FP-EVAL ( FP-UPN ( FP-SUB )
( FP-SUB ) ( FP-DIV ) ( FP-MUL ) ) ) ( FP-LT? ) ( FP-LT? ) ( FP-LT? )
( FP-TRUNC ) ( FP-EVAL ( FP-UPN ( FP-ADD ) ( FP-SUB ) ) )
Missing character: There is no . in font nullfont!
Missing character: There is no 5 in font nullfont!
 <a0,fr54> ( FP-ABS )
( FP-ABS ) ( FP-LT? ) ( FP-EVAL ( FP-UPN ( FP-SUB ) ( FP-SUB ) ( FP-DIV )
( FP-MUL ) ) ) ( FP-LT? ) ( FP-EVAL ( FP-UPN ( FP-SUB ) ( FP-SUB ) ( FP-DIV )
( FP-MUL ) ) ) ( FP-LT? ) ( FP-LT? ) ( FP-LT? ) ( FP-TRUNC ) ( FP-EVAL
( FP-UPN ( FP-ADD ) ( FP-SUB ) ) )
Missing character: There is no . in font nullfont!
Missing character: There is no 5 in font nullfont!
 <a0,fr55> ( FP-ABS ) ( FP-ABS ) ( FP-LT? )
( FP-EVAL ( FP-UPN ( FP-SUB ) ( FP-SUB ) ( FP-DIV ) ( FP-MUL ) ) ) ( FP-LT? )
( FP-EVAL ( FP-UPN ( FP-SUB ) ( FP-SUB ) ( FP-DIV ) ( FP-MUL ) ) ) ( FP-LT? )
( FP-LT? ) ( FP-LT? ) ( FP-TRUNC ) ( FP-EVAL ( FP-UPN ( FP-ADD ) ( FP-SUB ) )
)
Missing character: There is no . in font nullfont!
Missing character: There is no 5 in font nullfont!
 <a0,fr56> ( FP-ABS ) ( FP-ABS ) ( FP-LT? ) ( FP-EVAL ( FP-UPN ( FP-SUB )
( FP-SUB ) ( FP-DIV ) ( FP-MUL ) ) ) ( FP-LT? ) ( FP-EVAL ( FP-UPN ( FP-SUB )
( FP-SUB ) ( FP-DIV ) ( FP-MUL ) ) ) ( FP-LT? ) ( FP-LT? ) ( FP-LT? )
( FP-TRUNC ) ( FP-EVAL ( FP-UPN ( FP-ADD ) ( FP-SUB ) ) )
Missing character: There is no . in font nullfont!
Missing character: There is no 5 in font nullfont!
 <a0,fr57> ( FP-ABS )
( FP-ABS ) ( FP-LT? ) ( FP-EVAL ( FP-UPN ( FP-SUB ) ( FP-SUB ) ( FP-DIV )
( FP-MUL ) ) ) ( FP-LT? ) ( FP-LT? ) ( FP-LT? ) ( FP-LT? ) ( FP-TRUNC )
( FP-EVAL ( FP-UPN ( FP-ADD ) ( FP-SUB ) ) )
Missing character: There is no . in font nullfont!
Missing character: There is no 5 in font nullfont!
 <a0,fr58> ( FP-ABS ) ( FP-ABS )
( FP-LT? ) ( FP-EVAL ( FP-UPN ( FP-SUB ) ( FP-SUB ) ( FP-DIV ) ( FP-MUL ) ) )
( FP-LT? ) ( FP-LT? ) ( FP-LT? ) ( FP-LT? ) ( FP-TRUNC ) ( FP-EVAL ( FP-UPN
( FP-ADD ) ( FP-SUB ) ) )
Missing character: There is no . in font nullfont!
Missing character: There is no 5 in font nullfont!
 <a0,fr59> ( FP-ABS ) ( FP-ABS ) ( FP-LT? ) ( FP-EVAL
( FP-UPN ( FP-SUB ) ( FP-SUB ) ( FP-DIV ) ( FP-MUL ) ) ) ( FP-LT? ) ( FP-LT? )
( FP-LT? ) ( FP-LT? ) ( FP-TRUNC ) ( FP-EVAL ( FP-UPN ( FP-ADD ) ( FP-SUB ) )
)
Missing character: There is no . in font nullfont!
Missing character: There is no 5 in font nullfont!
 <a0,fr60> ( FP-ABS ) ( FP-ABS ) ( FP-LT? ) ( FP-EVAL ( FP-UPN ( FP-SUB )
( FP-SUB ) ( FP-DIV ) ( FP-MUL ) ) ) ( FP-LT? ) ( FP-LT? ) ( FP-LT? ) ( FP-LT?
) ( FP-TRUNC ) ( FP-EVAL ( FP-UPN ( FP-ADD ) ( FP-SUB ) ) )
Missing character: There is no . in font nullfont!
Missing character: There is no 5 in font nullfont!
 <a0,fr61> ( FP-ABS
) ( FP-ABS ) ( FP-LT? ) ( FP-EVAL ( FP-UPN ( FP-SUB ) ( FP-SUB ) ( FP-DIV )
( FP-MUL ) ) ) ( FP-LT? ) ( FP-LT? ) ( FP-LT? ) ( FP-LT? ) ( FP-TRUNC )
( FP-EVAL ( FP-UPN ( FP-ADD ) ( FP-SUB ) ) )
Missing character: There is no . in font nullfont!
Missing character: There is no 5 in font nullfont!
 <a0,fr62> ( FP-ABS ) ( FP-ABS )
( FP-LT? ) ( FP-EVAL ( FP-UPN ( FP-SUB ) ( FP-SUB ) ( FP-DIV ) ( FP-MUL ) ) )
( FP-LT? ) ( FP-LT? ) ( FP-LT? ) ( FP-LT? ) ( FP-TRUNC ) ( FP-EVAL ( FP-UPN
( FP-ADD ) ( FP-SUB ) ) )
Missing character: There is no . in font nullfont!
Missing character: There is no 5 in font nullfont!
 <a0,fr63> ( FP-ABS ) ( FP-ABS ) ( FP-LT? ) ( FP-EVAL
( FP-UPN ( FP-SUB ) ( FP-SUB ) ( FP-DIV ) ( FP-MUL ) ) ) ( FP-LT? ) ( FP-LT? )
( FP-LT? ) ( FP-LT? ) ( FP-TRUNC ) ( FP-EVAL ( FP-UPN ( FP-ADD ) ( FP-SUB ) )
)
Missing character: There is no . in font nullfont!
Missing character: There is no 5 in font nullfont!
 <a0,fr64> ( FP-ABS ) ( FP-ABS ) ( FP-LT? ) ( FP-EVAL ( FP-UPN ( FP-SUB )
( FP-SUB ) ( FP-DIV ) ( FP-MUL ) ) ) ( FP-LT? ) ( FP-LT? ) ( FP-LT? ) ( FP-LT?
) ( FP-TRUNC ) ( FP-EVAL ( FP-UPN ( FP-ADD ) ( FP-SUB ) ) )
Missing character: There is no . in font nullfont!
Missing character: There is no 5 in font nullfont!
 <a0,fr65> ( FP-ABS
) ( FP-ABS ) ( FP-LT? ) ( FP-EVAL ( FP-UPN ( FP-SUB ) ( FP-SUB ) ( FP-DIV )
( FP-MUL ) ) ) ( FP-LT? ) ( FP-LT? ) ( FP-LT? ) ( FP-LT? ) ( FP-TRUNC )
( FP-EVAL ( FP-UPN ( FP-ADD ) ( FP-SUB ) ) )
Missing character: There is no . in font nullfont!
Missing character: There is no 5 in font nullfont!
 <a0,fr66> ( FP-ABS ) ( FP-ABS )
( FP-LT? ) ( FP-EVAL ( FP-UPN ( FP-SUB ) ( FP-SUB ) ( FP-DIV ) ( FP-MUL ) ) )
( FP-LT? ) ( FP-LT? ) ( FP-LT? ) ( FP-LT? ) ( FP-TRUNC ) ( FP-EVAL ( FP-UPN
( FP-ADD ) ( FP-SUB ) ) )
Missing character: There is no . in font nullfont!
Missing character: There is no 5 in font nullfont!
 <a0,fr67> ( FP-ABS ) ( FP-ABS ) ( FP-LT? ) ( FP-EVAL
( FP-UPN ( FP-SUB ) ( FP-SUB ) ( FP-DIV ) ( FP-MUL ) ) ) ( FP-LT? ) ( FP-LT? )
( FP-LT? ) ( FP-LT? ) ( FP-TRUNC ) ( FP-EVAL ( FP-UPN ( FP-ADD ) ( FP-SUB ) )
)
Missing character: There is no . in font nullfont!
Missing character: There is no 5 in font nullfont!
 <a0,fr68> ( FP-ABS ) ( FP-ABS ) ( FP-LT? ) ( FP-EVAL ( FP-UPN ( FP-SUB )
( FP-SUB ) ( FP-DIV ) ( FP-MUL ) ) ) ( FP-LT? ) ( FP-LT? ) ( FP-LT? ) ( FP-LT?
) ( FP-TRUNC ) ( FP-EVAL ( FP-UPN ( FP-ADD ) ( FP-SUB ) ) )
Missing character: There is no . in font nullfont!
Missing character: There is no 5 in font nullfont!
 <a0,fr69> ( FP-ABS
) ( FP-ABS ) ( FP-LT? ) ( FP-EVAL ( FP-UPN ( FP-SUB ) ( FP-SUB ) ( FP-DIV )
( FP-MUL ) ) ) ( FP-LT? ) ( FP-LT? ) ( FP-LT? ) ( FP-LT? ) ( FP-TRUNC )
( FP-EVAL ( FP-UPN ( FP-ADD ) ( FP-SUB ) ) )
Missing character: There is no . in font nullfont!
Missing character: There is no 5 in font nullfont!
 <a0,fr70> ( FP-ABS ) ( FP-ABS )
( FP-LT? ) ( FP-EVAL ( FP-UPN ( FP-SUB ) ( FP-SUB ) ( FP-DIV ) ( FP-MUL ) ) )
( FP-LT? ) ( FP-LT? ) ( FP-LT? ) ( FP-LT? ) ( FP-TRUNC ) ( FP-EVAL ( FP-UPN
( FP-ADD ) ( FP-SUB ) ) )
Missing character: There is no . in font nullfont!
Missing character: There is no 5 in font nullfont!
 <a0,fr71> ( FP-ABS ) ( FP-ABS ) ( FP-LT? ) ( FP-EVAL
( FP-UPN ( FP-SUB ) ( FP-SUB ) ( FP-DIV ) ( FP-MUL ) ) ) ( FP-LT? ) ( FP-EVAL
( FP-UPN ( FP-SUB ) ( FP-SUB ) ( FP-DIV ) ( FP-MUL ) ) ) ( FP-LT? ) ( FP-EVAL
( FP-UPN ( FP-SUB ) ( FP-SUB ) ( FP-DIV ) ( FP-MUL ) ) ) ( FP-LT? ) ( FP-EVAL
( FP-UPN ( FP-SUB ) ( FP-SUB ) ( FP-DIV ) ( FP-MUL ) ) ) ( FP-LT? ) ( FP-EVAL
( FP-UPN ( FP-SUB ) ( FP-SUB ) ( FP-DIV ) ( FP-MUL ) ) ) ( FP-TRUNC )
( FP-EVAL ( FP-UPN ( FP-ADD ) ( FP-SUB ) ) )
Missing character: There is no . in font nullfont!
Missing character: There is no 5 in font nullfont!

Preview: Tightpage -327680 -327680 327680 327680
[1]
Package atveryend Info: Empty hook `BeforeClearDocument' on input line 189.
Package atveryend Info: Executing hook `AfterLastShipout' on input line 189.

("C:\Users\woxtrr0\Desktop\LaTeX Project\Wankelmotor Animation\wankel-motor.aux
"

Package atenddvi Warning: Rerun LaTeX, last page not yet found.

)
Package atveryend Info: Empty hook `AtVeryEndDocument' on input line 189.
Package atveryend Info: Empty hook `AtEndAfterFileList' on input line 189.
Package atveryend Info: Empty hook `AtVeryVeryEnd' on input line 189.
 ) 
Here is how much of TeX's memory you used:
 14050 strings out of 493922
 297989 string characters out of 3140076
 1446324 words of memory out of 3000000
 17090 multiletter control sequences out of 15000+200000
 3640 words of font info for 14 fonts, out of 3000000 for 9000
 841 hyphenation exceptions out of 8191
 55i,6n,60p,415b,795s stack positions out of 5000i,500n,10000p,200000b,50000s

Output written on wankel-motor.dvi (1 page, 1027088 bytes).
