\BOOKMARK [1][-]{section.1}{Matrizen}{}% 1
\BOOKMARK [2][-]{subsection.1.1}{Ohne Klammern}{section.1}% 2
\BOOKMARK [2][-]{subsection.1.2}{Runde Klammern}{section.1}% 3
\BOOKMARK [2][-]{subsection.1.3}{Eckige Klammern}{section.1}% 4
\BOOKMARK [2][-]{subsection.1.4}{Geschweifte Klammern}{section.1}% 5
\BOOKMARK [2][-]{subsection.1.5}{Betragsstriche}{section.1}% 6
\BOOKMARK [2][-]{subsection.1.6}{Doppelte Betragsstriche \(Norm\)}{section.1}% 7
\BOOKMARK [1][-]{section.2}{Matlab Quellcode}{}% 8
\BOOKMARK [2][-]{subsection.2.1}{Was wird ben\366tigt}{section.2}% 9
\BOOKMARK [2][-]{subsection.2.2}{Direkt in Latex}{section.2}% 10
\BOOKMARK [2][-]{subsection.2.3}{Aus einer Datei}{section.2}% 11
\BOOKMARK [2][-]{subsection.2.4}{Quellcode im Flie\337text}{section.2}% 12
\BOOKMARK [2][-]{subsection.2.5}{Mit Zeilennummern}{section.2}% 13
\BOOKMARK [2][-]{subsection.2.6}{Mit Kasten}{section.2}% 14
\BOOKMARK [2][-]{subsection.2.7}{Mit Farben}{section.2}% 15
\BOOKMARK [2][-]{subsection.2.8}{Mit anderen Zeilennummern}{section.2}% 16
\BOOKMARK [2][-]{subsection.2.9}{Kleinere Schriftart}{section.2}% 17
\BOOKMARK [2][-]{subsection.2.10}{Nochmal alles zusammen}{section.2}% 18
\BOOKMARK [2][-]{subsection.2.11}{Und nochmal Quellcode im Flie\337text}{section.2}% 19
\BOOKMARK [2][-]{subsection.2.12}{Quellen}{section.2}% 20
