This is pdfTeX, Version 3.1415926-2.5-1.40.14 (MiKTeX 2.9) (preloaded format=pdflatex 2014.7.7)  8 JUL 2014 15:17
entering extended mode
**tutorial.tex
("C:\Users\woxtrr0\Desktop\LaTeX Project\Eigenes Tutorial\tutorial.tex"
LaTeX2e <2011/06/27>
Babel <v3.8m> and hyphenation patterns for english, afrikaans, ancientgreek, ar
abic, armenian, assamese, basque, bengali, bokmal, bulgarian, catalan, coptic, 
croatian, czech, danish, dutch, esperanto, estonian, farsi, finnish, french, ga
lician, german, german-x-2013-05-26, greek, gujarati, hindi, hungarian, iceland
ic, indonesian, interlingua, irish, italian, kannada, kurmanji, latin, latvian,
 lithuanian, malayalam, marathi, mongolian, mongolianlmc, monogreek, ngerman, n
german-x-2013-05-26, nynorsk, oriya, panjabi, pinyin, polish, portuguese, roman
ian, russian, sanskrit, serbian, slovak, slovenian, spanish, swedish, swissgerm
an, tamil, telugu, turkish, turkmen, ukenglish, ukrainian, uppersorbian, usengl
ishmax, welsh, loaded.
(C:\Users\woxtrr0\Desktop\LaTeX\MikTexPortable\tex\latex\base\article.cls
Document Class: article 2007/10/19 v1.4h Standard LaTeX document class
(C:\Users\woxtrr0\Desktop\LaTeX\MikTexPortable\tex\latex\base\size11.clo
File: size11.clo 2007/10/19 v1.4h Standard LaTeX file (size option)
)
\c@part=\count79
\c@section=\count80
\c@subsection=\count81
\c@subsubsection=\count82
\c@paragraph=\count83
\c@subparagraph=\count84
\c@figure=\count85
\c@table=\count86
\abovecaptionskip=\skip41
\belowcaptionskip=\skip42
\bibindent=\dimen102
)
(C:\Users\woxtrr0\Desktop\LaTeX\MikTexPortable\tex\latex\base\inputenc.sty
Package: inputenc 2008/03/30 v1.1d Input encoding file
\inpenc@prehook=\toks14
\inpenc@posthook=\toks15

(C:\Users\woxtrr0\Desktop\LaTeX\MikTexPortable\tex\latex\base\latin1.def
File: latin1.def 2008/03/30 v1.1d Input encoding file
))
(C:\Users\woxtrr0\Desktop\LaTeX\MikTexPortable\tex\latex\amsmath\amsmath.sty
Package: amsmath 2013/01/14 v2.14 AMS math features
\@mathmargin=\skip43

For additional information on amsmath, use the `?' option.
(C:\Users\woxtrr0\Desktop\LaTeX\MikTexPortable\tex\latex\amsmath\amstext.sty
Package: amstext 2000/06/29 v2.01

(C:\Users\woxtrr0\Desktop\LaTeX\MikTexPortable\tex\latex\amsmath\amsgen.sty
File: amsgen.sty 1999/11/30 v2.0
\@emptytoks=\toks16
\ex@=\dimen103
))
(C:\Users\woxtrr0\Desktop\LaTeX\MikTexPortable\tex\latex\amsmath\amsbsy.sty
Package: amsbsy 1999/11/29 v1.2d
\pmbraise@=\dimen104
)
(C:\Users\woxtrr0\Desktop\LaTeX\MikTexPortable\tex\latex\amsmath\amsopn.sty
Package: amsopn 1999/12/14 v2.01 operator names
)
\inf@bad=\count87
LaTeX Info: Redefining \frac on input line 210.
\uproot@=\count88
\leftroot@=\count89
LaTeX Info: Redefining \overline on input line 306.
\classnum@=\count90
\DOTSCASE@=\count91
LaTeX Info: Redefining \ldots on input line 378.
LaTeX Info: Redefining \dots on input line 381.
LaTeX Info: Redefining \cdots on input line 466.
\Mathstrutbox@=\box26
\strutbox@=\box27
\big@size=\dimen105
LaTeX Font Info:    Redeclaring font encoding OML on input line 566.
LaTeX Font Info:    Redeclaring font encoding OMS on input line 567.
\macc@depth=\count92
\c@MaxMatrixCols=\count93
\dotsspace@=\muskip10
\c@parentequation=\count94
\dspbrk@lvl=\count95
\tag@help=\toks17
\row@=\count96
\column@=\count97
\maxfields@=\count98
\andhelp@=\toks18
\eqnshift@=\dimen106
\alignsep@=\dimen107
\tagshift@=\dimen108
\tagwidth@=\dimen109
\totwidth@=\dimen110
\lineht@=\dimen111
\@envbody=\toks19
\multlinegap=\skip44
\multlinetaggap=\skip45
\mathdisplay@stack=\toks20
LaTeX Info: Redefining \[ on input line 2665.
LaTeX Info: Redefining \] on input line 2666.
)
(C:\Users\woxtrr0\Desktop\LaTeX\MikTexPortable\tex\latex\amsfonts\amsfonts.sty
Package: amsfonts 2013/01/14 v3.01 Basic AMSFonts support
\symAMSa=\mathgroup4
\symAMSb=\mathgroup5
LaTeX Font Info:    Overwriting math alphabet `\mathfrak' in version `bold'
(Font)                  U/euf/m/n --> U/euf/b/n on input line 106.
) (C:\Users\woxtrr0\Desktop\LaTeX\MikTexPortable\tex\latex\amsfonts\amssymb.sty
Package: amssymb 2013/01/14 v3.01 AMS font symbols
) (C:\Users\woxtrr0\Desktop\LaTeX\MikTexPortable\tex\latex\base\makeidx.sty
Package: makeidx 2000/03/29 v1.0m Standard LaTeX package
)
(C:\Users\woxtrr0\Desktop\LaTeX\MikTexPortable\tex\latex\graphics\graphicx.sty
Package: graphicx 1999/02/16 v1.0f Enhanced LaTeX Graphics (DPC,SPQR)

(C:\Users\woxtrr0\Desktop\LaTeX\MikTexPortable\tex\latex\graphics\keyval.sty
Package: keyval 1999/03/16 v1.13 key=value parser (DPC)
\KV@toks@=\toks21
)
(C:\Users\woxtrr0\Desktop\LaTeX\MikTexPortable\tex\latex\graphics\graphics.sty
Package: graphics 2009/02/05 v1.0o Standard LaTeX Graphics (DPC,SPQR)

(C:\Users\woxtrr0\Desktop\LaTeX\MikTexPortable\tex\latex\graphics\trig.sty
Package: trig 1999/03/16 v1.09 sin cos tan (DPC)
)
(C:\Users\woxtrr0\Desktop\LaTeX\MikTexPortable\tex\latex\00miktex\graphics.cfg
File: graphics.cfg 2007/01/18 v1.5 graphics configuration of teTeX/TeXLive
)
Package graphics Info: Driver file: pdftex.def on input line 91.
(C:\Users\woxtrr0\Desktop\LaTeX\MikTexPortable\tex\latex\pdftex-def\pdftex.def
File: pdftex.def 2011/05/27 v0.06d Graphics/color for pdfTeX

(C:\Users\woxtrr0\Desktop\LaTeX\MikTexPortable\tex\generic\oberdiek\infwarerr.s
ty
Package: infwarerr 2010/04/08 v1.3 Providing info/warning/error messages (HO)
)
(C:\Users\woxtrr0\Desktop\LaTeX\MikTexPortable\tex\generic\oberdiek\ltxcmds.sty
Package: ltxcmds 2011/11/09 v1.22 LaTeX kernel commands for general use (HO)
)
\Gread@gobject=\count99
))
\Gin@req@height=\dimen112
\Gin@req@width=\dimen113
)
(C:\Users\woxtrr0\Desktop\LaTeX\MikTexPortable\tex\latex\listings\listings.sty
\lst@mode=\count100
\lst@gtempboxa=\box28
\lst@token=\toks22
\lst@length=\count101
\lst@currlwidth=\dimen114
\lst@column=\count102
\lst@pos=\count103
\lst@lostspace=\dimen115
\lst@width=\dimen116
\lst@newlines=\count104
\lst@lineno=\count105
\lst@maxwidth=\dimen117

(C:\Users\woxtrr0\Desktop\LaTeX\MikTexPortable\tex\latex\listings\lstmisc.sty
File: lstmisc.sty 2014/03/04 1.5c (Carsten Heinz)
\c@lstnumber=\count106
\lst@skipnumbers=\count107
\lst@framebox=\box29
)
(C:\Users\woxtrr0\Desktop\LaTeX\MikTexPortable\tex\latex\listings\listings.cfg
File: listings.cfg 2014/03/04 1.5c listings configuration
))
Package: listings 2014/03/04 1.5c (Carsten Heinz)
 (C:\Users\woxtrr0\Desktop\LaTeX\MikTexPortable\tex\latex\xcolor\xcolor.sty
Package: xcolor 2007/01/21 v2.11 LaTeX color extensions (UK)

(C:\Users\woxtrr0\Desktop\LaTeX\MikTexPortable\tex\latex\00miktex\color.cfg
File: color.cfg 2007/01/18 v1.5 color configuration of teTeX/TeXLive
)
Package xcolor Info: Driver file: pdftex.def on input line 225.
Package xcolor Info: Model `cmy' substituted by `cmy0' on input line 1337.
Package xcolor Info: Model `hsb' substituted by `rgb' on input line 1341.
Package xcolor Info: Model `RGB' extended on input line 1353.
Package xcolor Info: Model `HTML' substituted by `rgb' on input line 1355.
Package xcolor Info: Model `Hsb' substituted by `hsb' on input line 1356.
Package xcolor Info: Model `tHsb' substituted by `hsb' on input line 1357.
Package xcolor Info: Model `HSB' substituted by `hsb' on input line 1358.
Package xcolor Info: Model `Gray' substituted by `gray' on input line 1359.
Package xcolor Info: Model `wave' substituted by `hsb' on input line 1360.
)
(C:\Users\woxtrr0\Desktop\LaTeX\MikTexPortable\tex\latex\hyperref\hyperref.sty
Package: hyperref 2012/11/06 v6.83m Hypertext links for LaTeX

(C:\Users\woxtrr0\Desktop\LaTeX\MikTexPortable\tex\generic\oberdiek\hobsub-hype
rref.sty
Package: hobsub-hyperref 2012/04/25 v1.12 Bundle oberdiek, subset hyperref (HO)


(C:\Users\woxtrr0\Desktop\LaTeX\MikTexPortable\tex\generic\oberdiek\hobsub-gene
ric.sty
Package: hobsub-generic 2012/04/25 v1.12 Bundle oberdiek, subset generic (HO)
Package: hobsub 2012/04/25 v1.12 Construct package bundles (HO)
Package hobsub Info: Skipping package `infwarerr' (already loaded).
Package hobsub Info: Skipping package `ltxcmds' (already loaded).
Package: ifluatex 2010/03/01 v1.3 Provides the ifluatex switch (HO)
Package ifluatex Info: LuaTeX not detected.
Package: ifvtex 2010/03/01 v1.5 Detect VTeX and its facilities (HO)
Package ifvtex Info: VTeX not detected.
Package: intcalc 2007/09/27 v1.1 Expandable calculations with integers (HO)
Package: ifpdf 2011/01/30 v2.3 Provides the ifpdf switch (HO)
Package ifpdf Info: pdfTeX in PDF mode is detected.
Package: etexcmds 2011/02/16 v1.5 Avoid name clashes with e-TeX commands (HO)
Package etexcmds Info: Could not find \expanded.
(etexcmds)             That can mean that you are not using pdfTeX 1.50 or
(etexcmds)             that some package has redefined \expanded.
(etexcmds)             In the latter case, load this package earlier.
Package: kvsetkeys 2012/04/25 v1.16 Key value parser (HO)
Package: kvdefinekeys 2011/04/07 v1.3 Define keys (HO)
Package: pdftexcmds 2011/11/29 v0.20 Utility functions of pdfTeX for LuaTeX (HO
)
Package pdftexcmds Info: LuaTeX not detected.
Package pdftexcmds Info: \pdf@primitive is available.
Package pdftexcmds Info: \pdf@ifprimitive is available.
Package pdftexcmds Info: \pdfdraftmode found.
Package: pdfescape 2011/11/25 v1.13 Implements pdfTeX's escape features (HO)
Package: bigintcalc 2012/04/08 v1.3 Expandable calculations on big integers (HO
)
Package: bitset 2011/01/30 v1.1 Handle bit-vector datatype (HO)
Package: uniquecounter 2011/01/30 v1.2 Provide unlimited unique counter (HO)
)
Package hobsub Info: Skipping package `hobsub' (already loaded).
Package: letltxmacro 2010/09/02 v1.4 Let assignment for LaTeX macros (HO)
Package: hopatch 2011/06/24 v1.1 Wrapper for package hooks (HO)
Package: xcolor-patch 2011/01/30 xcolor patch
Package: atveryend 2011/06/30 v1.8 Hooks at the very end of document (HO)
Package atveryend Info: \enddocument detected (standard20110627).
Package: atbegshi 2011/10/05 v1.16 At begin shipout hook (HO)
Package: refcount 2011/10/16 v3.4 Data extraction from label references (HO)
Package: hycolor 2011/01/30 v1.7 Color options for hyperref/bookmark (HO)
)
(C:\Users\woxtrr0\Desktop\LaTeX\MikTexPortable\tex\generic\ifxetex\ifxetex.sty
Package: ifxetex 2010/09/12 v0.6 Provides ifxetex conditional
) (C:\Users\woxtrr0\Desktop\LaTeX\MikTexPortable\tex\latex\oberdiek\auxhook.sty
Package: auxhook 2011/03/04 v1.3 Hooks for auxiliary files (HO)
)
(C:\Users\woxtrr0\Desktop\LaTeX\MikTexPortable\tex\latex\oberdiek\kvoptions.sty
Package: kvoptions 2011/06/30 v3.11 Key value format for package options (HO)
)
\@linkdim=\dimen118
\Hy@linkcounter=\count108
\Hy@pagecounter=\count109
 (C:\Users\woxtrr0\Desktop\LaTeX\MikTexPortable\tex\latex\hyperref\pd1enc.def
File: pd1enc.def 2012/11/06 v6.83m Hyperref: PDFDocEncoding definition (HO)
)
\Hy@SavedSpaceFactor=\count110
(C:\Users\woxtrr0\Desktop\LaTeX\MikTexPortable\tex\latex\00miktex\hyperref.cfg
File: hyperref.cfg 2002/06/06 v1.2 hyperref configuration of TeXLive
)
Package hyperref Info: Hyper figures OFF on input line 4443.
Package hyperref Info: Link nesting OFF on input line 4448.
Package hyperref Info: Hyper index ON on input line 4451.
Package hyperref Info: Plain pages OFF on input line 4458.
Package hyperref Info: Backreferencing OFF on input line 4463.
Package hyperref Info: Implicit mode ON; LaTeX internals redefined.
Package hyperref Info: Bookmarks ON on input line 4688.
\c@Hy@tempcnt=\count111
(C:\Users\woxtrr0\Desktop\LaTeX\MikTexPortable\tex\latex\url\url.sty
\Urlmuskip=\muskip11
Package: url 2013/09/16  ver 3.4  Verb mode for urls, etc.
)
LaTeX Info: Redefining \url on input line 5041.
\XeTeXLinkMargin=\dimen119
\Fld@menulength=\count112
\Field@Width=\dimen120
\Fld@charsize=\dimen121
Package hyperref Info: Hyper figures OFF on input line 6295.
Package hyperref Info: Link nesting OFF on input line 6300.
Package hyperref Info: Hyper index ON on input line 6303.
Package hyperref Info: backreferencing OFF on input line 6310.
Package hyperref Info: Link coloring OFF on input line 6315.
Package hyperref Info: Link coloring with OCG OFF on input line 6320.
Package hyperref Info: PDF/A mode OFF on input line 6325.
LaTeX Info: Redefining \ref on input line 6365.
LaTeX Info: Redefining \pageref on input line 6369.
\Hy@abspage=\count113
\c@Item=\count114
\c@Hfootnote=\count115
)

Package hyperref Message: Driver (autodetected): hpdftex.

(C:\Users\woxtrr0\Desktop\LaTeX\MikTexPortable\tex\latex\hyperref\hpdftex.def
File: hpdftex.def 2012/11/06 v6.83m Hyperref driver for pdfTeX
\Fld@listcount=\count116
\c@bookmark@seq@number=\count117

(C:\Users\woxtrr0\Desktop\LaTeX\MikTexPortable\tex\latex\oberdiek\rerunfilechec
k.sty
Package: rerunfilecheck 2011/04/15 v1.7 Rerun checks for auxiliary files (HO)
Package uniquecounter Info: New unique counter `rerunfilecheck' on input line 2
82.
)
\Hy@SectionHShift=\skip46
) ("C:\Users\woxtrr0\Desktop\LaTeX Project\Eigenes Tutorial\tutorial.aux")
LaTeX Font Info:    Checking defaults for OML/cmm/m/it on input line 18.
LaTeX Font Info:    ... okay on input line 18.
LaTeX Font Info:    Checking defaults for T1/cmr/m/n on input line 18.
LaTeX Font Info:    ... okay on input line 18.
LaTeX Font Info:    Checking defaults for OT1/cmr/m/n on input line 18.
LaTeX Font Info:    ... okay on input line 18.
LaTeX Font Info:    Checking defaults for OMS/cmsy/m/n on input line 18.
LaTeX Font Info:    ... okay on input line 18.
LaTeX Font Info:    Checking defaults for OMX/cmex/m/n on input line 18.
LaTeX Font Info:    ... okay on input line 18.
LaTeX Font Info:    Checking defaults for U/cmr/m/n on input line 18.
LaTeX Font Info:    ... okay on input line 18.
LaTeX Font Info:    Checking defaults for PD1/pdf/m/n on input line 18.
LaTeX Font Info:    ... okay on input line 18.
 (C:\Users\woxtrr0\Desktop\LaTeX\MikTexPortable\tex\context\base\supp-pdf.mkii
[Loading MPS to PDF converter (version 2006.09.02).]
\scratchcounter=\count118
\scratchdimen=\dimen122
\scratchbox=\box30
\nofMPsegments=\count119
\nofMParguments=\count120
\everyMPshowfont=\toks23
\MPscratchCnt=\count121
\MPscratchDim=\dimen123
\MPnumerator=\count122
\makeMPintoPDFobject=\count123
\everyMPtoPDFconversion=\toks24
)
\c@lstlisting=\count124
\AtBeginShipoutBox=\box31
Package hyperref Info: Link coloring OFF on input line 18.
 (C:\Users\woxtrr0\Desktop\LaTeX\MikTexPortable\tex\latex\hyperref\nameref.sty
Package: nameref 2012/10/27 v2.43 Cross-referencing by name of section

(C:\Users\woxtrr0\Desktop\LaTeX\MikTexPortable\tex\generic\oberdiek\gettitlestr
ing.sty
Package: gettitlestring 2010/12/03 v1.4 Cleanup title references (HO)
)
\c@section@level=\count125
)
LaTeX Info: Redefining \ref on input line 18.
LaTeX Info: Redefining \pageref on input line 18.
LaTeX Info: Redefining \nameref on input line 18.
 ("C:\Users\woxtrr0\Desktop\LaTeX Project\Eigenes Tutorial\tutorial.out") ("C:\
Users\woxtrr0\Desktop\LaTeX Project\Eigenes Tutorial\tutorial.out")
\@outlinefile=\write3
LaTeX Font Info:    Try loading font information for U+msa on input line 24.

(C:\Users\woxtrr0\Desktop\LaTeX\MikTexPortable\tex\latex\amsfonts\umsa.fd
File: umsa.fd 2013/01/14 v3.01 AMS symbols A
)
LaTeX Font Info:    Try loading font information for U+msb on input line 24.

(C:\Users\woxtrr0\Desktop\LaTeX\MikTexPortable\tex\latex\amsfonts\umsb.fd
File: umsb.fd 2013/01/14 v3.01 AMS symbols B
)
[1

{C:/Users/woxtrr0/Desktop/LaTeX/MikTexPortable/pdftex/config/pdftex.map}]
Underfull \hbox (badness 10000) in paragraph at lines 58--59

 []

LaTeX Font Info:    Try loading font information for OMS+cmr on input line 60.
(C:\Users\woxtrr0\Desktop\LaTeX\MikTexPortable\tex\latex\base\omscmr.fd
File: omscmr.fd 1999/05/25 v2.5h Standard LaTeX font definitions
)
LaTeX Font Info:    Font shape `OMS/cmr/m/n' in size <10.95> not available
(Font)              Font shape `OMS/cmsy/m/n' tried instead on input line 60.

Underfull \hbox (badness 10000) in paragraph at lines 62--63

 []

(C:\Users\woxtrr0\Desktop\LaTeX\MikTexPortable\tex\latex\listings\lstlang1.sty
File: lstlang1.sty 2014/03/04 1.5c listings language file
) ("C:\Users\woxtrr0\Desktop\LaTeX Project\Eigenes Tutorial\optimizer_v01.m"
[2]) [3]
("C:\Users\woxtrr0\Desktop\LaTeX Project\Eigenes Tutorial\optimizer_v01.m")
[4]
Overfull \hbox (9.86368pt too wide) in paragraph at lines 153--154
[]\OT1/cmr/m/n/10.95 Allgemein: []$\OT1/cmtt/m/n/10.95 http : / / wiki . infost
udium . de / wiki / Quelltext _ in _ LaTeX$[] 
 []


Overfull \hbox (26.89758pt too wide) in paragraph at lines 154--155
[]\OT1/cmr/m/n/10.95 Andere Zeilen-num-mern: []$\OT1/cmtt/m/n/10.95 http : / / 
en . wikibooks . org / wiki / LaTeX / Source _$
 []

Package atveryend Info: Empty hook `BeforeClearDocument' on input line 158.
[5]
Package atveryend Info: Empty hook `AfterLastShipout' on input line 158.
 ("C:\Users\woxtrr0\Desktop\LaTeX Project\Eigenes Tutorial\tutorial.aux")
Package atveryend Info: Executing hook `AtVeryEndDocument' on input line 158.
Package atveryend Info: Executing hook `AtEndAfterFileList' on input line 158.
Package rerunfilecheck Info: File `tutorial.out' has not changed.
(rerunfilecheck)             Checksum: AB04E7956728743C36D0AEFB133E521F;1340.
Package atveryend Info: Empty hook `AtVeryVeryEnd' on input line 158.
 ) 
Here is how much of TeX's memory you used:
 8703 strings out of 493921
 122074 string characters out of 3133993
 331817 words of memory out of 3000000
 11771 multiletter control sequences out of 15000+200000
 10488 words of font info for 40 fonts, out of 3000000 for 9000
 841 hyphenation exceptions out of 8191
 29i,7n,40p,267b,2312s stack positions out of 5000i,500n,10000p,200000b,50000s
<C:/Users/woxtrr0/Desktop/LaTeX/MikTexPortable/fonts/type1/public/amsfonts/cm
/cmbx10.pfb><C:/Users/woxtrr0/Desktop/LaTeX/MikTexPortable/fonts/type1/public/a
msfonts/cm/cmbx12.pfb><C:/Users/woxtrr0/Desktop/LaTeX/MikTexPortable/fonts/type
1/public/amsfonts/cm/cmex10.pfb><C:/Users/woxtrr0/Desktop/LaTeX/MikTexPortable/
fonts/type1/public/amsfonts/cm/cmmi10.pfb><C:/Users/woxtrr0/Desktop/LaTeX/MikTe
xPortable/fonts/type1/public/amsfonts/cm/cmr10.pfb><C:/Users/woxtrr0/Desktop/La
TeX/MikTexPortable/fonts/type1/public/amsfonts/cm/cmr6.pfb><C:/Users/woxtrr0/De
sktop/LaTeX/MikTexPortable/fonts/type1/public/amsfonts/cm/cmr8.pfb><C:/Users/wo
xtrr0/Desktop/LaTeX/MikTexPortable/fonts/type1/public/amsfonts/cm/cmsy10.pfb><C
:/Users/woxtrr0/Desktop/LaTeX/MikTexPortable/fonts/type1/public/amsfonts/cm/cmt
i10.pfb><C:/Users/woxtrr0/Desktop/LaTeX/MikTexPortable/fonts/type1/public/amsfo
nts/cm/cmtt10.pfb><C:/Users/woxtrr0/Desktop/LaTeX/MikTexPortable/fonts/type1/pu
blic/amsfonts/cm/cmtt8.pfb>
Output written on tutorial.pdf (5 pages, 165102 bytes).
PDF statistics:
 301 PDF objects out of 1000 (max. 8388607)
 144 named destinations out of 1000 (max. 500000)
 161 words of extra memory for PDF output out of 10000 (max. 10000000)

