This is pdfTeX, Version 3.1415926-2.5-1.40.14 (MiKTeX 2.9) (preloaded format=pdflatex 2014.7.7)  7 JUL 2014 14:34
entering extended mode
**Masterarbeit.tex
("C:\Users\woxtrr0\Desktop\Masterarbeit TeX Vorlage\Masterarbeit.tex"
LaTeX2e <2011/06/27>
Babel <v3.8m> and hyphenation patterns for english, afrikaans, ancientgreek, ar
abic, armenian, assamese, basque, bengali, bokmal, bulgarian, catalan, coptic, 
croatian, czech, danish, dutch, esperanto, estonian, farsi, finnish, french, ga
lician, german, german-x-2013-05-26, greek, gujarati, hindi, hungarian, iceland
ic, indonesian, interlingua, irish, italian, kannada, kurmanji, latin, latvian,
 lithuanian, malayalam, marathi, mongolian, mongolianlmc, monogreek, ngerman, n
german-x-2013-05-26, nynorsk, oriya, panjabi, pinyin, polish, portuguese, roman
ian, russian, sanskrit, serbian, slovak, slovenian, spanish, swedish, swissgerm
an, tamil, telugu, turkish, turkmen, ukenglish, ukrainian, uppersorbian, usengl
ishmax, welsh, loaded.

(C:\Users\woxtrr0\Desktop\LaTeX\MikTexPortable\tex\latex\koma-script\scrreprt.c
ls
Document Class: scrreprt 2013/12/19 v3.12 KOMA-Script document class (report)

(C:\Users\woxtrr0\Desktop\LaTeX\MikTexPortable\tex\latex\koma-script\scrkbase.s
ty
Package: scrkbase 2013/12/19 v3.12 KOMA-Script package (KOMA-Script-dependent b
asics and keyval usage)

(C:\Users\woxtrr0\Desktop\LaTeX\MikTexPortable\tex\latex\koma-script\scrbase.st
y
Package: scrbase 2013/12/19 v3.12 KOMA-Script package (KOMA-Script-independent 
basics and keyval usage)
 (C:\Users\woxtrr0\Desktop\LaTeX\MikTexPortable\tex\latex\graphics\keyval.sty
Package: keyval 1999/03/16 v1.13 key=value parser (DPC)
\KV@toks@=\toks14
)
(C:\Users\woxtrr0\Desktop\LaTeX\MikTexPortable\tex\latex\koma-script\scrlfile.s
ty
Package: scrlfile 2013/12/19 v3.12 KOMA-Script package (loading files)

Package scrlfile, 2013/12/19 v3.12 KOMA-Script package (loading files)
                  Copyright (C) Markus Kohm

)))
(C:\Users\woxtrr0\Desktop\LaTeX\MikTexPortable\tex\latex\koma-script\tocbasic.s
ty
Package: tocbasic 2013/12/19 v3.12 KOMA-Script package (handling toc-files)
)
Package tocbasic Info: omitting babel extension for `toc'
(tocbasic)             because of feature `nobabel' available
(tocbasic)             for `toc' on input line 117.
Package tocbasic Info: omitting babel extension for `lof'
(tocbasic)             because of feature `nobabel' available
(tocbasic)             for `lof' on input line 118.
Package tocbasic Info: omitting babel extension for `lot'
(tocbasic)             because of feature `nobabel' available
(tocbasic)             for `lot' on input line 119.
Package tocbasic Info: defining new hook before heading of `' on input line 112
3.
Package scrreprt Info: You've used standard option `11pt'.
(scrreprt)             This is correct!
(scrreprt)             Internally I'm using `fontsize=11pt'.
(scrreprt)             If you'd like to set the option with \KOMAoptions,
(scrreprt)             you'd have to use `fontsize=11pt' there
(scrreprt)             instead of `11pt', too.
Class scrreprt Info: You've used standard option `oneside'.
(scrreprt)           This is correct!
(scrreprt)           Internally I'm using `twoside=false'.
(scrreprt)           If you'd like to set the option with \KOMAoptions,
(scrreprt)           you'd have to use `twoside=false' there
(scrreprt)           instead of `oneside', too.
Package scrbase Info: Unknown processing state.
(scrbase)             Processing option `twoside=false'
(scrbase)             of member `.scrreprt.cls'
(scrbase)             of family `KOMA'
(scrbase)             doesn't set a valid state.
(scrbase)             This will be interpreted
(scrbase)             as \FamilyKeyStateProcessed on input line 1274.
Class scrreprt Info: You've used standard option `final'.
(scrreprt)           This is correct!
(scrreprt)           Internally I'm using `draft=false'.
(scrreprt)           If you'd like to set the option with \KOMAoptions,
(scrreprt)           you'd have to use `draft=false' there
(scrreprt)           instead of `final', too.
Class scrreprt Info: File `scrsize11pt.clo' used to setup font sizes on input l
ine 1655.

(C:\Users\woxtrr0\Desktop\LaTeX\MikTexPortable\tex\latex\koma-script\scrsize11p
t.clo
File: scrsize11pt.clo 2013/12/19 v3.12 KOMA-Script font size class option (11pt
)
)
(C:\Users\woxtrr0\Desktop\LaTeX\MikTexPortable\tex\latex\koma-script\typearea.s
ty
Package: typearea 2013/12/19 v3.12 KOMA-Script package (type area)

Package typearea, 2013/12/19 v3.12 KOMA-Script package (type area)
                  Copyright (C) Frank Neukam, 1992-1994
                  Copyright (C) Markus Kohm, 1994-

\ta@bcor=\skip41
\ta@div=\count79
Package typearea Info: You've used standard option `a4paper'.
(typearea)             This is correct!
(typearea)             Internally I'm using `paper=a4'.
(typearea)             If you'd like to set the option with \KOMAoptions,
(typearea)             you'd have to use `paper=a4' there
(typearea)             instead of `a4paper', too.
Package typearea Info: You've used standard option `oneside'.
(typearea)             This is correct!
(typearea)             Internally I'm using `twoside=false'.
(typearea)             If you'd like to set the option with \KOMAoptions,
(typearea)             you'd have to use `twoside=false' there
(typearea)             instead of `oneside', too.
\ta@hblk=\skip42
\ta@vblk=\skip43
\ta@temp=\skip44
\footheight=\skip45
Package typearea Info: These are the values describing the layout:
(typearea)             DIV  = 10
(typearea)             BCOR = 0.0pt
(typearea)             \paperwidth      = 597.50793pt
(typearea)              \textwidth      = 418.25555pt
(typearea)              DIV departure   = -6%
(typearea)              \evensidemargin = 17.3562pt
(typearea)              \oddsidemargin  = 17.3562pt
(typearea)             \paperheight     = 845.04694pt
(typearea)              \textheight     = 595.80026pt
(typearea)              \topmargin      = -25.16531pt
(typearea)              \headheight     = 17.0pt
(typearea)              \headsep        = 20.40001pt
(typearea)              \topskip        = 11.0pt
(typearea)              \footskip       = 47.6pt
(typearea)              \baselineskip   = 13.6pt
(typearea)              on input line 1330.
)
\c@part=\count80
\c@chapter=\count81
\c@section=\count82
\c@subsection=\count83
\c@subsubsection=\count84
\c@paragraph=\count85
\c@subparagraph=\count86
\abovecaptionskip=\skip46
\belowcaptionskip=\skip47
\c@pti@nb@sid@b@x=\box26
\c@figure=\count87
\c@table=\count88
\bibindent=\dimen102
) ("C:\Users\woxtrr0\Desktop\Masterarbeit TeX Vorlage\Meta.tex")
("C:\Users\woxtrr0\Desktop\Masterarbeit TeX Vorlage\Packages.tex"
(C:\Users\woxtrr0\Desktop\LaTeX\MikTexPortable\tex\latex\koma-script\scrpage2.s
ty
Package: scrpage2 2013/12/19 v3.12 KOMA-Script package (page head and foot)
LaTeX Info: Redefining \pagemark on input line 174.
) (C:\Users\woxtrr0\Desktop\LaTeX\MikTexPortable\tex\generic\babel\babel.sty
Package: babel 2008/07/08 v3.8m The Babel package

*************************************
* Local config file bblopts.cfg used
*
(C:\Users\woxtrr0\Desktop\LaTeX\MikTexPortable\tex\latex\00miktex\bblopts.cfg
File: bblopts.cfg 2006/07/31 v1.0 MiKTeX 'babel' configuration
)
(C:\Users\woxtrr0\Desktop\LaTeX\MikTexPortable\tex\generic\babel\ngermanb.ldf
Language: ngermanb 2008/07/06 v2.6n new German support from the babel system

(C:\Users\woxtrr0\Desktop\LaTeX\MikTexPortable\tex\generic\babel\babel.def
File: babel.def 2008/07/08 v3.8m Babel common definitions
\babel@savecnt=\count89
\U@D=\dimen103
)
\l@naustrian = a dialect from \language\l@ngerman 
Package babel Info: Making " an active character on input line 92.
))
(C:\Users\woxtrr0\Desktop\LaTeX\MikTexPortable\tex\latex\base\inputenc.sty
Package: inputenc 2008/03/30 v1.1d Input encoding file
\inpenc@prehook=\toks15
\inpenc@posthook=\toks16

(C:\Users\woxtrr0\Desktop\LaTeX\MikTexPortable\tex\latex\base\latin1.def
File: latin1.def 2008/03/30 v1.1d Input encoding file
))
(C:\Users\woxtrr0\Desktop\LaTeX\MikTexPortable\tex\latex\base\fontenc.sty
Package: fontenc 2005/09/27 v1.99g Standard LaTeX package

(C:\Users\woxtrr0\Desktop\LaTeX\MikTexPortable\tex\latex\base\t1enc.def
File: t1enc.def 2005/09/27 v1.99g Standard LaTeX file
LaTeX Font Info:    Redeclaring font encoding T1 on input line 43.
))
(C:\Users\woxtrr0\Desktop\LaTeX\MikTexPortable\tex\latex\base\textcomp.sty
Package: textcomp 2005/09/27 v1.99g Standard LaTeX package
Package textcomp Info: Sub-encoding information:
(textcomp)               5 = only ISO-Adobe without \textcurrency
(textcomp)               4 = 5 + \texteuro
(textcomp)               3 = 4 + \textohm
(textcomp)               2 = 3 + \textestimated + \textcurrency
(textcomp)               1 = TS1 - \textcircled - \t
(textcomp)               0 = TS1 (full)
(textcomp)             Font families with sub-encoding setting implement
(textcomp)             only a restricted character set as indicated.
(textcomp)             Family '?' is the default used for unknown fonts.
(textcomp)             See the documentation for details.
Package textcomp Info: Setting ? sub-encoding to TS1/1 on input line 71.

(C:\Users\woxtrr0\Desktop\LaTeX\MikTexPortable\tex\latex\base\ts1enc.def
File: ts1enc.def 2001/06/05 v3.0e (jk/car/fm) Standard LaTeX file
)
LaTeX Info: Redefining \oldstylenums on input line 266.
Package textcomp Info: Setting cmr sub-encoding to TS1/0 on input line 281.
Package textcomp Info: Setting cmss sub-encoding to TS1/0 on input line 282.
Package textcomp Info: Setting cmtt sub-encoding to TS1/0 on input line 283.
Package textcomp Info: Setting cmvtt sub-encoding to TS1/0 on input line 284.
Package textcomp Info: Setting cmbr sub-encoding to TS1/0 on input line 285.
Package textcomp Info: Setting cmtl sub-encoding to TS1/0 on input line 286.
Package textcomp Info: Setting ccr sub-encoding to TS1/0 on input line 287.
Package textcomp Info: Setting ptm sub-encoding to TS1/4 on input line 288.
Package textcomp Info: Setting pcr sub-encoding to TS1/4 on input line 289.
Package textcomp Info: Setting phv sub-encoding to TS1/4 on input line 290.
Package textcomp Info: Setting ppl sub-encoding to TS1/3 on input line 291.
Package textcomp Info: Setting pag sub-encoding to TS1/4 on input line 292.
Package textcomp Info: Setting pbk sub-encoding to TS1/4 on input line 293.
Package textcomp Info: Setting pnc sub-encoding to TS1/4 on input line 294.
Package textcomp Info: Setting pzc sub-encoding to TS1/4 on input line 295.
Package textcomp Info: Setting bch sub-encoding to TS1/4 on input line 296.
Package textcomp Info: Setting put sub-encoding to TS1/5 on input line 297.
Package textcomp Info: Setting uag sub-encoding to TS1/5 on input line 298.
Package textcomp Info: Setting ugq sub-encoding to TS1/5 on input line 299.
Package textcomp Info: Setting ul8 sub-encoding to TS1/4 on input line 300.
Package textcomp Info: Setting ul9 sub-encoding to TS1/4 on input line 301.
Package textcomp Info: Setting augie sub-encoding to TS1/5 on input line 302.
Package textcomp Info: Setting dayrom sub-encoding to TS1/3 on input line 303.
Package textcomp Info: Setting dayroms sub-encoding to TS1/3 on input line 304.

Package textcomp Info: Setting pxr sub-encoding to TS1/0 on input line 305.
Package textcomp Info: Setting pxss sub-encoding to TS1/0 on input line 306.
Package textcomp Info: Setting pxtt sub-encoding to TS1/0 on input line 307.
Package textcomp Info: Setting txr sub-encoding to TS1/0 on input line 308.
Package textcomp Info: Setting txss sub-encoding to TS1/0 on input line 309.
Package textcomp Info: Setting txtt sub-encoding to TS1/0 on input line 310.
Package textcomp Info: Setting lmr sub-encoding to TS1/0 on input line 311.
Package textcomp Info: Setting lmdh sub-encoding to TS1/0 on input line 312.
Package textcomp Info: Setting lmss sub-encoding to TS1/0 on input line 313.
Package textcomp Info: Setting lmssq sub-encoding to TS1/0 on input line 314.
Package textcomp Info: Setting lmvtt sub-encoding to TS1/0 on input line 315.
Package textcomp Info: Setting qhv sub-encoding to TS1/0 on input line 316.
Package textcomp Info: Setting qag sub-encoding to TS1/0 on input line 317.
Package textcomp Info: Setting qbk sub-encoding to TS1/0 on input line 318.
Package textcomp Info: Setting qcr sub-encoding to TS1/0 on input line 319.
Package textcomp Info: Setting qcs sub-encoding to TS1/0 on input line 320.
Package textcomp Info: Setting qpl sub-encoding to TS1/0 on input line 321.
Package textcomp Info: Setting qtm sub-encoding to TS1/0 on input line 322.
Package textcomp Info: Setting qzc sub-encoding to TS1/0 on input line 323.
Package textcomp Info: Setting qhvc sub-encoding to TS1/0 on input line 324.
Package textcomp Info: Setting futs sub-encoding to TS1/4 on input line 325.
Package textcomp Info: Setting futx sub-encoding to TS1/4 on input line 326.
Package textcomp Info: Setting futj sub-encoding to TS1/4 on input line 327.
Package textcomp Info: Setting hlh sub-encoding to TS1/3 on input line 328.
Package textcomp Info: Setting hls sub-encoding to TS1/3 on input line 329.
Package textcomp Info: Setting hlst sub-encoding to TS1/3 on input line 330.
Package textcomp Info: Setting hlct sub-encoding to TS1/5 on input line 331.
Package textcomp Info: Setting hlx sub-encoding to TS1/5 on input line 332.
Package textcomp Info: Setting hlce sub-encoding to TS1/5 on input line 333.
Package textcomp Info: Setting hlcn sub-encoding to TS1/5 on input line 334.
Package textcomp Info: Setting hlcw sub-encoding to TS1/5 on input line 335.
Package textcomp Info: Setting hlcf sub-encoding to TS1/5 on input line 336.
Package textcomp Info: Setting pplx sub-encoding to TS1/3 on input line 337.
Package textcomp Info: Setting pplj sub-encoding to TS1/3 on input line 338.
Package textcomp Info: Setting ptmx sub-encoding to TS1/4 on input line 339.
Package textcomp Info: Setting ptmj sub-encoding to TS1/4 on input line 340.
)
(C:\Users\woxtrr0\Desktop\LaTeX\MikTexPortable\tex\latex\lm\lmodern.sty
Package: lmodern 2009/10/30 v1.6 Latin Modern Fonts
LaTeX Font Info:    Overwriting symbol font `operators' in version `normal'
(Font)                  OT1/cmr/m/n --> OT1/lmr/m/n on input line 22.
LaTeX Font Info:    Overwriting symbol font `letters' in version `normal'
(Font)                  OML/cmm/m/it --> OML/lmm/m/it on input line 23.
LaTeX Font Info:    Overwriting symbol font `symbols' in version `normal'
(Font)                  OMS/cmsy/m/n --> OMS/lmsy/m/n on input line 24.
LaTeX Font Info:    Overwriting symbol font `largesymbols' in version `normal'
(Font)                  OMX/cmex/m/n --> OMX/lmex/m/n on input line 25.
LaTeX Font Info:    Overwriting symbol font `operators' in version `bold'
(Font)                  OT1/cmr/bx/n --> OT1/lmr/bx/n on input line 26.
LaTeX Font Info:    Overwriting symbol font `letters' in version `bold'
(Font)                  OML/cmm/b/it --> OML/lmm/b/it on input line 27.
LaTeX Font Info:    Overwriting symbol font `symbols' in version `bold'
(Font)                  OMS/cmsy/b/n --> OMS/lmsy/b/n on input line 28.
LaTeX Font Info:    Overwriting symbol font `largesymbols' in version `bold'
(Font)                  OMX/cmex/m/n --> OMX/lmex/m/n on input line 29.
LaTeX Font Info:    Overwriting math alphabet `\mathbf' in version `normal'
(Font)                  OT1/cmr/bx/n --> OT1/lmr/bx/n on input line 31.
LaTeX Font Info:    Overwriting math alphabet `\mathsf' in version `normal'
(Font)                  OT1/cmss/m/n --> OT1/lmss/m/n on input line 32.
LaTeX Font Info:    Overwriting math alphabet `\mathit' in version `normal'
(Font)                  OT1/cmr/m/it --> OT1/lmr/m/it on input line 33.
LaTeX Font Info:    Overwriting math alphabet `\mathtt' in version `normal'
(Font)                  OT1/cmtt/m/n --> OT1/lmtt/m/n on input line 34.
LaTeX Font Info:    Overwriting math alphabet `\mathbf' in version `bold'
(Font)                  OT1/cmr/bx/n --> OT1/lmr/bx/n on input line 35.
LaTeX Font Info:    Overwriting math alphabet `\mathsf' in version `bold'
(Font)                  OT1/cmss/bx/n --> OT1/lmss/bx/n on input line 36.
LaTeX Font Info:    Overwriting math alphabet `\mathit' in version `bold'
(Font)                  OT1/cmr/bx/it --> OT1/lmr/bx/it on input line 37.
LaTeX Font Info:    Overwriting math alphabet `\mathtt' in version `bold'
(Font)                  OT1/cmtt/m/n --> OT1/lmtt/m/n on input line 38.
)
(C:\Users\woxtrr0\Desktop\LaTeX\MikTexPortable\tex\latex\ltxmisc\relsize.sty
Package: relsize 2003/07/04 ver 3.1
)
(C:\Users\woxtrr0\Desktop\LaTeX\MikTexPortable\tex\latex\graphics\graphicx.sty
Package: graphicx 1999/02/16 v1.0f Enhanced LaTeX Graphics (DPC,SPQR)

(C:\Users\woxtrr0\Desktop\LaTeX\MikTexPortable\tex\latex\graphics\graphics.sty
Package: graphics 2009/02/05 v1.0o Standard LaTeX Graphics (DPC,SPQR)

(C:\Users\woxtrr0\Desktop\LaTeX\MikTexPortable\tex\latex\graphics\trig.sty
Package: trig 1999/03/16 v1.09 sin cos tan (DPC)
)
(C:\Users\woxtrr0\Desktop\LaTeX\MikTexPortable\tex\latex\00miktex\graphics.cfg
File: graphics.cfg 2007/01/18 v1.5 graphics configuration of teTeX/TeXLive
)
Package graphics Info: Driver file: dvips.def on input line 91.
(C:\Users\woxtrr0\Desktop\LaTeX\MikTexPortable\tex\latex\graphics\dvips.def
File: dvips.def 1999/02/16 v3.0i Driver-dependant file (DPC,SPQR)
))
\Gin@req@height=\dimen104
\Gin@req@width=\dimen105
)
(C:\Users\woxtrr0\Desktop\LaTeX\MikTexPortable\tex\latex\amsmath\amsmath.sty
Package: amsmath 2013/01/14 v2.14 AMS math features
\@mathmargin=\skip48

For additional information on amsmath, use the `?' option.
(C:\Users\woxtrr0\Desktop\LaTeX\MikTexPortable\tex\latex\amsmath\amstext.sty
Package: amstext 2000/06/29 v2.01

(C:\Users\woxtrr0\Desktop\LaTeX\MikTexPortable\tex\latex\amsmath\amsgen.sty
File: amsgen.sty 1999/11/30 v2.0
\@emptytoks=\toks17
\ex@=\dimen106
))
(C:\Users\woxtrr0\Desktop\LaTeX\MikTexPortable\tex\latex\amsmath\amsbsy.sty
Package: amsbsy 1999/11/29 v1.2d
\pmbraise@=\dimen107
)
(C:\Users\woxtrr0\Desktop\LaTeX\MikTexPortable\tex\latex\amsmath\amsopn.sty
Package: amsopn 1999/12/14 v2.01 operator names
)
\inf@bad=\count90
LaTeX Info: Redefining \frac on input line 210.
\uproot@=\count91
\leftroot@=\count92
LaTeX Info: Redefining \overline on input line 306.
\classnum@=\count93
\DOTSCASE@=\count94
LaTeX Info: Redefining \ldots on input line 378.
LaTeX Info: Redefining \dots on input line 381.
LaTeX Info: Redefining \cdots on input line 466.
\Mathstrutbox@=\box27
\strutbox@=\box28
\big@size=\dimen108
LaTeX Font Info:    Redeclaring font encoding OML on input line 566.
LaTeX Font Info:    Redeclaring font encoding OMS on input line 567.
\macc@depth=\count95
\c@MaxMatrixCols=\count96
\dotsspace@=\muskip10
\c@parentequation=\count97
\dspbrk@lvl=\count98
\tag@help=\toks18
\row@=\count99
\column@=\count100
\maxfields@=\count101
\andhelp@=\toks19
\eqnshift@=\dimen109
\alignsep@=\dimen110
\tagshift@=\dimen111
\tagwidth@=\dimen112
\totwidth@=\dimen113
\lineht@=\dimen114
\@envbody=\toks20
\multlinegap=\skip49
\multlinetaggap=\skip50
\mathdisplay@stack=\toks21
LaTeX Info: Redefining \[ on input line 2665.
LaTeX Info: Redefining \] on input line 2666.
)
(C:\Users\woxtrr0\Desktop\LaTeX\MikTexPortable\tex\latex\amsfonts\amsfonts.sty
Package: amsfonts 2013/01/14 v3.01 Basic AMSFonts support
\symAMSa=\mathgroup4
\symAMSb=\mathgroup5
LaTeX Font Info:    Overwriting math alphabet `\mathfrak' in version `bold'
(Font)                  U/euf/m/n --> U/euf/b/n on input line 106.
) (C:\Users\woxtrr0\Desktop\LaTeX\MikTexPortable\tex\latex\base\makeidx.sty
Package: makeidx 2000/03/29 v1.0m Standard LaTeX package
)
(C:\Users\woxtrr0\Desktop\LaTeX\MikTexPortable\tex\latex\setspace\setspace.sty
Package: setspace 2011/12/19 v6.7a set line spacing
) (C:\Users\woxtrr0\Desktop\LaTeX\MikTexPortable\tex\latex\geometry\geometry.st
y
Package: geometry 2010/09/12 v5.6 Page Geometry
(C:\Users\woxtrr0\Desktop\LaTeX\MikTexPortable\tex\generic\oberdiek\ifpdf.sty
Package: ifpdf 2011/01/30 v2.3 Provides the ifpdf switch (HO)
Package ifpdf Info: pdfTeX in PDF mode is detected.
)
(C:\Users\woxtrr0\Desktop\LaTeX\MikTexPortable\tex\generic\oberdiek\ifvtex.sty
Package: ifvtex 2010/03/01 v1.5 Detect VTeX and its facilities (HO)
Package ifvtex Info: VTeX not detected.
) (C:\Users\woxtrr0\Desktop\LaTeX\MikTexPortable\tex\generic\ifxetex\ifxetex.st
y
Package: ifxetex 2010/09/12 v0.6 Provides ifxetex conditional
)
\Gm@cnth=\count102
\Gm@cntv=\count103
\c@Gm@tempcnt=\count104
\Gm@bindingoffset=\dimen115
\Gm@wd@mp=\dimen116
\Gm@odd@mp=\dimen117
\Gm@even@mp=\dimen118
\Gm@layoutwidth=\dimen119
\Gm@layoutheight=\dimen120
\Gm@layouthoffset=\dimen121
\Gm@layoutvoffset=\dimen122
\Gm@dimlist=\toks22

(C:\Users\woxtrr0\Desktop\LaTeX\MikTexPortable\tex\latex\geometry\geometry.cfg)
) (C:\Users\woxtrr0\Desktop\LaTeX\MikTexPortable\tex\latex\nomencl\nomencl.sty
Package: nomencl 2005/09/22 v4.2 Nomenclature package (LN)
\nomlabelwidth=\dimen123
\nom@tempdim=\dimen124
\nomitemsep=\skip51
) (C:\Users\woxtrr0\Desktop\LaTeX\MikTexPortable\tex\latex\floatflt\floatflt.st
y
Package: floatflt 1997/07/16 v. 1.31
\c@OptionTest=\count105
\figbox=\box29
\tabbox=\box30
\pagebox=\box31
\ffigcount=\count106
\ftabcount=\count107
\fftest=\count108
\hangcount=\count109
\nosuccesstryfig=\count110
\nosuccesstrytab=\count111
\figgutter=\dimen125
\tabgutter=\dimen126
\htdone=\dimen127
\pageht=\dimen128
\startpageht=\dimen129
\tabbredd=\dimen130
\floatfltwidth=\dimen131
\fltitemwidth=\dimen132
\outputpretest=\toks23
)
(C:\Users\woxtrr0\Desktop\LaTeX\MikTexPortable\tex\latex\listings\listings.sty
\lst@mode=\count112
\lst@gtempboxa=\box32
\lst@token=\toks24
\lst@length=\count113
\lst@currlwidth=\dimen133
\lst@column=\count114
\lst@pos=\count115
\lst@lostspace=\dimen134
\lst@width=\dimen135
\lst@newlines=\count116
\lst@lineno=\count117
\lst@maxwidth=\dimen136

(C:\Users\woxtrr0\Desktop\LaTeX\MikTexPortable\tex\latex\listings\lstmisc.sty
File: lstmisc.sty 2014/03/04 1.5c (Carsten Heinz)
\c@lstnumber=\count118
\lst@skipnumbers=\count119
\lst@framebox=\box33
)
(C:\Users\woxtrr0\Desktop\LaTeX\MikTexPortable\tex\latex\listings\listings.cfg
File: listings.cfg 2014/03/04 1.5c listings configuration
))
Package: listings 2014/03/04 1.5c (Carsten Heinz)
 (C:\Users\woxtrr0\Desktop\LaTeX\MikTexPortable\tex\latex\xcolor\xcolor.sty
Package: xcolor 2007/01/21 v2.11 LaTeX color extensions (UK)

(C:\Users\woxtrr0\Desktop\LaTeX\MikTexPortable\tex\latex\00miktex\color.cfg
File: color.cfg 2007/01/18 v1.5 color configuration of teTeX/TeXLive
)
Package xcolor Info: Driver file: pdftex.def on input line 225.

(C:\Users\woxtrr0\Desktop\LaTeX\MikTexPortable\tex\latex\pdftex-def\pdftex.def
File: pdftex.def 2011/05/27 v0.06d Graphics/color for pdfTeX

(C:\Users\woxtrr0\Desktop\LaTeX\MikTexPortable\tex\generic\oberdiek\infwarerr.s
ty
Package: infwarerr 2010/04/08 v1.3 Providing info/warning/error messages (HO)
)
(C:\Users\woxtrr0\Desktop\LaTeX\MikTexPortable\tex\generic\oberdiek\ltxcmds.sty
Package: ltxcmds 2011/11/09 v1.22 LaTeX kernel commands for general use (HO)
)
\Gread@gobject=\count120
)
Package xcolor Info: Model `cmy' substituted by `cmy0' on input line 1337.
Package xcolor Info: Model `RGB' extended on input line 1353.
Package xcolor Info: Model `HTML' substituted by `rgb' on input line 1355.
Package xcolor Info: Model `Hsb' substituted by `hsb' on input line 1356.
Package xcolor Info: Model `tHsb' substituted by `hsb' on input line 1357.
Package xcolor Info: Model `HSB' substituted by `hsb' on input line 1358.
Package xcolor Info: Model `Gray' substituted by `gray' on input line 1359.
Package xcolor Info: Model `wave' substituted by `hsb' on input line 1360.
) (C:\Users\woxtrr0\Desktop\LaTeX\MikTexPortable\tex\latex\url\url.sty
\Urlmuskip=\muskip11
Package: url 2013/09/16  ver 3.4  Verb mode for urls, etc.
)
(C:\Users\woxtrr0\Desktop\LaTeX\MikTexPortable\tex\latex\natbib\natbib.sty
Package: natbib 2010/09/13 8.31b (PWD, AO)
\bibhang=\skip52
\bibsep=\skip53
LaTeX Info: Redefining \cite on input line 694.
\c@NAT@ctr=\count121

Local config file natbib.cfg used
("C:\Users\woxtrr0\Desktop\Masterarbeit TeX Vorlage\natbib.cfg"))
(C:\Users\woxtrr0\Desktop\LaTeX\MikTexPortable\tex\latex\hyperref\hyperref.sty
Package: hyperref 2012/11/06 v6.83m Hypertext links for LaTeX

(C:\Users\woxtrr0\Desktop\LaTeX\MikTexPortable\tex\generic\oberdiek\hobsub-hype
rref.sty
Package: hobsub-hyperref 2012/04/25 v1.12 Bundle oberdiek, subset hyperref (HO)


(C:\Users\woxtrr0\Desktop\LaTeX\MikTexPortable\tex\generic\oberdiek\hobsub-gene
ric.sty
Package: hobsub-generic 2012/04/25 v1.12 Bundle oberdiek, subset generic (HO)
Package: hobsub 2012/04/25 v1.12 Construct package bundles (HO)
Package hobsub Info: Skipping package `infwarerr' (already loaded).
Package hobsub Info: Skipping package `ltxcmds' (already loaded).
Package: ifluatex 2010/03/01 v1.3 Provides the ifluatex switch (HO)
Package ifluatex Info: LuaTeX not detected.
Package hobsub Info: Skipping package `ifvtex' (already loaded).
Package: intcalc 2007/09/27 v1.1 Expandable calculations with integers (HO)
Package hobsub Info: Skipping package `ifpdf' (already loaded).
Package: etexcmds 2011/02/16 v1.5 Avoid name clashes with e-TeX commands (HO)
Package etexcmds Info: Could not find \expanded.
(etexcmds)             That can mean that you are not using pdfTeX 1.50 or
(etexcmds)             that some package has redefined \expanded.
(etexcmds)             In the latter case, load this package earlier.
Package: kvsetkeys 2012/04/25 v1.16 Key value parser (HO)
Package: kvdefinekeys 2011/04/07 v1.3 Define keys (HO)
Package: pdftexcmds 2011/11/29 v0.20 Utility functions of pdfTeX for LuaTeX (HO
)
Package pdftexcmds Info: LuaTeX not detected.
Package pdftexcmds Info: \pdf@primitive is available.
Package pdftexcmds Info: \pdf@ifprimitive is available.
Package pdftexcmds Info: \pdfdraftmode found.
Package: pdfescape 2011/11/25 v1.13 Implements pdfTeX's escape features (HO)
Package: bigintcalc 2012/04/08 v1.3 Expandable calculations on big integers (HO
)
Package: bitset 2011/01/30 v1.1 Handle bit-vector datatype (HO)
Package: uniquecounter 2011/01/30 v1.2 Provide unlimited unique counter (HO)
)
Package hobsub Info: Skipping package `hobsub' (already loaded).
Package: letltxmacro 2010/09/02 v1.4 Let assignment for LaTeX macros (HO)
Package: hopatch 2011/06/24 v1.1 Wrapper for package hooks (HO)
Package: xcolor-patch 2011/01/30 xcolor patch
Package: atveryend 2011/06/30 v1.8 Hooks at the very end of document (HO)
Package atveryend Info: \enddocument detected (standard20110627).
Package: atbegshi 2011/10/05 v1.16 At begin shipout hook (HO)
Package: refcount 2011/10/16 v3.4 Data extraction from label references (HO)
Package: hycolor 2011/01/30 v1.7 Color options for hyperref/bookmark (HO)
)
(C:\Users\woxtrr0\Desktop\LaTeX\MikTexPortable\tex\latex\oberdiek\auxhook.sty
Package: auxhook 2011/03/04 v1.3 Hooks for auxiliary files (HO)
)
(C:\Users\woxtrr0\Desktop\LaTeX\MikTexPortable\tex\latex\oberdiek\kvoptions.sty
Package: kvoptions 2011/06/30 v3.11 Key value format for package options (HO)
)
\@linkdim=\dimen137
\Hy@linkcounter=\count122
\Hy@pagecounter=\count123
 (C:\Users\woxtrr0\Desktop\LaTeX\MikTexPortable\tex\latex\hyperref\pd1enc.def
File: pd1enc.def 2012/11/06 v6.83m Hyperref: PDFDocEncoding definition (HO)
)
\Hy@SavedSpaceFactor=\count124
(C:\Users\woxtrr0\Desktop\LaTeX\MikTexPortable\tex\latex\00miktex\hyperref.cfg
File: hyperref.cfg 2002/06/06 v1.2 hyperref configuration of TeXLive
)
Package hyperref Info: Option `final' set `true' on input line 4319.
Package hyperref Info: Option `bookmarks' set `true' on input line 4319.
Package hyperref Info: Option `bookmarksopen' set `true' on input line 4319.
Package hyperref Info: Option `colorlinks' set `true' on input line 4319.
Package hyperref Info: Option `plainpages' set `false' on input line 4319.
Package hyperref Info: Option `pdfpagelabels' set `true' on input line 4319.
Package hyperref Info: Option `hypertexnames' set `false' on input line 4319.
Package hyperref Info: Option `linktocpage' set `true' on input line 4319.
Package hyperref Info: Hyper figures OFF on input line 4443.
Package hyperref Info: Link nesting OFF on input line 4448.
Package hyperref Info: Hyper index ON on input line 4451.
Package hyperref Info: Plain pages OFF on input line 4458.
Package hyperref Info: Backreferencing ON on input line 4461.
Package hyperref Info: Implicit mode ON; LaTeX internals redefined.
Package hyperref Info: Bookmarks ON on input line 4688.
(C:\Users\woxtrr0\Desktop\LaTeX\MikTexPortable\tex\latex\hyperref\backref.sty
Package: backref 2012/07/25 v1.38 Bibliographical back referencing

(C:\Users\woxtrr0\Desktop\LaTeX\MikTexPortable\tex\latex\oberdiek\rerunfilechec
k.sty
Package: rerunfilecheck 2011/04/15 v1.7 Rerun checks for auxiliary files (HO)
Package uniquecounter Info: New unique counter `rerunfilecheck' on input line 2
82.
))
\c@Hy@tempcnt=\count125
LaTeX Info: Redefining \url on input line 5041.
\XeTeXLinkMargin=\dimen138
\Fld@menulength=\count126
\Field@Width=\dimen139
\Fld@charsize=\dimen140
Package hyperref Info: Hyper figures OFF on input line 6295.
Package hyperref Info: Link nesting OFF on input line 6300.
Package hyperref Info: Hyper index ON on input line 6303.
Package hyperref Info: backreferencing ON on input line 6308.
Package hyperref Info: Link coloring ON on input line 6313.
Package hyperref Info: Link coloring with OCG OFF on input line 6320.
Package hyperref Info: PDF/A mode OFF on input line 6325.
LaTeX Info: Redefining \ref on input line 6365.
LaTeX Info: Redefining \pageref on input line 6369.
\Hy@abspage=\count127
\c@Item=\count128
\c@Hfootnote=\count129
)

Package hyperref Message: Driver (autodetected): hpdftex.

(C:\Users\woxtrr0\Desktop\LaTeX\MikTexPortable\tex\latex\hyperref\hpdftex.def
File: hpdftex.def 2012/11/06 v6.83m Hyperref driver for pdfTeX
\Fld@listcount=\count130
\c@bookmark@seq@number=\count131
\Hy@SectionHShift=\skip54
)
(C:\Users\woxtrr0\Desktop\LaTeX\MikTexPortable\tex\latex\chngcntr\chngcntr.sty
Package: chngcntr 2009/09/02 v1.0a change counter resetting
) (C:\Users\woxtrr0\Desktop\LaTeX\MikTexPortable\tex\latex\tools\longtable.sty
Package: longtable 2004/02/01 v4.11 Multi-page Table package (DPC)
\LTleft=\skip55
\LTright=\skip56
\LTpre=\skip57
\LTpost=\skip58
\LTchunksize=\count132
\LTcapwidth=\dimen141
\LT@head=\box34
\LT@firsthead=\box35
\LT@foot=\box36
\LT@lastfoot=\box37
\LT@cols=\count133
\LT@rows=\count134
\c@LT@tables=\count135
\c@LT@chunks=\count136
\LT@p@ftn=\toks25
)
Class scrreprt Info: longtable captions redefined on input line 133.

(C:\Users\woxtrr0\Desktop\LaTeX\MikTexPortable\tex\latex\tools\array.sty
Package: array 2008/09/09 v2.4c Tabular extension package (FMi)
\col@sep=\dimen142
\extrarowheight=\dimen143
\NC@list=\toks26
\extratabsurround=\skip59
\backup@length=\skip60
)
(C:\Users\woxtrr0\Desktop\LaTeX\MikTexPortable\tex\latex\ms\ragged2e.sty
Package: ragged2e 2009/05/21 v2.1 ragged2e Package (MS)

(C:\Users\woxtrr0\Desktop\LaTeX\MikTexPortable\tex\latex\ms\everysel.sty
Package: everysel 2011/10/28 v1.2 EverySelectfont Package (MS)
)
\CenteringLeftskip=\skip61
\RaggedLeftLeftskip=\skip62
\RaggedRightLeftskip=\skip63
\CenteringRightskip=\skip64
\RaggedLeftRightskip=\skip65
\RaggedRightRightskip=\skip66
\CenteringParfillskip=\skip67
\RaggedLeftParfillskip=\skip68
\RaggedRightParfillskip=\skip69
\JustifyingParfillskip=\skip70
\CenteringParindent=\skip71
\RaggedLeftParindent=\skip72
\RaggedRightParindent=\skip73
\JustifyingParindent=\skip74
)
(C:\Users\woxtrr0\Desktop\LaTeX\MikTexPortable\tex\latex\graphics\lscape.sty
Package: lscape 2000/10/22 v3.01 Landscape Pages (DPC)
)
(C:\Users\woxtrr0\Desktop\LaTeX\MikTexPortable\tex\latex\paralist\paralist.sty
Package: paralist 2013/06/09 v2.4 Extended list environments
\pltopsep=\skip75
\plpartopsep=\skip76
\plitemsep=\skip77
\plparsep=\skip78
\pl@lab=\toks27
) (C:\Users\woxtrr0\Desktop\LaTeX\MikTexPortable\tex\latex\base\ifthen.sty
Package: ifthen 2001/05/26 v1.1c Standard LaTeX ifthen package (DPC)
)
(C:\Users\woxtrr0\Desktop\LaTeX\MikTexPortable\tex\latex\todonotes\todonotes.st
y
Package: todonotes 2012/07/25 .dtx Todonotes source and documentation.
Package: todonotes 2012/07/25
 (C:\Users\woxtrr0\Desktop\LaTeX\MikTexPortable\tex\latex\xkeyval\xkeyval.sty
Package: xkeyval 2012/10/14 v2.6b package option processing (HA)

(C:\Users\woxtrr0\Desktop\LaTeX\MikTexPortable\tex\generic\xkeyval\xkeyval.tex
\XKV@toks=\toks28
\XKV@tempa@toks=\toks29
\XKV@depth=\count137
File: xkeyval.tex 2012/10/14 v2.6b key=value parser (HA)
))
(C:\Users\woxtrr0\Desktop\LaTeX\MikTexPortable\tex\latex\pgf\frontendlayer\tikz
.sty
(C:\Users\woxtrr0\Desktop\LaTeX\MikTexPortable\tex\latex\pgf\basiclayer\pgf.sty

(C:\Users\woxtrr0\Desktop\LaTeX\MikTexPortable\tex\latex\pgf\utilities\pgfrcs.s
ty
(C:\Users\woxtrr0\Desktop\LaTeX\MikTexPortable\tex\generic\pgf\utilities\pgfuti
l-common.tex
\pgfutil@everybye=\toks30
\pgfutil@tempdima=\dimen144
\pgfutil@tempdimb=\dimen145

(C:\Users\woxtrr0\Desktop\LaTeX\MikTexPortable\tex\generic\pgf\utilities\pgfuti
l-common-lists.tex))
(C:\Users\woxtrr0\Desktop\LaTeX\MikTexPortable\tex\generic\pgf\utilities\pgfuti
l-latex.def
\pgfutil@abb=\box38

(C:\Users\woxtrr0\Desktop\LaTeX\MikTexPortable\tex\latex\ms\everyshi.sty
Package: everyshi 2001/05/15 v3.00 EveryShipout Package (MS)
))
(C:\Users\woxtrr0\Desktop\LaTeX\MikTexPortable\tex\generic\pgf\utilities\pgfrcs
.code.tex
Package: pgfrcs 2013/12/20 v3.0.0 (rcs-revision 1.28)
))
Package: pgf 2013/12/18 v3.0.0 (rcs-revision 1.14)

(C:\Users\woxtrr0\Desktop\LaTeX\MikTexPortable\tex\latex\pgf\basiclayer\pgfcore
.sty
(C:\Users\woxtrr0\Desktop\LaTeX\MikTexPortable\tex\latex\pgf\systemlayer\pgfsys
.sty
(C:\Users\woxtrr0\Desktop\LaTeX\MikTexPortable\tex\generic\pgf\systemlayer\pgfs
ys.code.tex
Package: pgfsys 2013/11/30 v3.0.0 (rcs-revision 1.47)

(C:\Users\woxtrr0\Desktop\LaTeX\MikTexPortable\tex\generic\pgf\utilities\pgfkey
s.code.tex
\pgfkeys@pathtoks=\toks31
\pgfkeys@temptoks=\toks32

(C:\Users\woxtrr0\Desktop\LaTeX\MikTexPortable\tex\generic\pgf\utilities\pgfkey
sfiltered.code.tex
\pgfkeys@tmptoks=\toks33
))
\pgf@x=\dimen146
\pgf@y=\dimen147
\pgf@xa=\dimen148
\pgf@ya=\dimen149
\pgf@xb=\dimen150
\pgf@yb=\dimen151
\pgf@xc=\dimen152
\pgf@yc=\dimen153
\w@pgf@writea=\write3
\r@pgf@reada=\read1
\c@pgf@counta=\count138
\c@pgf@countb=\count139
\c@pgf@countc=\count140
\c@pgf@countd=\count141
\t@pgf@toka=\toks34
\t@pgf@tokb=\toks35
\t@pgf@tokc=\toks36

(C:\Users\woxtrr0\Desktop\LaTeX\MikTexPortable\tex\generic\pgf\systemlayer\pgf.
cfg
File: pgf.cfg 2008/05/14  (rcs-revision 1.7)
)
Driver file for pgf: pgfsys-pdftex.def

(C:\Users\woxtrr0\Desktop\LaTeX\MikTexPortable\tex\generic\pgf\systemlayer\pgfs
ys-pdftex.def
File: pgfsys-pdftex.def 2013/07/18  (rcs-revision 1.33)

(C:\Users\woxtrr0\Desktop\LaTeX\MikTexPortable\tex\generic\pgf\systemlayer\pgfs
ys-common-pdf.def
File: pgfsys-common-pdf.def 2013/10/10  (rcs-revision 1.13)
)))
(C:\Users\woxtrr0\Desktop\LaTeX\MikTexPortable\tex\generic\pgf\systemlayer\pgfs
yssoftpath.code.tex
File: pgfsyssoftpath.code.tex 2013/09/09  (rcs-revision 1.9)
\pgfsyssoftpath@smallbuffer@items=\count142
\pgfsyssoftpath@bigbuffer@items=\count143
)
(C:\Users\woxtrr0\Desktop\LaTeX\MikTexPortable\tex\generic\pgf\systemlayer\pgfs
ysprotocol.code.tex
File: pgfsysprotocol.code.tex 2006/10/16  (rcs-revision 1.4)
))
(C:\Users\woxtrr0\Desktop\LaTeX\MikTexPortable\tex\generic\pgf\basiclayer\pgfco
re.code.tex
Package: pgfcore 2010/04/11 v3.0.0 (rcs-revision 1.7)

(C:\Users\woxtrr0\Desktop\LaTeX\MikTexPortable\tex\generic\pgf\math\pgfmath.cod
e.tex
(C:\Users\woxtrr0\Desktop\LaTeX\MikTexPortable\tex\generic\pgf\math\pgfmathcalc
.code.tex
(C:\Users\woxtrr0\Desktop\LaTeX\MikTexPortable\tex\generic\pgf\math\pgfmathutil
.code.tex)
(C:\Users\woxtrr0\Desktop\LaTeX\MikTexPortable\tex\generic\pgf\math\pgfmathpars
er.code.tex
\pgfmath@dimen=\dimen154
\pgfmath@count=\count144
\pgfmath@box=\box39
\pgfmath@toks=\toks37
\pgfmath@stack@operand=\toks38
\pgfmath@stack@operation=\toks39
)
(C:\Users\woxtrr0\Desktop\LaTeX\MikTexPortable\tex\generic\pgf\math\pgfmathfunc
tions.code.tex
(C:\Users\woxtrr0\Desktop\LaTeX\MikTexPortable\tex\generic\pgf\math\pgfmathfunc
tions.basic.code.tex)
(C:\Users\woxtrr0\Desktop\LaTeX\MikTexPortable\tex\generic\pgf\math\pgfmathfunc
tions.trigonometric.code.tex)
(C:\Users\woxtrr0\Desktop\LaTeX\MikTexPortable\tex\generic\pgf\math\pgfmathfunc
tions.random.code.tex)
(C:\Users\woxtrr0\Desktop\LaTeX\MikTexPortable\tex\generic\pgf\math\pgfmathfunc
tions.comparison.code.tex)
(C:\Users\woxtrr0\Desktop\LaTeX\MikTexPortable\tex\generic\pgf\math\pgfmathfunc
tions.base.code.tex)
(C:\Users\woxtrr0\Desktop\LaTeX\MikTexPortable\tex\generic\pgf\math\pgfmathfunc
tions.round.code.tex)
(C:\Users\woxtrr0\Desktop\LaTeX\MikTexPortable\tex\generic\pgf\math\pgfmathfunc
tions.misc.code.tex)
(C:\Users\woxtrr0\Desktop\LaTeX\MikTexPortable\tex\generic\pgf\math\pgfmathfunc
tions.integerarithmetics.code.tex)))
(C:\Users\woxtrr0\Desktop\LaTeX\MikTexPortable\tex\generic\pgf\math\pgfmathfloa
t.code.tex
\c@pgfmathroundto@lastzeros=\count145
))
(C:\Users\woxtrr0\Desktop\LaTeX\MikTexPortable\tex\generic\pgf\basiclayer\pgfco
repoints.code.tex
File: pgfcorepoints.code.tex 2013/10/07  (rcs-revision 1.27)
\pgf@picminx=\dimen155
\pgf@picmaxx=\dimen156
\pgf@picminy=\dimen157
\pgf@picmaxy=\dimen158
\pgf@pathminx=\dimen159
\pgf@pathmaxx=\dimen160
\pgf@pathminy=\dimen161
\pgf@pathmaxy=\dimen162
\pgf@xx=\dimen163
\pgf@xy=\dimen164
\pgf@yx=\dimen165
\pgf@yy=\dimen166
\pgf@zx=\dimen167
\pgf@zy=\dimen168
)
(C:\Users\woxtrr0\Desktop\LaTeX\MikTexPortable\tex\generic\pgf\basiclayer\pgfco
repathconstruct.code.tex
File: pgfcorepathconstruct.code.tex 2013/10/07  (rcs-revision 1.29)
\pgf@path@lastx=\dimen169
\pgf@path@lasty=\dimen170
)
(C:\Users\woxtrr0\Desktop\LaTeX\MikTexPortable\tex\generic\pgf\basiclayer\pgfco
repathusage.code.tex
File: pgfcorepathusage.code.tex 2013/12/13  (rcs-revision 1.23)
\pgf@shorten@end@additional=\dimen171
\pgf@shorten@start@additional=\dimen172
)
(C:\Users\woxtrr0\Desktop\LaTeX\MikTexPortable\tex\generic\pgf\basiclayer\pgfco
rescopes.code.tex
File: pgfcorescopes.code.tex 2013/10/09  (rcs-revision 1.44)
\pgfpic=\box40
\pgf@hbox=\box41
\pgf@layerbox@main=\box42
\pgf@picture@serial@count=\count146
)
(C:\Users\woxtrr0\Desktop\LaTeX\MikTexPortable\tex\generic\pgf\basiclayer\pgfco
regraphicstate.code.tex
File: pgfcoregraphicstate.code.tex 2013/09/19  (rcs-revision 1.11)
\pgflinewidth=\dimen173
)
(C:\Users\woxtrr0\Desktop\LaTeX\MikTexPortable\tex\generic\pgf\basiclayer\pgfco
retransformations.code.tex
File: pgfcoretransformations.code.tex 2013/10/10  (rcs-revision 1.17)
\pgf@pt@x=\dimen174
\pgf@pt@y=\dimen175
\pgf@pt@temp=\dimen176
)
(C:\Users\woxtrr0\Desktop\LaTeX\MikTexPortable\tex\generic\pgf\basiclayer\pgfco
requick.code.tex
File: pgfcorequick.code.tex 2008/10/09  (rcs-revision 1.3)
)
(C:\Users\woxtrr0\Desktop\LaTeX\MikTexPortable\tex\generic\pgf\basiclayer\pgfco
reobjects.code.tex
File: pgfcoreobjects.code.tex 2006/10/11  (rcs-revision 1.2)
)
(C:\Users\woxtrr0\Desktop\LaTeX\MikTexPortable\tex\generic\pgf\basiclayer\pgfco
repathprocessing.code.tex
File: pgfcorepathprocessing.code.tex 2013/09/09  (rcs-revision 1.9)
)
(C:\Users\woxtrr0\Desktop\LaTeX\MikTexPortable\tex\generic\pgf\basiclayer\pgfco
rearrows.code.tex
File: pgfcorearrows.code.tex 2013/11/07  (rcs-revision 1.40)
\pgfarrowsep=\dimen177
)
(C:\Users\woxtrr0\Desktop\LaTeX\MikTexPortable\tex\generic\pgf\basiclayer\pgfco
reshade.code.tex
File: pgfcoreshade.code.tex 2013/07/15  (rcs-revision 1.15)
\pgf@max=\dimen178
\pgf@sys@shading@range@num=\count147
)
(C:\Users\woxtrr0\Desktop\LaTeX\MikTexPortable\tex\generic\pgf\basiclayer\pgfco
reimage.code.tex
File: pgfcoreimage.code.tex 2013/07/15  (rcs-revision 1.18)

(C:\Users\woxtrr0\Desktop\LaTeX\MikTexPortable\tex\generic\pgf\basiclayer\pgfco
reexternal.code.tex
File: pgfcoreexternal.code.tex 2013/07/15  (rcs-revision 1.20)
\pgfexternal@startupbox=\box43
))
(C:\Users\woxtrr0\Desktop\LaTeX\MikTexPortable\tex\generic\pgf\basiclayer\pgfco
relayers.code.tex
File: pgfcorelayers.code.tex 2013/07/18  (rcs-revision 1.7)
)
(C:\Users\woxtrr0\Desktop\LaTeX\MikTexPortable\tex\generic\pgf\basiclayer\pgfco
retransparency.code.tex
File: pgfcoretransparency.code.tex 2013/09/30  (rcs-revision 1.5)
)
(C:\Users\woxtrr0\Desktop\LaTeX\MikTexPortable\tex\generic\pgf\basiclayer\pgfco
repatterns.code.tex
File: pgfcorepatterns.code.tex 2013/11/07  (rcs-revision 1.5)
)))
(C:\Users\woxtrr0\Desktop\LaTeX\MikTexPortable\tex\generic\pgf\modules\pgfmodul
eshapes.code.tex
File: pgfmoduleshapes.code.tex 2013/10/31  (rcs-revision 1.34)
\pgfnodeparttextbox=\box44
)
(C:\Users\woxtrr0\Desktop\LaTeX\MikTexPortable\tex\generic\pgf\modules\pgfmodul
eplot.code.tex
File: pgfmoduleplot.code.tex 2013/07/31  (rcs-revision 1.12)
)
(C:\Users\woxtrr0\Desktop\LaTeX\MikTexPortable\tex\latex\pgf\compatibility\pgfc
omp-version-0-65.sty
Package: pgfcomp-version-0-65 2007/07/03 v3.0.0 (rcs-revision 1.7)
\pgf@nodesepstart=\dimen179
\pgf@nodesepend=\dimen180
)
(C:\Users\woxtrr0\Desktop\LaTeX\MikTexPortable\tex\latex\pgf\compatibility\pgfc
omp-version-1-18.sty
Package: pgfcomp-version-1-18 2007/07/23 v3.0.0 (rcs-revision 1.1)
))
(C:\Users\woxtrr0\Desktop\LaTeX\MikTexPortable\tex\latex\pgf\utilities\pgffor.s
ty
(C:\Users\woxtrr0\Desktop\LaTeX\MikTexPortable\tex\latex\pgf\utilities\pgfkeys.
sty
(C:\Users\woxtrr0\Desktop\LaTeX\MikTexPortable\tex\generic\pgf\utilities\pgfkey
s.code.tex))
(C:\Users\woxtrr0\Desktop\LaTeX\MikTexPortable\tex\latex\pgf\math\pgfmath.sty
(C:\Users\woxtrr0\Desktop\LaTeX\MikTexPortable\tex\generic\pgf\math\pgfmath.cod
e.tex))
(C:\Users\woxtrr0\Desktop\LaTeX\MikTexPortable\tex\generic\pgf\utilities\pgffor
.code.tex
Package: pgffor 2013/12/13 v3.0.0 (rcs-revision 1.25)

(C:\Users\woxtrr0\Desktop\LaTeX\MikTexPortable\tex\generic\pgf\math\pgfmath.cod
e.tex)
\pgffor@iter=\dimen181
\pgffor@skip=\dimen182
\pgffor@stack=\toks40
\pgffor@toks=\toks41
))
(C:\Users\woxtrr0\Desktop\LaTeX\MikTexPortable\tex\generic\pgf\frontendlayer\ti
kz\tikz.code.tex
Package: tikz 2013/12/13 v3.0.0 (rcs-revision 1.142)

(C:\Users\woxtrr0\Desktop\LaTeX\MikTexPortable\tex\generic\pgf\libraries\pgflib
raryplothandlers.code.tex
File: pgflibraryplothandlers.code.tex 2013/08/31 v3.0.0 (rcs-revision 1.20)
\pgf@plot@mark@count=\count148
\pgfplotmarksize=\dimen183
)
\tikz@lastx=\dimen184
\tikz@lasty=\dimen185
\tikz@lastxsaved=\dimen186
\tikz@lastysaved=\dimen187
\tikzleveldistance=\dimen188
\tikzsiblingdistance=\dimen189
\tikz@figbox=\box45
\tikz@figbox@bg=\box46
\tikz@tempbox=\box47
\tikz@tempbox@bg=\box48
\tikztreelevel=\count149
\tikznumberofchildren=\count150
\tikznumberofcurrentchild=\count151
\tikz@fig@count=\count152

(C:\Users\woxtrr0\Desktop\LaTeX\MikTexPortable\tex\generic\pgf\modules\pgfmodul
ematrix.code.tex
File: pgfmodulematrix.code.tex 2013/09/17  (rcs-revision 1.8)
\pgfmatrixcurrentrow=\count153
\pgfmatrixcurrentcolumn=\count154
\pgf@matrix@numberofcolumns=\count155
)
\tikz@expandcount=\count156

(C:\Users\woxtrr0\Desktop\LaTeX\MikTexPortable\tex\generic\pgf\frontendlayer\ti
kz\libraries\tikzlibrarytopaths.code.tex
File: tikzlibrarytopaths.code.tex 2008/06/17 v3.0.0 (rcs-revision 1.2)
)))
(C:\Users\woxtrr0\Desktop\LaTeX\MikTexPortable\tex\generic\pgf\frontendlayer\ti
kz\libraries\tikzlibrarypositioning.code.tex
File: tikzlibrarypositioning.code.tex 2008/10/06 v3.0.0 (rcs-revision 1.7)
)
(C:\Users\woxtrr0\Desktop\LaTeX\MikTexPortable\tex\latex\tools\calc.sty
Package: calc 2007/08/22 v4.3 Infix arithmetic (KKT,FJ)
\calc@Acount=\count157
\calc@Bcount=\count158
\calc@Adimen=\dimen190
\calc@Bdimen=\dimen191
\calc@Askip=\skip79
\calc@Bskip=\skip80
LaTeX Info: Redefining \setlength on input line 76.
LaTeX Info: Redefining \addtolength on input line 77.
\calc@Ccount=\count159
\calc@Cskip=\skip81
)
\c@@todonotes@numberoftodonotes=\count160
))
(C:\Users\woxtrr0\Desktop\LaTeX\MikTexPortable\tex\latex\tools\xspace.sty
Package: xspace 2009/10/20 v1.13 Space after command names (DPC,MH)
)
\@indexfile=\write4

Writing index file Masterarbeit.idx
\@nomenclaturefile=\write5
Writing nomenclature file Masterarbeit.nlo
("C:\Users\woxtrr0\Desktop\Masterarbeit TeX Vorlage\Seitenstil.tex")
\@input{Silbentrennung.aux}
("C:\Users\woxtrr0\Desktop\Masterarbeit TeX Vorlage\Silbentrennung.tex")
\@input{Befehle.aux}
("C:\Users\woxtrr0\Desktop\Masterarbeit TeX Vorlage\Befehle.tex")
("C:\Users\woxtrr0\Desktop\Masterarbeit TeX Vorlage\Masterarbeit.aux"
("C:\Users\woxtrr0\Desktop\Masterarbeit TeX Vorlage\Deckblatt.aux")
("C:\Users\woxtrr0\Desktop\Masterarbeit TeX Vorlage\Inhalt/Abstract.aux")
("C:\Users\woxtrr0\Desktop\Masterarbeit TeX Vorlage\Inhalt/Einleitung.aux")
("C:\Users\woxtrr0\Desktop\Masterarbeit TeX Vorlage\Inhalt/ZitateReferenzen.aux
") ("C:\Users\woxtrr0\Desktop\Masterarbeit TeX Vorlage\Inhalt/BilderListings.au
x")
("C:\Users\woxtrr0\Desktop\Masterarbeit TeX Vorlage\Inhalt/AufzaehlungenTabelle
n.aux") ("C:\Users\woxtrr0\Desktop\Masterarbeit TeX Vorlage\Inhalt/Fazit.aux")
("C:\Users\woxtrr0\Desktop\Masterarbeit TeX Vorlage\Erklaerung.aux")
("C:\Users\woxtrr0\Desktop\Masterarbeit TeX Vorlage\Inhalt/BPELAktivitaeten.aux
"))
LaTeX Font Info:    Checking defaults for OML/cmm/m/it on input line 56.
LaTeX Font Info:    ... okay on input line 56.
LaTeX Font Info:    Checking defaults for T1/cmr/m/n on input line 56.
LaTeX Font Info:    ... okay on input line 56.
LaTeX Font Info:    Checking defaults for OT1/cmr/m/n on input line 56.
LaTeX Font Info:    ... okay on input line 56.
LaTeX Font Info:    Checking defaults for OMS/cmsy/m/n on input line 56.
LaTeX Font Info:    ... okay on input line 56.
LaTeX Font Info:    Checking defaults for OMX/cmex/m/n on input line 56.
LaTeX Font Info:    ... okay on input line 56.
LaTeX Font Info:    Checking defaults for U/cmr/m/n on input line 56.
LaTeX Font Info:    ... okay on input line 56.
LaTeX Font Info:    Checking defaults for TS1/cmr/m/n on input line 56.
LaTeX Font Info:    Try loading font information for TS1+cmr on input line 56.
 (C:\Users\woxtrr0\Desktop\LaTeX\MikTexPortable\tex\latex\base\ts1cmr.fd
File: ts1cmr.fd 1999/05/25 v2.5h Standard LaTeX font definitions
)
LaTeX Font Info:    ... okay on input line 56.
LaTeX Font Info:    Checking defaults for PD1/pdf/m/n on input line 56.
LaTeX Font Info:    ... okay on input line 56.
LaTeX Font Info:    Try loading font information for T1+lmr on input line 56.

(C:\Users\woxtrr0\Desktop\LaTeX\MikTexPortable\tex\latex\lm\t1lmr.fd
File: t1lmr.fd 2009/10/30 v1.6 Font defs for Latin Modern
)
*geometry* driver: auto-detecting
*geometry* detected driver: pdftex
*geometry* verbose mode - [ preamble ] result:
* driver: pdftex
* paper: a4paper
* layout: <same size as paper>
* layoutoffset:(h,v)=(0.0pt,0.0pt)
* modes: 
* h-part:(L,W,R)=(99.58464pt, 398.3386pt, 99.58464pt)
* v-part:(T,H,B)=(85.35826pt, 658.28194pt, 101.40665pt)
* \paperwidth=597.50787pt
* \paperheight=845.04684pt
* \textwidth=398.3386pt
* \textheight=658.28194pt
* \oddsidemargin=27.31465pt
* \evensidemargin=27.31465pt
* \topmargin=-24.31174pt
* \headheight=59.75078pt
* \headsep=20.40001pt
* \topskip=11.54768pt
* \footskip=47.6pt
* \marginparwidth=59.7508pt
* \marginparsep=12.8401pt
* \columnsep=10.0pt
* \skip\footins=10.0pt plus 4.0pt minus 2.0pt
* \hoffset=0.0pt
* \voffset=0.0pt
* \mag=1000
* \@twocolumnfalse
* \@twosidefalse
* \@mparswitchfalse
* \@reversemarginfalse
* (1in=72.27pt=25.4mm, 1cm=28.453pt)

\c@lstlisting=\count161
(C:\Users\woxtrr0\Desktop\LaTeX\MikTexPortable\tex\context\base\supp-pdf.mkii
[Loading MPS to PDF converter (version 2006.09.02).]
\scratchcounter=\count162
\scratchdimen=\dimen192
\scratchbox=\box49
\nofMPsegments=\count163
\nofMParguments=\count164
\everyMPshowfont=\toks42
\MPscratchCnt=\count165
\MPscratchDim=\dimen193
\MPnumerator=\count166
\makeMPintoPDFobject=\count167
\everyMPtoPDFconversion=\toks43
)
\AtBeginShipoutBox=\box50
Package backref Info: ** backref set up for natbib ** on input line 56.
Package hyperref Info: Link coloring ON on input line 56.
 (C:\Users\woxtrr0\Desktop\LaTeX\MikTexPortable\tex\latex\hyperref\nameref.sty
Package: nameref 2012/10/27 v2.43 Cross-referencing by name of section

(C:\Users\woxtrr0\Desktop\LaTeX\MikTexPortable\tex\generic\oberdiek\gettitlestr
ing.sty
Package: gettitlestring 2010/12/03 v1.4 Cleanup title references (HO)
)
\c@section@level=\count168
)
LaTeX Info: Redefining \ref on input line 56.
LaTeX Info: Redefining \pageref on input line 56.
LaTeX Info: Redefining \nameref on input line 56.
 ("C:\Users\woxtrr0\Desktop\Masterarbeit TeX Vorlage\Masterarbeit.out") ("C:\Us
ers\woxtrr0\Desktop\Masterarbeit TeX Vorlage\Masterarbeit.out")
\@outlinefile=\write6

ABD: EverySelectfont initializing macros
LaTeX Info: Redefining \selectfont on input line 56.
 ABD: EveryShipout initializing macros
("C:\Users\woxtrr0\Desktop\Masterarbeit TeX Vorlage\Deckblatt.tex"
<Bilder/LogoOhmHochschuleMitText.jpg, id=106, 1508.63625pt x 290.08376pt>
File: Bilder/LogoOhmHochschuleMitText.jpg Graphic file (type jpg)

<use Bilder/LogoOhmHochschuleMitText.jpg>
Package pdftex.def Info: Bilder/LogoOhmHochschuleMitText.jpg used on input line
 11.
(pdftex.def)             Requested size: 301.72191pt x 58.01572pt.
LaTeX Font Info:    Try loading font information for OT1+lmr on input line 14.

(C:\Users\woxtrr0\Desktop\LaTeX\MikTexPortable\tex\latex\lm\ot1lmr.fd
File: ot1lmr.fd 2009/10/30 v1.6 Font defs for Latin Modern
)
LaTeX Font Info:    Try loading font information for OML+lmm on input line 14.

(C:\Users\woxtrr0\Desktop\LaTeX\MikTexPortable\tex\latex\lm\omllmm.fd
File: omllmm.fd 2009/10/30 v1.6 Font defs for Latin Modern
)
LaTeX Font Info:    Try loading font information for OMS+lmsy on input line 14.


(C:\Users\woxtrr0\Desktop\LaTeX\MikTexPortable\tex\latex\lm\omslmsy.fd
File: omslmsy.fd 2009/10/30 v1.6 Font defs for Latin Modern
)
LaTeX Font Info:    Try loading font information for OMX+lmex on input line 14.


(C:\Users\woxtrr0\Desktop\LaTeX\MikTexPortable\tex\latex\lm\omxlmex.fd
File: omxlmex.fd 2009/10/30 v1.6 Font defs for Latin Modern
)
LaTeX Font Info:    External font `lmex10' loaded for size
(Font)              <10.95> on input line 14.
LaTeX Font Info:    External font `lmex10' loaded for size
(Font)              <8> on input line 14.
LaTeX Font Info:    External font `lmex10' loaded for size
(Font)              <6> on input line 14.
LaTeX Font Info:    Try loading font information for U+msa on input line 14.

(C:\Users\woxtrr0\Desktop\LaTeX\MikTexPortable\tex\latex\amsfonts\umsa.fd
File: umsa.fd 2013/01/14 v3.01 AMS symbols A
)
LaTeX Font Info:    Try loading font information for U+msb on input line 14.

(C:\Users\woxtrr0\Desktop\LaTeX\MikTexPortable\tex\latex\amsfonts\umsb.fd
File: umsb.fd 2013/01/14 v3.01 AMS symbols B
)
LaTeX Font Info:    Try loading font information for TS1+lmr on input line 22.

(C:\Users\woxtrr0\Desktop\LaTeX\MikTexPortable\tex\latex\lm\ts1lmr.fd
File: ts1lmr.fd 2009/10/30 v1.6 Font defs for Latin Modern
) [1








{C:/Users/woxtrr0/Desktop/LaTeX/MikTexPortable/pdftex/config/pdftex.map} <C:/Us
ers/woxtrr0/Desktop/Masterarbeit TeX Vorlage/Bilder/LogoOhmHochschuleMitText.jp
g>])
("C:\Users\woxtrr0\Desktop\Masterarbeit TeX Vorlage\Inhalt/Abstract.tex"
LaTeX Font Info:    Try loading font information for T1+lmss on input line 1.

(C:\Users\woxtrr0\Desktop\LaTeX\MikTexPortable\tex\latex\lm\t1lmss.fd
File: t1lmss.fd 2009/10/30 v1.6 Font defs for Latin Modern
))
<Bilder/LogoOhmHochschule.jpg, id=117, 284.06125pt x 284.06125pt>
File: Bilder/LogoOhmHochschule.jpg Graphic file (type jpg)

<use Bilder/LogoOhmHochschule.jpg>
Package pdftex.def Info: Bilder/LogoOhmHochschule.jpg used on input line 65.
(pdftex.def)             Requested size: 42.60735pt x 42.60735pt.
 [2


 <C:/Users/woxtrr0/Desktop/Masterarbeit TeX Vorlage/Bilder/LogoOhmHochschule.jp
g>]
("C:\Users\woxtrr0\Desktop\Masterarbeit TeX Vorlage\Masterarbeit.toc")
\tf@toc=\write7

("C:\Users\woxtrr0\Desktop\Masterarbeit TeX Vorlage\Inhalt/Glossar.tex")
File: Bilder/LogoOhmHochschule.jpg Graphic file (type jpg)

<use Bilder/LogoOhmHochschule.jpg>
Package pdftex.def Info: Bilder/LogoOhmHochschule.jpg used on input line 78.
(pdftex.def)             Requested size: 42.60735pt x 42.60735pt.
 [1


]
No file Masterarbeit.nls.
("C:\Users\woxtrr0\Desktop\Masterarbeit TeX Vorlage\Masterarbeit.lof")
\tf@lof=\write8
File: Bilder/LogoOhmHochschule.jpg Graphic file (type jpg)

<use Bilder/LogoOhmHochschule.jpg>
Package pdftex.def Info: Bilder/LogoOhmHochschule.jpg used on input line 83.
(pdftex.def)             Requested size: 42.60735pt x 42.60735pt.
 [2


]
("C:\Users\woxtrr0\Desktop\Masterarbeit TeX Vorlage\Masterarbeit.lot")
\tf@lot=\write9


Class scrreprt Warning: \float@listhead detected!
(scrreprt)              Implementation of \float@listhead became
(scrreprt)              deprecated in KOMA-Script v3.01 2008/11/14 and
(scrreprt)              has been replaced by more several more flexible
(scrreprt)              features of package `tocbasic`.
(scrreprt)              Maybe implementation of \float@listhead will
(scrreprt)              be removed from KOMA-Script soon.
(scrreprt)              Loading of package `scrhack' may help to
(scrreprt)              avoid this warning, if you are using a
(scrreprt)              a package that still implements the
(scrreprt)              deprecated \float@listhead interface  on input line 85.


File: Bilder/LogoOhmHochschule.jpg Graphic file (type jpg)
<use Bilder/LogoOhmHochschule.jpg>
Package pdftex.def Info: Bilder/LogoOhmHochschule.jpg used on input line 85.
(pdftex.def)             Requested size: 42.60735pt x 42.60735pt.
 [3

]

Class scrreprt Warning: \float@addtolists detected!
(scrreprt)              Implementation of \float@addtolist became
(scrreprt)              deprecated in KOMA-Script v3.01 2008/11/14 and
(scrreprt)              has been replaced by more several more flexible
(scrreprt)              features of package `tocbasic`.
(scrreprt)              Since Version 3.12 support for deprecated
(scrreprt)              \float@addtolist interface has been
(scrreprt)              restricted to only some of the KOMA-Script
(scrreprt)              features and been removed from others.
(scrreprt)              Loading of package `scrhack' may help to
(scrreprt)              avoid this warning, if you are using a
(scrreprt)              a package that still implements the
(scrreprt)              deprecated \float@addtolist interface .

("C:\Users\woxtrr0\Desktop\Masterarbeit TeX Vorlage\Masterarbeit.lol"
LaTeX Font Info:    Try loading font information for T1+lmtt on input line 5.

(C:\Users\woxtrr0\Desktop\LaTeX\MikTexPortable\tex\latex\lm\t1lmtt.fd
File: t1lmtt.fd 2009/10/30 v1.6 Font defs for Latin Modern
))
\tf@lol=\write10
File: Bilder/LogoOhmHochschule.jpg Graphic file (type jpg)

<use Bilder/LogoOhmHochschule.jpg>
Package pdftex.def Info: Bilder/LogoOhmHochschule.jpg used on input line 88.
(pdftex.def)             Requested size: 42.60735pt x 42.60735pt.
 [4

]
("C:\Users\woxtrr0\Desktop\Masterarbeit TeX Vorlage\Inhalt.tex"
("C:\Users\woxtrr0\Desktop\Masterarbeit TeX Vorlage\Inhalt/Einleitung.tex"
Kapitel 1.
Package hyperref Info: bookmark level for unknown todo defaults to 0 on input l
ine 9.
File: Bilder/LogoOhmHochschule.jpg Graphic file (type jpg)
<use Bilder/LogoOhmHochschule.jpg>
Package pdftex.def Info: Bilder/LogoOhmHochschule.jpg used on input line 16.
(pdftex.def)             Requested size: 42.60735pt x 42.60735pt.
 [1



])
File: Bilder/LogoOhmHochschule.jpg Graphic file (type jpg)
 <use Bilder/LogoOhmHochschule.jpg>
Package pdftex.def Info: Bilder/LogoOhmHochschule.jpg used on input line 5.
(pdftex.def)             Requested size: 42.60735pt x 42.60735pt.

[2]
File: Bilder/LogoOhmHochschule.jpg Graphic file (type jpg)
 <use Bilder/LogoOhmHochschule.jpg>
Package pdftex.def Info: Bilder/LogoOhmHochschule.jpg used on input line 5.
(pdftex.def)             Requested size: 42.60735pt x 42.60735pt.
 [3]
("C:\Users\woxtrr0\Desktop\Masterarbeit TeX Vorlage\Inhalt/ZitateReferenzen.tex
"
Kapitel 2.
LaTeX Font Info:    External font `lmex10' loaded for size
(Font)              <9> on input line 4.
LaTeX Font Info:    External font `lmex10' loaded for size
(Font)              <5> on input line 4.

Overfull \hbox (0.65285pt too wide) in paragraph at lines 6--6
\T1/lmr/m/n/10.95 schftspro- 
 []


Overfull \hbox (0.65285pt too wide) in paragraph at lines 6--6
\T1/lmr/m/n/10.95 schftspro- 
 []


Overfull \hbox (0.65285pt too wide) in paragraph at lines 6--6
\T1/lmr/m/n/10.95 schftspro- 
 []


Overfull \hbox (0.65285pt too wide) in paragraph at lines 6--6
\T1/lmr/m/n/10.95 schftspro- 
 []

File: Bilder/LogoOhmHochschule.jpg Graphic file (type jpg)
<use Bilder/LogoOhmHochschule.jpg>
Package pdftex.def Info: Bilder/LogoOhmHochschule.jpg used on input line 13.
(pdftex.def)             Requested size: 42.60735pt x 42.60735pt.
 [4



])
File: Bilder/LogoOhmHochschule.jpg Graphic file (type jpg)
 <use Bilder/LogoOhmHochschule.jpg>
Package pdftex.def Info: Bilder/LogoOhmHochschule.jpg used on input line 6.
(pdftex.def)             Requested size: 42.60735pt x 42.60735pt.

[5]
("C:\Users\woxtrr0\Desktop\Masterarbeit TeX Vorlage\Inhalt/BilderListings.tex"
Kapitel 3.

Overfull \hbox (6.05806pt too wide) in paragraph at lines 3--4
\T1/lmr/m/n/10.95 or-che-striert wer-den kn-nen. Hier-zu ver-wen-det er aus-sc
hlie-lich Open-Source-Software,
 []

<Bilder/HelloWorldStruktur.jpg, id=260, 123.46124pt x 64.24pt>
File: Bilder/HelloWorldStruktur.jpg Graphic file (type jpg)

<use Bilder/HelloWorldStruktur.jpg>
Package pdftex.def Info: Bilder/HelloWorldStruktur.jpg used on input line 11.
(pdftex.def)             Requested size: 119.50279pt x 62.18332pt.
File: Bilder/LogoOhmHochschule.jpg Graphic file (type jpg)
 <use Bilder/LogoOhmHochschule.jpg>
Package pdftex.def Info: Bilder/LogoOhmHochschule.jpg used on input line 18.
(pdftex.def)             Requested size: 42.60735pt x 42.60735pt.
 [6



 <C:/Users/woxtrr0/Desktop/Masterarbeit TeX Vorlage/Bilder/HelloWorldStruktur.j
pg>]
(C:\Users\woxtrr0\Desktop\LaTeX\MikTexPortable\tex\latex\listings\lstlang1.sty
File: lstlang1.sty 2014/03/04 1.5c listings language file
)
("C:\Users\woxtrr0\Desktop\Masterarbeit TeX Vorlage\DVD/Listings/HelloWorld/Hel
loWorld.java")
(C:\Users\woxtrr0\Desktop\LaTeX\MikTexPortable\tex\latex\listings\lstlang1.sty
File: lstlang1.sty 2014/03/04 1.5c listings language file
) (C:\Users\woxtrr0\Desktop\LaTeX\MikTexPortable\tex\latex\listings\lstmisc.sty
File: lstmisc.sty 2014/03/04 1.5c (Carsten Heinz)
)
("C:\Users\woxtrr0\Desktop\Masterarbeit TeX Vorlage\DVD/Listings/PersonFactoryS
OAPRequest.txt")
File: Bilder/LogoOhmHochschule.jpg Graphic file (type jpg)
 <use Bilder/LogoOhmHochschule.jpg>
Package pdftex.def Info: Bilder/LogoOhmHochschule.jpg used on input line 33.
(pdftex.def)             Requested size: 42.60735pt x 42.60735pt.
 [7]
("C:\Users\woxtrr0\Desktop\Masterarbeit TeX Vorlage\DVD/Listings/PersonFactoryS
OAPResponse.txt"))
File: Bilder/LogoOhmHochschule.jpg Graphic file (type jpg)
 <use Bilder/LogoOhmHochschule.jpg>
Package pdftex.def Info: Bilder/LogoOhmHochschule.jpg used on input line 7.
(pdftex.def)             Requested size: 42.60735pt x 42.60735pt.
 [8]
("C:\Users\woxtrr0\Desktop\Masterarbeit TeX Vorlage\Inhalt/AufzaehlungenTabelle
n.tex"
Kapitel 4.
File: Bilder/LogoOhmHochschule.jpg Graphic file (type jpg)
<use Bilder/LogoOhmHochschule.jpg>
Package pdftex.def Info: Bilder/LogoOhmHochschule.jpg used on input line 25.
(pdftex.def)             Requested size: 42.60735pt x 42.60735pt.
 [9



]
<Bilder/EPK-Funktion.jpg, id=341, 84.315pt x 58.71938pt>
File: Bilder/EPK-Funktion.jpg Graphic file (type jpg)

<use Bilder/EPK-Funktion.jpg>
Package pdftex.def Info: Bilder/EPK-Funktion.jpg used on input line 49.
(pdftex.def)             Requested size: 85.35826pt x 59.44673pt.

<Bilder/EPK-Ereignis.jpg, id=342, 78.2925pt x 54.9553pt>
File: Bilder/EPK-Ereignis.jpg Graphic file (type jpg)

<use Bilder/EPK-Ereignis.jpg>
Package pdftex.def Info: Bilder/EPK-Ereignis.jpg used on input line 56.
(pdftex.def)             Requested size: 85.35826pt x 59.91684pt.

<Bilder/EPK-Operatoren.jpg, id=343, 121.20282pt x 35.38219pt>
File: Bilder/EPK-Operatoren.jpg Graphic file (type jpg)

<use Bilder/EPK-Operatoren.jpg>
Package pdftex.def Info: Bilder/EPK-Operatoren.jpg used on input line 61.
(pdftex.def)             Requested size: 85.35826pt x 24.9196pt.

<Bilder/EPK-Organisationseinheit.jpg, id=344, 85.06781pt x 46.67438pt>
File: Bilder/EPK-Organisationseinheit.jpg Graphic file (type jpg)

<use Bilder/EPK-Organisationseinheit.jpg>
Package pdftex.def Info: Bilder/EPK-Organisationseinheit.jpg used on input line
 68.
(pdftex.def)             Requested size: 85.35826pt x 46.8359pt.

Underfull \hbox (badness 2221) in paragraph at lines 74--74
[]\T1/lmr/m/n/10.95 Beispiele: \T1/lmr/m/it/10.95 Kun-den-da-ten-bank\T1/lmr/m/
n/10.95 , \T1/lmr/m/it/10.95 Ver-si-che-rungs-an-trag\T1/lmr/m/n/10.95 , \T1/lm
r/m/it/10.95 Rech-
 []

<Bilder/EPK-Informationen.jpg, id=345, 78.2925pt x 54.9553pt>
File: Bilder/EPK-Informationen.jpg Graphic file (type jpg)

<use Bilder/EPK-Informationen.jpg>
Package pdftex.def Info: Bilder/EPK-Informationen.jpg used on input line 75.
(pdftex.def)             Requested size: 85.35826pt x 59.91684pt.

Underfull \hbox (badness 2073) in paragraph at lines 79--79
[]\T1/lmr/m/n/10.95 Mit Pro-zess-weg-wei-sern wer-den Pro-zes-se, die in an-de-

 []


Underfull \hbox (badness 4403) in paragraph at lines 79--79
\T1/lmr/m/n/10.95 ren EPKs be-schrie-ben sind, re-fe-ren-ziert. So kn-nen
 []

<Bilder/EPK-Prozesspfad.jpg, id=346, 87.32625pt x 61.73062pt>
File: Bilder/EPK-Prozesspfad.jpg Graphic file (type jpg)

<use Bilder/EPK-Prozesspfad.jpg>
Package pdftex.def Info: Bilder/EPK-Prozesspfad.jpg used on input line 80.
(pdftex.def)             Requested size: 85.35826pt x 60.34299pt.
File: Bilder/LogoOhmHochschule.jpg Graphic file (type jpg)
 <use Bilder/LogoOhmHochschule.jpg>
Package pdftex.def Info: Bilder/LogoOhmHochschule.jpg used on input line 82.
(pdftex.def)             Requested size: 42.60735pt x 42.60735pt.
 [10]
File: Bilder/LogoOhmHochschule.jpg Graphic file (type jpg)

<use Bilder/LogoOhmHochschule.jpg>
Package pdftex.def Info: Bilder/LogoOhmHochschule.jpg used on input line 82.
(pdftex.def)             Requested size: 42.60735pt x 42.60735pt.
 [11]
File: Bilder/LogoOhmHochschule.jpg Graphic file (type jpg)
 <use Bilder/LogoOhmHochschule.jpg>
Package pdftex.def Info: Bilder/LogoOhmHochschule.jpg used on input line 82.
(pdftex.def)             Requested size: 42.60735pt x 42.60735pt.

[12 <C:/Users/woxtrr0/Desktop/Masterarbeit TeX Vorlage/Bilder/EPK-Funktion.jpg>
 <C:/Users/woxtrr0/Desktop/Masterarbeit TeX Vorlage/Bilder/EPK-Ereignis.jpg> <C
:/Users/woxtrr0/Desktop/Masterarbeit TeX Vorlage/Bilder/EPK-Operatoren.jpg> <C:
/Users/woxtrr0/Desktop/Masterarbeit TeX Vorlage/Bilder/EPK-Organisationseinheit
.jpg> <C:/Users/woxtrr0/Desktop/Masterarbeit TeX Vorlage/Bilder/EPK-Information
en.jpg>])
File: Bilder/LogoOhmHochschule.jpg Graphic file (type jpg)
 <use Bilder/LogoOhmHochschule.jpg>
Package pdftex.def Info: Bilder/LogoOhmHochschule.jpg used on input line 8.
(pdftex.def)             Requested size: 42.60735pt x 42.60735pt.
 [13 <C:/Users/woxtrr0/Desktop/Masterarbeit TeX Vorlage/Bilder/EPK-Prozesspfad.
jpg>]
("C:\Users\woxtrr0\Desktop\Masterarbeit TeX Vorlage\Inhalt/Fazit.tex"
Kapitel 5.
)
File: Bilder/LogoOhmHochschule.jpg Graphic file (type jpg)
 <use Bilder/LogoOhmHochschule.jpg>
Package pdftex.def Info: Bilder/LogoOhmHochschule.jpg used on input line 9.
(pdftex.def)             Requested size: 42.60735pt x 42.60735pt.
 [14



])
("C:\Users\woxtrr0\Desktop\Masterarbeit TeX Vorlage\Masterarbeit.bbl"
("C:\Users\woxtrr0\Desktop\Masterarbeit TeX Vorlage\Masterarbeit.brf")
\tf@brf=\write11

Underfull \hbox (badness 10000) in paragraph at lines 28--28
\T1/lmr/m/n/10.95 2006.  [][]$\T1/lmtt/m/n/10.95 http : / / www . oasis-[]open 
. org / committees / download . php / 19679 /$
 []


Underfull \hbox (badness 3068) in paragraph at lines 41--41
\T1/lmr/m/sc/10.95 OA-SIS\T1/lmr/m/n/10.95 :  \T1/lmr/m/it/10.95 Web Ser-vices 
Busi-ness Pro-cess Exe-cu-ti-on Lan-gua-ge Ver-si-on
 []


Underfull \hbox (badness 5696) in paragraph at lines 56--56
\T1/lmr/m/n/10.95 2007.  [][]$\T1/lmtt/m/n/10.95 http : / / www . softwareag . 
com / de / company / latestnews / 20070529 _$
 []

)
File: Bilder/LogoOhmHochschule.jpg Graphic file (type jpg)
 <use Bilder/LogoOhmHochschule.jpg>
Package pdftex.def Info: Bilder/LogoOhmHochschule.jpg used on input line 101.
(pdftex.def)             Requested size: 42.60735pt x 42.60735pt.
 [15


]
("C:\Users\woxtrr0\Desktop\Masterarbeit TeX Vorlage\Erklaerung.tex"
Underfull \hbox (badness 10000) in paragraph at lines 8--9

 []

)
File: Bilder/LogoOhmHochschule.jpg Graphic file (type jpg)
 <use Bilder/LogoOhmHochschule.jpg>
Package pdftex.def Info: Bilder/LogoOhmHochschule.jpg used on input line 101.
(pdftex.def)             Requested size: 42.60735pt x 42.60735pt.
 [16


]
Anhang A.
("C:\Users\woxtrr0\Desktop\Masterarbeit TeX Vorlage\Anhang.tex"
File: Bilder/LogoOhmHochschule.jpg Graphic file (type jpg)

<use Bilder/LogoOhmHochschule.jpg>
Package pdftex.def Info: Bilder/LogoOhmHochschule.jpg used on input line 1.
(pdftex.def)             Requested size: 42.60735pt x 42.60735pt.
 [1



]
("C:\Users\woxtrr0\Desktop\Masterarbeit TeX Vorlage\Inhalt/BPELAktivitaeten.tex
"
Underfull \hbox (badness 1924) in paragraph at lines 16--16
\T1/lmr/m/n/10 und \T1/lmr/m/it/10 Request-response\T1/lmr/m/n/10 -Kommunikatio
n
 []


Overfull \hbox (2.32866pt too wide) in paragraph at lines 25--25
[]  \T1/lmtt/m/n/10 outputVariable="VarName">[] 
 []


Overfull \hbox (2.32866pt too wide) in paragraph at lines 60--60
[]    \T1/lmtt/m/n/10 <to variable="myVar" />[] 
 []


Overfull \hbox (5.73213pt too wide) in alignment at lines 9--86
 [] [] [] 
 []

File: Bilder/LogoOhmHochschule.jpg Graphic file (type jpg)
<use Bilder/LogoOhmHochschule.jpg>
Package pdftex.def Info: Bilder/LogoOhmHochschule.jpg used on input line 86.
(pdftex.def)             Requested size: 42.60735pt x 42.60735pt.
 [2

]
Underfull \hbox (badness 5374) in paragraph at lines 113--113
[]|\T1/lmr/m/n/10 Konditionale Ab-fra-gen (ver-gleich-bar
 []


Overfull \hbox (5.73213pt too wide) in alignment at lines 89--156
 [] [] [] 
 []

File: Bilder/LogoOhmHochschule.jpg Graphic file (type jpg)
<use Bilder/LogoOhmHochschule.jpg>
Package pdftex.def Info: Bilder/LogoOhmHochschule.jpg used on input line 156.
(pdftex.def)             Requested size: 42.60735pt x 42.60735pt.
 [3])
File: Bilder/LogoOhmHochschule.jpg Graphic file (type jpg)
 <use Bilder/LogoOhmHochschule.jpg>
Package pdftex.def Info: Bilder/LogoOhmHochschule.jpg used on input line 1.
(pdftex.def)             Requested size: 42.60735pt x 42.60735pt.

[4])
Package atveryend Info: Empty hook `BeforeClearDocument' on input line 122.
Package atveryend Info: Empty hook `AfterLastShipout' on input line 122.
 ("C:\Users\woxtrr0\Desktop\Masterarbeit TeX Vorlage\Masterarbeit.aux"
("C:\Users\woxtrr0\Desktop\Masterarbeit TeX Vorlage\Deckblatt.aux")
("C:\Users\woxtrr0\Desktop\Masterarbeit TeX Vorlage\Inhalt/Abstract.aux")
("C:\Users\woxtrr0\Desktop\Masterarbeit TeX Vorlage\Inhalt/Einleitung.aux")
("C:\Users\woxtrr0\Desktop\Masterarbeit TeX Vorlage\Inhalt/ZitateReferenzen.aux
") ("C:\Users\woxtrr0\Desktop\Masterarbeit TeX Vorlage\Inhalt/BilderListings.au
x")
("C:\Users\woxtrr0\Desktop\Masterarbeit TeX Vorlage\Inhalt/AufzaehlungenTabelle
n.aux") ("C:\Users\woxtrr0\Desktop\Masterarbeit TeX Vorlage\Inhalt/Fazit.aux")
("C:\Users\woxtrr0\Desktop\Masterarbeit TeX Vorlage\Erklaerung.aux")
("C:\Users\woxtrr0\Desktop\Masterarbeit TeX Vorlage\Inhalt/BPELAktivitaeten.aux
"))
Package atveryend Info: Executing hook `AtVeryEndDocument' on input line 122.
Package atveryend Info: Executing hook `AtEndAfterFileList' on input line 122.
Package rerunfilecheck Info: File `Masterarbeit.out' has not changed.
(rerunfilecheck)             Checksum: 295F0F2ED26D812270E859EEDB4AD470;1652.
Package rerunfilecheck Info: File `Masterarbeit.brf' has not changed.
(rerunfilecheck)             Checksum: 0CADE0C4399996057B296A04038EC037;503.
Package atveryend Info: Empty hook `AtVeryVeryEnd' on input line 122.
 ) 
Here is how much of TeX's memory you used:
 23048 strings out of 493921
 420642 string characters out of 3133993
 592511 words of memory out of 3000000
 25620 multiletter control sequences out of 15000+200000
 101990 words of font info for 71 fonts, out of 3000000 for 9000
 841 hyphenation exceptions out of 8191
 76i,15n,78p,1383b,1294s stack positions out of 5000i,500n,10000p,200000b,50000s
{C:/Users/woxtrr0/Desktop/LaTeX/MikTexPortable/fonts/enc/dvips/lm/lm-ec.enc}{
C:/Users/woxtrr0/Desktop/LaTeX/MikTexPortable/fonts/enc/dvips/lm/lm-mathsy.enc}
{C:/Users/woxtrr0/Desktop/LaTeX/MikTexPortable/fonts/enc/dvips/lm/lm-ts1.enc}<C
:/Users/woxtrr0/Desktop/LaTeX/MikTexPortable/fonts/type1/public/lm/lmbx10.pfb><
C:/Users/woxtrr0/Desktop/LaTeX/MikTexPortable/fonts/type1/public/lm/lmbx12.pfb>
<C:/Users/woxtrr0/Desktop/LaTeX/MikTexPortable/fonts/type1/public/lm/lmbx8.pfb>
<C:/Users/woxtrr0/Desktop/LaTeX/MikTexPortable/fonts/type1/public/lm/lmbx9.pfb>
<C:/Users/woxtrr0/Desktop/LaTeX/MikTexPortable/fonts/type1/public/lm/lmcsc10.pf
b><C:/Users/woxtrr0/Desktop/LaTeX/MikTexPortable/fonts/type1/public/lm/lmr10.pf
b><C:/Users/woxtrr0/Desktop/LaTeX/MikTexPortable/fonts/type1/public/lm/lmr12.pf
b><C:/Users/woxtrr0/Desktop/LaTeX/MikTexPortable/fonts/type1/public/lm/lmr6.pfb
><C:/Users/woxtrr0/Desktop/LaTeX/MikTexPortable/fonts/type1/public/lm/lmr8.pfb>
<C:/Users/woxtrr0/Desktop/LaTeX/MikTexPortable/fonts/type1/public/lm/lmr9.pfb><
C:/Users/woxtrr0/Desktop/LaTeX/MikTexPortable/fonts/type1/public/lm/lmri10.pfb>
<C:/Users/woxtrr0/Desktop/LaTeX/MikTexPortable/fonts/type1/public/lm/lmss10.pfb
><C:/Users/woxtrr0/Desktop/LaTeX/MikTexPortable/fonts/type1/public/lm/lmssbx10.
pfb><C:/Users/woxtrr0/Desktop/LaTeX/MikTexPortable/fonts/type1/public/lm/lmsy9.
pfb><C:/Users/woxtrr0/Desktop/LaTeX/MikTexPortable/fonts/type1/public/lm/lmtt10
.pfb><C:/Users/woxtrr0/Desktop/LaTeX/MikTexPortable/fonts/type1/public/lm/lmtt9
.pfb>
Output written on Masterarbeit.pdf (26 pages, 713894 bytes).
PDF statistics:
 502 PDF objects out of 1000 (max. 8388607)
 127 named destinations out of 1000 (max. 500000)
 258 words of extra memory for PDF output out of 10000 (max. 10000000)

