\BOOKMARK [0][]{chapter*.4}{Abbildungsverzeichnis}{}% 1
\BOOKMARK [0][]{chapter*.5}{Tabellenverzeichnis}{}% 2
\BOOKMARK [0][]{chapter*.6}{Verzeichnis der Listings}{}% 3
\BOOKMARK [0][]{chapter.7}{Einleitung}{}% 4
\BOOKMARK [1][]{section.8}{Motivation}{chapter.7}% 5
\BOOKMARK [1][]{section.10}{Ziel der Arbeit}{chapter.7}% 6
\BOOKMARK [1][]{section.12}{Aufbau der Arbeit}{chapter.7}% 7
\BOOKMARK [1][]{section.13}{Voraussetzungen zum Verst\344ndnis der Arbeit}{chapter.7}% 8
\BOOKMARK [1][]{section.14}{Typographische Konventionen}{chapter.7}% 9
\BOOKMARK [0][]{chapter.15}{Zitate und Referenzen}{}% 10
\BOOKMARK [1][]{section.19}{Definitionen}{chapter.15}% 11
\BOOKMARK [1][]{section.20}{Service-orientierte Architektur}{chapter.15}% 12
\BOOKMARK [0][]{chapter.25}{Bilder und Listings}{}% 13
\BOOKMARK [1][]{section.29}{Anbieten eines Webservice}{chapter.25}% 14
\BOOKMARK [1][]{section.37}{Netzwerkverkehr beim Aufruf von PersonFactory}{chapter.25}% 15
\BOOKMARK [2][]{subsection.38}{SOAP-Request}{section.37}% 16
\BOOKMARK [2][]{subsection.58}{SOAP-Response}{section.37}% 17
\BOOKMARK [0][]{chapter.79}{Aufz\344hlungen und Tabellen}{}% 18
\BOOKMARK [1][]{section.84}{Vom Autor verwendete Software}{chapter.79}% 19
\BOOKMARK [1][]{section.86}{Elemente der Ereignisgesteuerten Prozesskette}{chapter.79}% 20
\BOOKMARK [0][]{chapter.88}{Fazit und kritische Bewertung}{}% 21
\BOOKMARK [0][]{chapter*.89}{Literaturverzeichnis}{}% 22
\BOOKMARK [0][]{chapter*.90}{Eidesstattliche Erkl\344rung}{}% 23
\BOOKMARK [0][]{appendix.91}{Anhang}{}% 24
\BOOKMARK [1][]{section.92}{Liste m\366glicher Aktivit\344ten der BPEL}{appendix.91}% 25
