This is pdfTeX, Version 3.14159265-2.6-1.40.18 (MiKTeX 2.9.6350) (preloaded format=pdflatex 2018.1.3)  5 JAN 2018 19:18
entering extended mode
**./beispielx.tex
(beispielx.tex
LaTeX2e <2017-04-15>
Babel <3.10> and hyphenation patterns for 1 language(s) loaded.

(C:\Users\Rene\jDownloader\LatexPortable\MikTexPortable\texmfs\install\tex\late
x\base\article.cls
Document Class: article 2014/09/29 v1.4h Standard LaTeX document class

(C:\Users\Rene\jDownloader\LatexPortable\MikTexPortable\texmfs\install\tex\late
x\base\size11.clo
File: size11.clo 2014/09/29 v1.4h Standard LaTeX file (size option)
)
\c@part=\count79
\c@section=\count80
\c@subsection=\count81
\c@subsubsection=\count82
\c@paragraph=\count83
\c@subparagraph=\count84
\c@figure=\count85
\c@table=\count86
\abovecaptionskip=\skip41
\belowcaptionskip=\skip42
\bibindent=\dimen102
)
(C:\Users\Rene\jDownloader\LatexPortable\MikTexPortable\texmfs\install\tex\late
x\base\inputenc.sty
Package: inputenc 2015/03/17 v1.2c Input encoding file
\inpenc@prehook=\toks14
\inpenc@posthook=\toks15

(C:\Users\Rene\jDownloader\LatexPortable\MikTexPortable\texmfs\install\tex\late
x\base\latin1.def
File: latin1.def 2015/03/17 v1.2c Input encoding file
))
(C:\Users\Rene\jDownloader\LatexPortable\MikTexPortable\texmfs\install\tex\late
x\amsmath\amsmath.sty
Package: amsmath 2016/11/05 v2.16a AMS math features
\@mathmargin=\skip43

For additional information on amsmath, use the `?' option.

(C:\Users\Rene\jDownloader\LatexPortable\MikTexPortable\texmfs\install\tex\late
x\amsmath\amstext.sty
Package: amstext 2000/06/29 v2.01 AMS text

(C:\Users\Rene\jDownloader\LatexPortable\MikTexPortable\texmfs\install\tex\late
x\amsmath\amsgen.sty
File: amsgen.sty 1999/11/30 v2.0 generic functions
\@emptytoks=\toks16
\ex@=\dimen103
))
(C:\Users\Rene\jDownloader\LatexPortable\MikTexPortable\texmfs\install\tex\late
x\amsmath\amsbsy.sty
Package: amsbsy 1999/11/29 v1.2d Bold Symbols
\pmbraise@=\dimen104
)
(C:\Users\Rene\jDownloader\LatexPortable\MikTexPortable\texmfs\install\tex\late
x\amsmath\amsopn.sty
Package: amsopn 2016/03/08 v2.02 operator names
)
\inf@bad=\count87
LaTeX Info: Redefining \frac on input line 213.
\uproot@=\count88
\leftroot@=\count89
LaTeX Info: Redefining \overline on input line 375.
\classnum@=\count90
\DOTSCASE@=\count91
LaTeX Info: Redefining \ldots on input line 472.
LaTeX Info: Redefining \dots on input line 475.
LaTeX Info: Redefining \cdots on input line 596.
\Mathstrutbox@=\box26
\strutbox@=\box27
\big@size=\dimen105
LaTeX Font Info:    Redeclaring font encoding OML on input line 712.
LaTeX Font Info:    Redeclaring font encoding OMS on input line 713.
\macc@depth=\count92
\c@MaxMatrixCols=\count93
\dotsspace@=\muskip10
\c@parentequation=\count94
\dspbrk@lvl=\count95
\tag@help=\toks17
\row@=\count96
\column@=\count97
\maxfields@=\count98
\andhelp@=\toks18
\eqnshift@=\dimen106
\alignsep@=\dimen107
\tagshift@=\dimen108
\tagwidth@=\dimen109
\totwidth@=\dimen110
\lineht@=\dimen111
\@envbody=\toks19
\multlinegap=\skip44
\multlinetaggap=\skip45
\mathdisplay@stack=\toks20
LaTeX Info: Redefining \[ on input line 2817.
LaTeX Info: Redefining \] on input line 2818.
)
(C:\Users\Rene\jDownloader\LatexPortable\MikTexPortable\texmfs\install\tex\late
x\amsfonts\amsfonts.sty
Package: amsfonts 2013/01/14 v3.01 Basic AMSFonts support
\symAMSa=\mathgroup4
\symAMSb=\mathgroup5
LaTeX Font Info:    Overwriting math alphabet `\mathfrak' in version `bold'
(Font)                  U/euf/m/n --> U/euf/b/n on input line 106.
)
(C:\Users\Rene\jDownloader\LatexPortable\MikTexPortable\texmfs\install\tex\late
x\amsfonts\amssymb.sty
Package: amssymb 2013/01/14 v3.01 AMS font symbols
)
(C:\Users\Rene\jDownloader\LatexPortable\MikTexPortable\texmfs\install\tex\late
x\base\makeidx.sty
Package: makeidx 2014/09/29 v1.0m Standard LaTeX package
)
(C:\Users\Rene\jDownloader\LatexPortable\MikTexPortable\texmfs\install\tex\late
x\graphics\graphicx.sty
Package: graphicx 2014/10/28 v1.0g Enhanced LaTeX Graphics (DPC,SPQR)

(C:\Users\Rene\jDownloader\LatexPortable\MikTexPortable\texmfs\install\tex\late
x\graphics\keyval.sty
Package: keyval 2014/10/28 v1.15 key=value parser (DPC)
\KV@toks@=\toks21
)
(C:\Users\Rene\jDownloader\LatexPortable\MikTexPortable\texmfs\install\tex\late
x\graphics\graphics.sty
Package: graphics 2017/04/14 v1.1b Standard LaTeX Graphics (DPC,SPQR)

(C:\Users\Rene\jDownloader\LatexPortable\MikTexPortable\texmfs\install\tex\late
x\graphics\trig.sty
Package: trig 2016/01/03 v1.10 sin cos tan (DPC)
)
(C:\Users\Rene\jDownloader\LatexPortable\MikTexPortable\texmfs\install\tex\late
x\graphics-cfg\graphics.cfg
File: graphics.cfg 2016/06/04 v1.11 sample graphics configuration
)
Package graphics Info: Driver file: pdftex.def on input line 99.

(C:\Users\Rene\jDownloader\LatexPortable\MikTexPortable\texmfs\install\tex\late
x\graphics-def\pdftex.def
File: pdftex.def 2017/01/12 v0.06k Graphics/color for pdfTeX

(C:\Users\Rene\jDownloader\LatexPortable\MikTexPortable\texmfs\install\tex\gene
ric\oberdiek\infwarerr.sty
Package: infwarerr 2016/05/16 v1.4 Providing info/warning/error messages (HO)
)
(C:\Users\Rene\jDownloader\LatexPortable\MikTexPortable\texmfs\install\tex\gene
ric\oberdiek\ltxcmds.sty
Package: ltxcmds 2016/05/16 v1.23 LaTeX kernel commands for general use (HO)
)
\Gread@gobject=\count99
))
\Gin@req@height=\dimen112
\Gin@req@width=\dimen113
) (beispielx.aux)
\openout1 = `beispielx.aux'.

LaTeX Font Info:    Checking defaults for OML/cmm/m/it on input line 10.
LaTeX Font Info:    ... okay on input line 10.
LaTeX Font Info:    Checking defaults for T1/cmr/m/n on input line 10.
LaTeX Font Info:    ... okay on input line 10.
LaTeX Font Info:    Checking defaults for OT1/cmr/m/n on input line 10.
LaTeX Font Info:    ... okay on input line 10.
LaTeX Font Info:    Checking defaults for OMS/cmsy/m/n on input line 10.
LaTeX Font Info:    ... okay on input line 10.
LaTeX Font Info:    Checking defaults for OMX/cmex/m/n on input line 10.
LaTeX Font Info:    ... okay on input line 10.
LaTeX Font Info:    Checking defaults for U/cmr/m/n on input line 10.
LaTeX Font Info:    ... okay on input line 10.

(C:\Users\Rene\jDownloader\LatexPortable\MikTexPortable\texmfs\install\tex\cont
ext\base\supp-pdf.mkii
[Loading MPS to PDF converter (version 2006.09.02).]
\scratchcounter=\count100
\scratchdimen=\dimen114
\scratchbox=\box28
\nofMPsegments=\count101
\nofMParguments=\count102
\everyMPshowfont=\toks22
\MPscratchCnt=\count103
\MPscratchDim=\dimen115
\MPnumerator=\count104
\makeMPintoPDFobject=\count105
\everyMPtoPDFconversion=\toks23
)
(C:\Users\Rene\jDownloader\LatexPortable\MikTexPortable\texmfs\install\tex\gene
ric\oberdiek\pdftexcmds.sty
Package: pdftexcmds 2017/03/19 v0.25 Utility functions of pdfTeX for LuaTeX (HO
)

(C:\Users\Rene\jDownloader\LatexPortable\MikTexPortable\texmfs\install\tex\gene
ric\oberdiek\ifluatex.sty
Package: ifluatex 2016/05/16 v1.4 Provides the ifluatex switch (HO)
Package ifluatex Info: LuaTeX not detected.
)
(C:\Users\Rene\jDownloader\LatexPortable\MikTexPortable\texmfs\install\tex\gene
ric\oberdiek\ifpdf.sty
Package: ifpdf 2017/03/15 v3.2 Provides the ifpdf switch
)
Package pdftexcmds Info: LuaTeX not detected.
Package pdftexcmds Info: \pdf@primitive is available.
Package pdftexcmds Info: \pdf@ifprimitive is available.
Package pdftexcmds Info: \pdfdraftmode found.
)
(C:\Users\Rene\jDownloader\LatexPortable\MikTexPortable\texmfs\install\tex\late
x\oberdiek\epstopdf-base.sty
Package: epstopdf-base 2016/05/15 v2.6 Base part for package epstopdf

(C:\Users\Rene\jDownloader\LatexPortable\MikTexPortable\texmfs\install\tex\late
x\oberdiek\grfext.sty
Package: grfext 2016/05/16 v1.2 Manage graphics extensions (HO)

(C:\Users\Rene\jDownloader\LatexPortable\MikTexPortable\texmfs\install\tex\gene
ric\oberdiek\kvdefinekeys.sty
Package: kvdefinekeys 2016/05/16 v1.4 Define keys (HO)
))
(C:\Users\Rene\jDownloader\LatexPortable\MikTexPortable\texmfs\install\tex\late
x\oberdiek\kvoptions.sty
Package: kvoptions 2016/05/16 v3.12 Key value format for package options (HO)

(C:\Users\Rene\jDownloader\LatexPortable\MikTexPortable\texmfs\install\tex\gene
ric\oberdiek\kvsetkeys.sty
Package: kvsetkeys 2016/05/16 v1.17 Key value parser (HO)

(C:\Users\Rene\jDownloader\LatexPortable\MikTexPortable\texmfs\install\tex\gene
ric\oberdiek\etexcmds.sty
Package: etexcmds 2016/05/16 v1.6 Avoid name clashes with e-TeX commands (HO)
Package etexcmds Info: Could not find \expanded.
(etexcmds)             That can mean that you are not using pdfTeX 1.50 or
(etexcmds)             that some package has redefined \expanded.
(etexcmds)             In the latter case, load this package earlier.
)))
Package epstopdf-base Info: Redefining graphics rule for `.eps' on input line 4
38.
Package grfext Info: Graphics extension search list:
(grfext)             [.png,.pdf,.jpg,.mps,.jpeg,.jbig2,.jb2,.PNG,.PDF,.JPG,.JPE
G,.JBIG2,.JB2,.eps]
(grfext)             \AppendGraphicsExtensions on input line 456.
) [1

{C:/Users/Rene/jDownloader/LatexPortable/MikTexPortable/texmfs/data/pdftex/conf
ig/pdftex.map}] (beispielx.aux) ) 
Here is how much of TeX's memory you used:
 2383 strings out of 495222
 34112 string characters out of 3179543
 85415 words of memory out of 3000000
 5668 multiletter control sequences out of 15000+200000
 3940 words of font info for 15 fonts, out of 3000000 for 9000
 14 hyphenation exceptions out of 8191
 39i,4n,25p,246b,111s stack positions out of 5000i,500n,10000p,200000b,50000s
<C:/Users/Rene/jDownloader/LatexPortable/MikTe
xPortable/texmfs/install/fonts/type1/public/amsfonts/cm/cmr10.pfb>
Output written on beispielx.pdf (1 page, 13212 bytes).
PDF statistics:
 10 PDF objects out of 1000 (max. 8388607)
 0 named destinations out of 1000 (max. 500000)
 1 words of extra memory for PDF output out of 10000 (max. 10000000)

